124
6
0 4
4 6
0 3
0 1
0 2
0 5
7
0 2
0 5
4 6
1 4
0 1
4 7
1 3
5
3 4
1 2
4 5
0 1
1 4
19
6 18
0 1
7 17
2 11
9 14
2 19
16 19
0 4
7 9
3 16
3 13
8 15
9 15
5 6
12 15
3 10
7 19
6 9
0 18
99
70 99
38 99
30 99
82 99
17 99
7 99
67 99
79 99
61 99
5 99
25 99
29 99
62 99
12 99
39 99
49 99
77 99
64 99
42 99
55 99
6 99
56 99
44 99
35 99
18 99
94 99
40 99
81 99
71 99
53 99
46 99
87 99
45 99
32 99
14 99
11 99
88 99
85 99
3 99
84 99
31 99
83 99
4 99
8 99
16 99
89 99
50 99
93 99
57 99
13 99
0 99
9 99
96 99
90 99
48 99
59 99
51 99
52 99
1 99
20 99
98 99
19 99
95 99
68 99
72 99
41 99
91 99
22 99
28 99
78 99
33 99
15 99
2 99
74 99
21 99
58 99
92 99
69 99
76 99
54 99
73 99
63 99
36 99
80 99
65 99
34 99
43 99
27 99
26 99
60 99
86 99
37 99
97 99
23 99
10 99
66 99
47 99
24 99
75 99
99
77 78
9 10
48 50
39 40
66 99
36 37
18 20
84 99
71 72
36 98
9 98
90 99
30 32
3 4
6 7
45 47
83 84
93 99
72 73
96 97
50 51
80 81
45 46
54 99
66 67
24 25
12 13
42 98
21 98
75 99
33 35
57 58
69 99
33 98
81 82
0 98
78 99
45 98
89 90
59 60
60 99
12 98
63 99
15 16
15 17
24 26
54 55
27 29
27 98
63 64
62 63
75 76
87 99
48 49
36 38
93 94
3 5
84 85
86 87
18 19
57 99
30 98
33 34
48 98
65 66
95 96
53 54
18 98
87 88
52 99
81 99
96 99
42 44
12 14
69 70
15 98
6 8
72 99
0 2
42 43
92 93
56 57
21 22
21 23
50 99
27 28
74 75
78 79
6 98
0 1
90 91
3 98
39 41
39 98
30 31
68 69
60 61
24 98
9 11
99
0 10
3 4
0 56
0 70
0 71
8 97
7 57
3 53
1 15
2 95
1 76
2 41
4 5
2 49
4 60
2 20
4 84
0 64
0 43
1 23
4 45
4 54
0 19
2 3
1 25
1 7
0 13
5 11
0 21
3 65
1 75
3 79
1 68
0 38
0 29
3 74
0 46
0 55
4 90
0 86
0 35
0 92
1 85
2 6
1 40
0 1
1 2
0 51
1 91
3 50
0 94
3 48
1 37
1 31
8 36
5 96
0 24
0 77
2 88
0 80
3 98
0 9
4 67
7 33
2 62
0 12
0 32
0 99
0 82
0 8
1 14
0 34
0 42
0 26
1 73
0 93
1 28
5 22
1 59
0 89
2 27
2 69
0 16
0 66
0 44
0 47
2 30
0 78
1 39
0 18
0 17
1 81
2 52
0 61
2 58
0 63
0 72
2 87
0 83
89
56 92
56 91
0 11
0 40
55 56
1 42
0 9
55 61
28 98
56 93
0 34
1 25
1 36
55 59
2 31
0 24
57 82
1 23
55 86
55 96
55 77
0 10
1 35
2 13
0 30
2 38
56 85
55 75
55 84
2 28
56 99
1 3
0 71
56 68
0 19
55 66
55 74
0 18
4 17
1 5
55 70
0 16
55 83
0 25
58 64
0 4
58 87
1 43
55 63
28 88
57 67
55 71
56 60
2 8
1 44
55 62
55 79
57 69
2 41
1 7
43 58
2 32
0 15
55 57
55 78
0 21
43 95
0 37
0 12
1 22
55 80
0 27
55 65
55 76
0 33
55 73
56 72
1 26
0 6
0 2
1 39
0 29
57 97
55 94
0 20
56 90
4 14
55 81
55 89
90
50 57
32 70
9 48
0 25
50 63
42 79
0 1
0 6
53 74
34 35
0 14
33 34
50 77
0 3
25 94
42 54
50 60
14 71
14 49
0 18
0 5
50 51
31 59
0 4
44 98
50 53
0 2
9 43
0 9
38 47
0 11
0 27
32 33
0 15
50 72
38 39
0 31
32 41
53 89
28 62
39 93
0 12
47 52
0 17
0 19
35 64
33 42
25 56
0 21
0 24
31 44
2 50
25 45
42 90
25 55
31 40
0 26
0 22
50 68
0 16
25 61
57 86
12 99
0 28
0 23
0 8
31 32
50 75
0 20
0 13
18 38
50 66
50 65
0 73
0 29
59 82
21 87
37 38
0 10
50 58
0 7
50 69
70 80
30 47
50 78
2 85
35 36
21 76
50 67
28 46
99
0 10
0 84
0 89
0 28
0 88
0 60
0 39
0 49
0 7
0 19
0 64
0 51
0 59
0 17
0 61
0 66
0 31
0 65
0 46
0 86
0 96
0 79
0 73
0 2
0 34
0 81
0 18
0 9
0 41
0 45
0 98
0 85
0 93
0 15
0 35
0 94
0 97
0 57
0 25
0 24
0 78
0 56
0 22
0 43
0 36
0 20
0 3
0 54
0 5
0 58
0 40
0 80
0 42
0 30
0 87
0 75
0 29
0 70
0 62
0 68
0 90
0 63
0 27
0 21
0 92
0 72
0 48
0 6
0 16
0 14
0 23
0 55
0 32
0 91
0 69
0 77
0 53
0 74
0 8
0 50
0 67
0 95
0 13
0 1
0 52
0 71
0 11
0 83
0 38
0 33
0 76
0 82
0 99
0 47
0 4
0 44
0 12
0 26
0 37
99
52 56
85 86
41 42
8 9
12 13
20 23
72 76
80 83
37 38
48 52
40 43
88 91
4 8
53 54
96 97
20 24
9 10
44 45
84 87
32 36
48 51
8 12
21 22
64 65
68 71
56 60
97 98
5 6
33 34
4 5
76 80
28 32
32 33
68 72
76 77
0 4
16 19
16 20
52 55
24 25
44 47
25 26
84 85
80 84
88 92
36 40
56 59
65 66
12 15
93 94
96 99
80 81
36 37
92 96
89 90
76 79
92 93
60 64
60 63
61 62
24 27
13 14
73 74
49 50
88 89
60 61
24 28
64 67
8 11
44 48
29 30
36 39
69 70
20 21
52 53
92 95
28 31
57 58
28 29
32 35
72 73
56 57
0 3
81 82
17 18
4 7
77 78
68 69
12 16
48 49
40 44
84 88
40 41
0 1
72 75
16 17
1 2
45 46
64 68
99
13 28
38 77
3 8
37 76
34 69
23 48
14 29
18 38
24 49
45 91
1 4
34 70
3 7
11 24
43 88
16 33
0 2
10 21
42 86
11 23
32 66
46 94
42 85
1 3
15 31
32 65
49 99
40 81
8 18
46 93
19 39
7 16
25 51
25 52
28 57
21 43
28 58
17 35
37 75
6 14
9 20
47 95
41 84
20 41
48 97
2 6
38 78
36 73
9 19
29 59
41 83
14 30
8 17
12 26
31 63
47 96
26 54
5 12
20 42
35 71
44 89
23 47
24 50
29 60
30 61
4 9
10 22
15 32
22 45
21 44
31 64
5 11
4 10
39 80
27 56
45 92
17 36
27 55
16 34
33 68
44 90
2 5
12 25
36 74
19 40
43 87
33 67
30 62
35 72
7 15
39 79
13 27
40 82
48 98
0 1
6 13
18 37
22 46
26 53
99
14 15
10 51
3 4
27 86
94 97
1 33
1 34
8 9
25 26
9 50
8 48
19 69
23 78
24 79
91 95
15 61
30 92
15 62
20 21
18 67
3 37
20 71
11 53
25 82
13 57
8 47
30 91
23 77
4 39
30 93
17 65
6 7
29 30
20 72
9 10
19 70
27 28
22 76
13 14
6 44
12 13
16 64
5 41
18 19
4 40
0 96
26 27
19 20
17 18
2 35
4 5
21 73
0 99
29 89
28 29
10 52
9 49
2 3
11 12
10 11
1 2
94 98
7 45
28 88
12 56
14 60
13 58
26 84
27 85
1 32
15 16
24 25
21 22
17 66
5 42
24 80
18 68
16 63
14 59
6 43
22 75
21 74
23 24
1 31
22 23
26 83
29 90
5 6
25 81
28 87
7 8
12 55
16 17
0 94
7 46
91 96
11 54
3 38
2 36
99
2 33
4 94
0 75
3 45
2 31
2 98
7 82
0 57
9 91
3 40
2 73
3 47
1 25
0 17
1 36
0 11
1 78
1 90
0 60
4 49
1 58
0 14
1 7
1 19
6 67
0 59
1 22
0 61
1 68
2 74
2 85
1 24
0 12
3 51
0 77
3 39
2 28
2 29
3 44
2 32
0 99
1 96
7 76
0 21
3 86
4 92
8 95
2 34
6 70
2 9
0 16
8 89
2 37
0 18
7 80
4 53
8 84
1 26
6 65
1 23
2 35
0 13
2 55
0 46
3 69
3 38
0 1
4 97
1 2
8 88
6 72
0 15
4 83
6 66
3 48
2 3
7 79
3 43
4 54
3 41
5 62
0 4
2 87
0 10
2 30
4 63
6 71
1 93
3 42
1 27
4 81
1 6
5 64
2 56
1 20
0 52
0 8
4 50
4 5
98
12 14
33 34
18 21
36 39
27 28
60 63
30 31
57 59
0 96
2 5
0 1
6 7
12 15
72 73
9 10
30 32
66 68
24 25
78 80
42 45
27 29
27 30
69 70
51 52
12 13
51 53
42 43
18 19
33 36
48 50
63 65
9 12
1 4
39 41
54 57
84 85
21 24
75 78
45 48
81 84
54 55
24 27
36 37
66 67
39 40
2 98
6 8
57 58
87 88
66 69
84 87
81 82
48 51
6 9
78 79
36 38
84 86
9 11
30 33
0 2
39 42
60 62
78 81
15 18
87 90
87 89
75 76
33 35
75 77
21 22
81 83
54 56
93 94
3 6
93 95
63 64
48 49
15 16
60 61
57 60
21 23
90 91
0 3
45 47
45 46
72 75
69 71
15 17
72 74
63 66
90 92
42 44
24 26
69 72
90 93
18 20
1 97
51 54
82
1 55
14 45
5 17
17 75
0 4
20 78
12 39
24 70
14 44
8 26
5 67
12 40
11 36
7 24
2 68
10 32
7 72
7 69
8 28
8 63
5 18
19 81
7 23
4 14
0 3
0 2
10 57
1 6
13 41
9 29
11 37
15 48
3 11
13 43
13 42
7 25
16 52
10 33
11 35
4 61
17 73
16 51
2 8
26 82
14 46
19 60
14 80
12 38
3 13
2 9
15 47
19 71
10 34
6 59
1 5
12 62
6 21
6 22
0 1
5 19
9 30
5 64
12 79
1 7
8 27
2 76
3 12
17 53
18 58
15 49
26 66
6 20
4 15
4 16
2 10
17 56
9 31
14 77
16 50
3 54
4 65
24 74
80
22 23
5 6
52 53
71 80
1 10
52 61
41 50
34 43
32 33
21 30
25 34
6 7
20 29
70 71
59 60
19 28
3 4
37 38
25 26
46 55
27 28
20 21
63 64
50 59
1 2
61 70
4 13
66 67
39 40
7 8
76 77
55 64
54 55
2 3
64 73
16 25
36 37
70 79
68 69
28 37
34 35
38 39
37 46
55 56
48 57
77 78
66 75
18 19
23 32
64 65
72 73
57 66
43 52
59 68
9 10
10 19
61 62
68 77
73 74
3 12
16 17
4 5
23 24
19 20
39 48
22 31
7 16
0 1
6 15
43 44
2 11
38 47
57 58
41 42
21 22
5 14
45 46
48 49
32 41
50 51
98
64 65
25 37
36 37
47 73
47 48
30 42
26 41
13 44
40 41
15 34
52 81
49 89
5 36
47 95
51 72
41 77
61 97
46 78
35 82
36 92
48 49
42 43
20 50
42 94
52 97
22 44
56 57
36 87
51 93
62 63
39 40
38 39
38 98
39 85
17 56
34 35
46 79
49 50
50 51
10 39
16 50
28 54
61 62
40 76
11 42
52 80
18 59
51 52
59 60
48 75
41 42
24 54
35 36
8 34
6 38
4 34
31 48
46 83
12 35
37 38
43 44
52 53
37 67
23 53
2 64
37 69
53 54
44 45
46 86
52 91
59 96
37 66
57 58
61 74
46 47
0 42
7 36
27 35
2 62
29 48
54 55
3 36
1 43
33 34
36 71
32 38
9 35
18 40
43 68
38 79
14 55
55 56
47 88
39 84
21 57
49 90
19 40
46 70
63
23 34
34 43
28 29
26 37
59 60
16 17
40 41
15 24
55 60
31 32
30 31
11 12
62 64
15 16
28 39
9 18
34 35
25 26
8 9
5 6
26 27
13 14
50 51
17 26
29 30
60 63
61 62
2 3
58 59
47 55
4 11
44 45
41 50
3 10
6 13
33 34
27 38
48 49
59 62
3 4
50 57
49 50
45 53
22 31
35 44
49 56
44 52
46 47
20 21
7 16
4 5
53 58
35 36
39 40
20 29
19 20
23 24
1 3
9 10
54 55
11 20
31 42
5 17
31
3 5
0 16
2 11
3 10
1 20
0 1
1 3
5 25
4 29
7 13
6 31
5 23
0 30
6 12
0 8
2 4
2 26
5 14
6 17
0 6
4 15
4 27
0 2
1 9
3 22
7 19
7 21
2 28
3 24
1 18
1 7
99
40 47
87 88
77 78
51 59
97 98
50 52
70 77
70 75
40 42
50 57
10 17
10 12
26 27
30 34
20 22
47 48
71 79
2 3
81 89
60 67
0 2
20 25
36 37
7 8
0 7
21 22
80 87
72 73
0 50
1 9
37 38
20 27
0 40
60 62
41 42
0 4
11 19
40 44
42 43
56 57
10 15
41 49
21 29
91 99
30 35
10 40
11 12
10 14
90 97
17 18
62 63
6 7
57 58
96 97
91 92
81 82
30 32
67 68
32 33
60 65
46 47
61 69
71 72
70 74
31 32
90 92
1 2
60 64
0 5
40 45
90 94
80 85
20 30
12 13
20 24
90 95
86 87
40 60
10 90
76 77
27 28
0 70
16 17
80 84
92 93
61 62
0 20
80 82
66 67
30 37
31 39
52 53
70 72
22 23
50 55
51 52
82 83
50 80
50 54
96
1 35
42 43
1 57
1 4
85 87
1 97
1 2
8 23
2 39
33 93
77 79
1 41
1 63
59 61
19 24
1 94
1 81
7 13
1 25
60 61
1 90
66 71
43 79
17 24
1 52
8 62
1 16
12 96
1 38
1 76
1 28
1 88
28 50
1 53
1 51
1 5
1 58
65 71
1 83
1 37
10 12
1 46
1 44
1 89
86 87
11 12
21 23
6 13
48 55
47 48
68 71
23 48
1 80
70 71
1 75
31 33
43 89
2 73
1 36
2 14
71 87
1 84
9 12
1 82
67 71
54 55
1 34
8 12
92 93
30 33
1 29
1 40
1 72
91 93
1 27
28 33
1 62
78 79
20 23
61 72
55 71
32 33
1 56
18 24
64 71
2 49
1 74
95 96
1 24
22 23
69 71
1 15
1 13
1 45
1 26
1 3
99
34 35
88 91
14 31
24 52
4 37
25 76
30 79
2 80
23 56
28 58
33 38
44 98
2 8
1 41
32 48
3 40
71 86
37 63
21 42
7 25
20 99
29 51
37 77
25 31
26 52
39 62
12 55
15 56
19 51
46 53
34 84
39 46
8 97
17 50
0 85
26 81
29 67
37 41
11 60
16 33
34 67
10 66
62 78
12 91
44 64
67 74
43 95
16 59
15 68
45 73
21 47
51 95
11 96
48 83
23 35
61 96
6 30
1 72
18 46
6 83
85 96
49 54
25 53
15 38
5 35
26 89
41 95
2 14
75 90
12 40
36 57
6 98
4 70
2 65
10 91
11 49
53 71
10 45
6 13
40 85
29 92
8 22
10 39
26 33
11 69
8 20
14 42
20 83
15 27
6 90
29 87
56 82
38 93
14 57
52 90
17 49
23 28
12 94
9 31
90
18 48
69 81
36 70
13 60
34 69
14 66
0 86
12 87
39 62
71 74
7 14
12 15
2 24
69 97
25 94
25 60
10 73
24 28
12 93
35 78
38 69
8 20
69 88
15 82
33 85
43 75
8 68
5 27
59 63
69 74
7 91
49 69
2 5
8 34
43 71
18 55
69 92
2 59
55 83
3 41
9 17
7 31
21 75
8 51
69 99
34 47
9 19
41 79
80 81
2 33
67 69
14 69
58 97
0 90
9 69
69 98
32 68
60 69
9 96
0 39
78 84
16 37
3 4
69 76
12 36
39 97
61 64
10 17
18 35
22 53
16 81
30 65
43 56
1 71
69 78
17 57
7 65
25 61
54 74
19 23
15 69
27 89
11 25
20 77
51 72
26 35
6 69
59 69
3 16
53 69
73
1 15
0 72
1 66
0 46
0 13
0 57
0 52
0 49
1 3
0 64
1 53
1 50
1 67
0 30
0 37
2 70
1 7
0 68
0 28
1 54
0 41
1 20
0 39
0 71
0 32
2 61
0 2
0 38
0 31
0 12
0 36
1 26
2 24
0 9
0 51
0 62
0 44
0 40
1 21
1 27
2 34
1 47
0 11
0 59
1 60
0 69
0 63
1 55
2 42
0 19
0 8
0 65
0 5
0 23
0 58
1 25
0 56
2 48
0 45
1 64
0 29
1 22
0 6
1 33
0 73
0 18
0 4
0 43
0 17
16 64
0 35
0 14
0 10
10
1 2
1 4
6 10
3 6
3 7
3 5
1 3
8 11
6 9
4 8
5
1 3
1 5
1 2
1 4
1 6
21
3 5
3 9
1 2
1 10
14 17
1 3
12 18
18 19
11 12
12 13
5 6
9 12
19 20
8 14
4 5
14 15
19 21
15 16
19 22
8 9
5 7
39
0 22
0 31
0 27
0 14
0 29
0 1
0 6
0 10
0 4
0 23
0 12
0 21
0 8
0 9
0 19
0 36
0 7
0 17
0 38
0 32
0 34
0 11
0 2
0 13
0 39
0 30
0 20
0 28
0 37
0 15
0 18
0 35
0 26
0 16
0 24
0 5
0 25
0 3
0 33
99
6 45
0 1
6 68
1 4
13 27
8 52
6 23
6 67
6 17
25 43
6 90
6 91
6 30
6 47
6 48
12 16
3 40
0 65
0 28
6 81
8 29
0 5
6 64
6 94
1 6
6 93
6 61
6 51
6 83
24 72
0 19
6 82
6 49
0 9
2 75
6 85
6 57
2 12
6 69
6 80
0 15
6 97
28 38
6 70
6 77
5 8
6 95
27 63
6 88
6 62
12 18
2 41
6 53
15 35
6 84
6 26
6 58
3 20
3 21
3 79
1 44
6 37
14 76
6 87
6 74
6 92
6 86
10 59
6 73
10 24
16 50
2 13
6 98
10 14
6 42
6 54
1 22
6 55
6 99
12 31
2 39
0 3
8 25
6 36
9 71
0 2
2 7
1 46
6 89
18 33
6 56
6 96
12 32
9 11
5 60
6 66
8 10
6 78
18 34
99
14 40
10 42
11 18
27 35
2 23
14 84
13 15
14 65
3 5
0 1
14 78
11 88
4 19
14 86
9 25
14 72
3 7
14 92
30 62
14 63
13 79
10 52
2 87
1 85
14 45
14 71
3 24
11 22
14 82
30 48
14 80
14 37
14 76
14 75
9 20
5 99
14 59
14 89
14 49
14 67
3 70
23 34
4 69
14 95
11 21
12 26
3 41
10 12
42 66
4 64
12 32
11 27
14 96
14 60
3 58
0 3
3 13
4 10
12 28
10 44
14 94
4 11
3 8
2 6
2 90
14 68
1 47
14 33
7 14
23 74
4 98
14 61
14 73
3 81
1 54
14 50
0 4
14 51
0 2
0 9
3 83
14 97
10 56
11 30
14 53
14 91
11 77
0 29
2 55
9 31
14 93
7 17
11 16
5 43
0 46
14 38
14 39
1 57
27 36
99
7 87
10 29
60 63
4 32
14 97
6 84
14 73
5 65
3 16
13 19
12 27
8 55
10 90
14 96
1 83
3 25
14 67
1 49
1 3
0 5
0 6
2 13
14 59
15 44
6 93
14 72
14 56
10 54
14 50
14 61
5 81
14 86
14 88
14 38
14 21
10 99
14 82
14 34
14 79
14 30
33 39
14 70
14 77
6 43
14 37
14 64
14 66
10 17
7 15
2 41
25 31
4 26
5 78
0 1
1 22
8 28
14 53
2 8
14 80
3 48
14 75
3 62
14 47
7 58
14 85
4 18
14 74
12 24
2 23
6 57
7 51
14 95
4 12
14 76
6 71
0 35
7 69
7 11
4 7
0 2
29 42
14 45
14 98
14 92
7 36
14 94
14 46
19 40
6 33
4 14
14 68
2 4
8 20
3 10
14 89
55 60
3 9
14 91
14 52
99
7 65
2 33
0 27
10 19
3 54
0 11
0 6
0 59
2 66
4 62
2 29
0 44
0 43
1 39
2 63
1 42
0 87
3 83
0 98
0 90
1 24
2 35
5 37
5 71
0 82
1 26
0 74
1 49
0 18
1 31
2 70
3 12
0 77
0 72
0 23
0 95
1 52
0 17
1 69
2 13
0 55
2 56
0 48
1 32
2 3
0 94
2 36
0 47
1 8
3 61
0 96
1 81
2 80
0 2
1 34
3 84
0 38
1 25
0 15
0 50
3 92
2 91
0 16
0 9
7 51
0 78
0 58
0 30
2 89
0 41
1 46
1 28
2 4
2 73
0 99
0 5
1 75
0 60
0 85
1 20
1 86
1 93
2 97
0 75
2 53
0 76
0 64
1 22
1 21
2 40
0 14
4 10
0 67
3 57
2 7
1 88
3 79
4 68
1 45
84
4 78
0 17
3 56
9 61
1 75
17 71
36 55
10 38
39 80
30 50
23 48
4 21
8 49
6 79
40 46
14 33
4 6
22 30
1 84
19 72
11 83
39 44
24 56
6 74
11 23
4 68
21 27
10 18
3 74
7 25
5 54
2 41
5 25
8 35
22 49
5 29
9 82
9 58
9 34
11 63
19 53
0 2
1 77
3 73
0 53
5 15
16 79
12 60
10 31
19 76
14 37
24 43
10 70
3 41
57 74
0 62
20 49
1 37
24 66
2 47
8 12
14 28
1 23
6 59
3 10
2 13
5 35
12 67
21 52
7 26
28 51
7 32
32 42
16 65
7 79
8 45
9 72
36 40
11 29
22 81
30 40
28 39
16 69
32 64
84
10 70
1 75
3 41
5 29
0 62
14 37
3 74
5 15
14 33
9 61
39 80
7 25
5 25
11 23
9 82
3 73
10 18
32 42
24 66
2 47
8 12
10 31
10 38
19 76
6 59
24 56
32 64
4 68
16 69
39 44
1 77
14 28
2 41
36 40
2 13
57 74
12 67
30 50
11 63
5 54
21 52
30 40
6 74
24 43
7 79
7 26
28 51
8 35
12 60
11 83
3 10
4 21
23 48
9 58
11 29
28 39
9 34
36 55
1 84
16 79
0 17
1 23
3 56
22 77
17 71
7 32
6 79
4 6
40 46
22 81
19 72
0 2
21 27
8 49
9 72
4 78
1 37
16 65
20 67
22 30
5 35
0 53
19 53
8 45
99
3 22
2 34
1 26
0 17
3 13
0 27
0 53
2 12
0 45
0 38
1 4
2 83
1 21
4 79
4 97
0 72
1 46
0 35
4 59
1 24
0 50
2 98
0 61
0 39
0 86
0 55
1 58
1 68
5 92
1 41
1 60
0 8
3 31
2 88
1 64
0 34
5 71
0 85
4 67
2 48
2 47
1 90
3 66
0 18
1 20
1 40
1 69
0 5
0 24
2 94
1 65
0 30
0 51
1 89
3 14
2 43
1 84
2 95
2 99
2 16
3 32
1 11
0 74
0 10
2 3
0 37
0 76
5 93
2 42
0 82
0 23
2 73
1 7
0 6
0 75
2 49
3 80
1 56
0 36
3 78
0 33
5 77
1 91
2 25
4 28
3 52
2 81
3 57
2 87
0 19
0 63
3 62
0 9
1 29
2 54
5 70
0 96
5 15
1 44
99
1 2
0 52
12 35
1 12
1 91
1 25
0 85
0 50
1 15
0 29
3 38
0 70
0 43
1 69
0 82
1 36
0 17
0 26
0 31
7 30
1 8
2 68
0 4
0 76
1 60
3 66
0 27
3 14
4 94
0 62
0 98
13 99
1 54
3 13
0 53
6 18
1 81
1 49
0 58
1 63
0 1
1 96
2 87
0 72
1 6
1 77
0 3
1 44
1 22
0 74
4 67
2 95
2 5
0 7
0 59
1 86
0 32
0 9
2 10
0 48
0 71
2 24
2 20
0 37
0 19
4 80
4 92
6 93
1 33
0 42
12 46
1 47
0 79
0 56
1 23
0 45
0 83
0 34
1 55
4 41
1 88
0 16
2 39
1 64
2 21
0 75
0 84
3 97
0 28
1 78
2 89
0 90
0 65
7 61
2 57
0 40
0 73
2 11
4 51
99
11 16
0 32
5 35
0 71
0 82
1 41
0 90
0 79
15 51
0 93
0 78
27 50
1 80
2 85
1 76
0 75
0 74
1 92
0 73
0 70
0 89
0 58
3 21
0 86
8 85
5 80
3 72
1 97
12 42
9 44
2 72
1 95
0 57
8 10
28 50
14 50
0 53
23 50
9 17
1 62
0 84
37 50
4 60
9 54
6 8
12 48
11 30
1 68
0 66
31 51
33 51
45 51
40 46
39 51
0 92
49 50
22 50
0 61
0 63
19 51
20 51
18 51
0 64
2 71
12 83
36 50
0 88
2 60
0 87
0 56
24 40
0 54
0 65
3 34
47 51
2 59
0 67
0 69
1 96
7 51
0 91
5 26
1 99
0 81
0 98
40 57
2 43
0 52
0 55
25 51
29 50
1 83
4 38
0 51
4 50
0 94
11 75
0 77
13 51
63
1 5
0 62
0 18
0 28
0 36
1 2
0 42
1 50
0 56
0 41
0 31
1 3
1 13
0 26
0 47
0 20
1 8
1 16
0 23
0 44
0 33
0 49
0 38
0 53
0 29
1 15
0 25
0 22
0 24
0 32
1 6
0 21
0 39
0 60
1 14
0 55
1 9
0 59
0 61
1 10
0 51
0 19
0 50
0 37
0 27
0 52
0 34
0 43
0 30
0 46
0 63
1 4
0 40
0 57
1 12
1 7
0 45
1 11
0 17
0 58
0 48
0 35
0 54
39
0 14
2 9
0 37
0 26
0 5
0 13
0 39
0 28
0 34
0 29
0 15
0 2
0 10
0 21
0 36
0 31
0 12
0 23
0 18
0 4
0 20
0 7
0 24
0 3
0 1
0 11
0 32
0 33
0 27
0 8
2 35
0 19
0 6
0 30
0 17
0 25
0 38
0 16
0 22
99
14 30
16 34
13 27
18 37
14 53
31 64
31 77
10 21
26 67
23 94
14 29
2 58
17 35
13 59
3 83
8 18
9 19
30 61
30 93
4 9
7 16
32 65
9 51
5 80
9 20
4 72
23 48
41 84
14 87
12 75
31 86
34 95
15 31
3 55
10 91
18 38
24 74
23 98
20 42
28 57
11 23
21 43
5 12
2 6
50 73
12 25
19 40
1 89
10 99
22 46
13 28
11 24
22 96
2 5
0 2
0 71
32 66
22 45
11 52
29 60
41 92
50 88
6 14
8 17
23 47
1 3
10 97
0 1
15 82
23 70
6 13
31 63
15 32
12 85
5 62
20 69
17 36
4 10
8 81
16 33
7 15
20 56
24 49
1 4
31 90
28 78
20 41
3 7
12 26
3 8
12 79
21 68
24 50
30 76
5 11
19 39
21 44
11 54
10 22
99
0 46
12 47
0 49
3 6
4 67
10 34
7 18
3 5
12 39
0 12
4 9
4 48
3 95
1 62
2 79
0 74
10 71
5 13
10 83
1 61
9 75
7 92
0 10
16 52
0 96
6 37
5 85
0 2
2 91
3 21
7 20
31 97
2 24
6 16
2 54
0 41
7 94
0 4
0 89
10 31
5 19
1 45
0 55
2 26
22 66
31 99
3 68
20 65
0 50
3 25
10 56
20 76
10 32
1 58
6 63
6 35
0 72
4 8
8 23
10 33
4 81
0 1
17 57
6 14
3 93
7 22
10 87
0 15
23 73
9 38
16 53
1 11
7 64
10 40
30 88
9 86
3 44
8 90
19 59
1 17
6 78
0 3
10 30
17 84
8 60
2 42
3 98
8 27
2 29
7 80
4 7
0 43
2 70
22 69
7 51
0 82
2 77
12 36
4 28
99
0 3
2 8
16 40
5 90
25 72
34 97
5 83
9 24
13 38
6 16
26 71
2 50
2 7
5 88
16 45
2 60
4 12
10 25
1 42
4 74
1 43
2 49
34 99
4 78
14 34
2 57
22 63
31 87
1 4
2 64
5 13
34 91
8 23
2 51
10 28
0 2
7 20
7 21
4 10
1 37
2 62
2 66
0 1
13 32
10 27
2 58
4 69
4 76
13 33
1 39
6 18
31 84
25 75
1 48
25 73
1 5
12 29
2 9
5 92
5 96
16 47
2 52
1 6
34 94
13 31
2 53
6 17
5 15
4 11
4 79
5 89
4 68
14 35
1 46
5 85
14 36
2 56
4 70
25 67
4 81
31 82
2 61
4 80
10 26
4 77
16 41
12 30
31 86
34 93
8 22
2 59
7 19
1 44
5 98
2 65
19 54
2 55
34 95
5 14
88
0 70
43 44
30 44
5 44
0 77
0 69
42 44
17 44
19 44
0 61
12 44
18 44
36 44
0 74
0 52
0 55
0 80
20 44
25 44
2 44
34 44
0 78
0 84
0 46
9 44
35 44
41 44
0 66
0 49
33 44
10 44
0 45
0 71
0 85
29 44
38 44
0 88
24 44
7 44
0 59
0 79
37 44
39 44
23 44
0 60
0 67
14 44
0 81
21 44
0 63
0 75
1 44
22 44
0 56
0 86
0 82
0 64
4 44
6 44
11 44
0 73
0 53
3 44
16 44
13 44
0 48
0 57
0 76
0 54
0 68
0 72
27 44
0 44
32 44
0 51
31 44
0 50
26 44
0 87
28 44
0 62
8 44
40 44
15 44
0 83
0 58
0 65
0 47
99
13 50
20 57
0 8
0 26
0 85
23 60
0 75
0 80
19 56
0 90
0 16
0 11
4 41
0 88
0 37
36 73
0 98
26 63
0 74
0 96
0 29
0 10
27 64
0 83
0 93
0 19
0 18
2 39
0 24
0 5
0 76
6 43
30 67
9 46
33 70
34 71
0 35
0 82
17 54
0 94
0 30
0 27
32 69
11 48
0 12
0 91
0 17
21 58
0 32
0 20
0 81
0 79
8 45
14 51
0 84
0 89
0 99
0 78
0 33
31 68
7 44
0 15
0 97
0 23
0 25
0 4
0 28
0 87
0 77
28 65
0 34
16 53
5 42
25 62
24 61
35 72
0 6
12 49
29 66
0 7
1 38
18 55
0 14
0 2
0 1
0 92
0 21
0 86
0 13
0 31
0 22
0 36
22 59
15 52
3 40
0 9
10 47
0 3
0 95
98
66 89
66 96
0 13
66 92
66 90
66 73
0 3
33 61
33 58
33 49
0 10
66 78
66 83
66 74
66 94
33 45
0 1
0 18
66 87
66 91
66 75
66 67
66 97
66 71
66 69
35 72
66 95
33 55
66 79
33 40
66 80
0 17
33 47
0 16
33 43
33 60
0 9
1 35
66 70
33 34
0 20
66 76
66 77
33 62
0 5
0 12
33 54
33 38
66 85
66 81
33 59
0 21
33 51
0 7
33 53
0 22
66 86
66 82
33 64
33 37
33 57
33 50
33 41
0 26
33 44
33 52
0 31
33 36
0 27
33 48
0 30
0 4
0 15
0 19
0 23
33 56
0 24
0 11
66 68
66 88
33 63
66 98
0 8
66 72
33 35
0 25
33 39
0 28
33 46
0 6
33 65
0 32
0 29
66 93
66 84
0 2
0 14
33 42
99
0 57
0 4
0 46
0 33
0 56
0 64
0 93
0 73
0 62
0 14
0 24
0 90
0 19
0 67
0 74
0 5
0 50
0 70
0 89
0 97
0 8
0 45
0 63
0 38
0 86
0 17
0 52
0 11
0 79
0 80
0 58
0 76
0 95
0 41
0 30
0 61
0 96
0 54
0 44
0 65
0 87
0 7
0 35
0 99
0 22
0 43
0 88
0 32
0 98
0 27
0 53
0 49
0 16
0 2
0 91
0 13
0 60
0 68
0 42
0 82
0 39
0 28
0 10
0 94
0 23
0 3
0 78
0 18
0 20
0 72
0 9
0 66
0 85
0 6
0 59
0 34
0 21
0 29
0 84
0 51
0 75
0 25
0 69
0 15
0 40
0 55
0 37
0 81
0 26
0 1
0 83
0 77
0 47
0 48
0 71
0 92
0 12
0 36
0 31
83
42 72
42 70
0 6
42 83
0 19
0 14
0 3
0 8
42 68
0 1
42 80
0 21
42 45
42 55
42 65
0 35
0 37
42 77
42 49
0 9
42 79
42 58
42 76
42 56
0 2
42 67
0 28
0 30
0 25
42 44
0 18
0 20
42 54
42 43
42 52
42 64
0 13
42 78
42 63
0 11
0 5
0 31
0 38
42 66
42 60
42 57
0 36
0 23
42 75
0 4
42 53
0 41
42 73
42 71
42 62
0 10
42 51
0 12
0 26
0 24
0 22
42 69
42 47
0 39
0 17
42 82
0 16
42 74
0 7
42 59
0 42
0 40
42 61
0 15
42 50
0 29
0 34
42 81
0 33
42 48
42 46
0 27
0 32
99
10 11
0 71
93 94
30 31
52 54
54 55
45 46
82 84
0 62
40 42
0 65
87 88
42 43
64 66
97 99
0 23
15 16
10 12
81 82
72 73
94 96
0 53
16 17
0 83
88 89
21 22
52 53
40 41
3 4
0 92
0 89
66 67
4 6
88 90
24 25
82 83
90 91
0 44
58 60
0 20
39 40
0 29
4 5
69 70
64 65
16 18
18 19
9 10
27 28
0 14
0 80
0 2
33 34
28 30
0 1
0 8
0 47
0 86
0 95
36 37
0 98
0 59
28 29
96 97
0 77
12 13
58 59
60 61
0 41
51 52
75 76
22 23
57 58
0 26
76 78
34 36
0 56
0 74
34 35
0 17
0 38
0 11
76 77
46 48
46 47
22 24
6 7
70 72
0 32
84 85
0 35
0 5
0 68
70 71
0 50
63 64
78 79
48 49
94 95
99
7 32
8 82
13 73
9 12
2 58
0 16
20 39
0 85
8 51
4 18
16 55
6 57
5 24
6 10
6 31
29 86
28 46
5 49
4 25
5 79
9 92
6 38
11 27
11 63
26 94
2 65
10 88
11 77
6 91
14 76
2 91
0 42
8 36
11 78
14 70
20 35
0 69
3 84
3 12
16 26
10 40
7 90
16 95
3 96
44 65
7 52
46 48
4 68
0 34
3 22
3 59
2 90
7 83
3 61
3 43
1 33
0 30
4 47
4 87
0 89
0 87
13 20
5 72
1 21
5 69
5 62
5 54
0 17
9 97
3 67
3 56
6 98
7 50
3 37
2 74
26 66
2 14
1 29
1 8
0 41
11 75
3 15
2 71
2 93
0 80
6 11
0 23
0 64
1 15
9 60
29 45
2 8
5 81
4 46
6 13
0 65
5 99
1 53
10 19
99
5 37
12 99
1 16
0 91
9 26
7 27
3 94
9 93
0 29
18 56
9 42
3 44
9 84
6 79
1 90
4 54
0 98
43 57
1 11
4 33
2 58
5 34
4 92
0 90
0 74
3 89
6 71
31 46
4 68
1 7
2 69
1 22
5 73
31 43
2 53
1 67
5 17
1 87
1 9
1 47
0 19
0 99
2 76
5 64
16 48
0 53
17 70
3 92
6 38
1 21
5 6
18 60
3 97
5 82
3 39
3 15
9 88
35 95
0 80
3 11
0 20
7 72
5 86
8 81
0 62
4 66
8 75
7 85
2 96
2 32
1 13
14 16
5 18
17 55
4 63
7 41
35 51
4 82
6 25
0 61
3 49
1 28
31 45
2 30
2 50
17 31
3 78
4 40
1 24
23 43
5 8
4 10
2 59
1 83
6 36
0 35
3 77
5 52
2 65
99
4 52
4 33
0 11
10 77
1 78
1 87
7 64
5 7
12 72
1 55
14 16
3 13
2 27
0 22
9 90
8 85
1 71
3 80
3 59
3 89
7 84
3 60
8 73
0 14
11 17
22 30
2 70
0 3
6 12
1 47
6 45
7 44
0 94
9 86
1 21
5 93
15 81
1 28
4 69
2 4
1 75
8 68
2 54
6 15
10 25
28 36
2 9
0 9
9 41
1 42
15 37
12 79
1 91
14 63
0 24
3 65
1 99
3 88
2 98
15 56
1 97
5 67
1 58
0 8
0 19
3 40
8 51
11 53
22 83
2 76
27 39
0 29
4 18
3 57
3 15
1 35
5 10
8 49
9 66
5 62
2 34
4 23
2 92
14 61
4 82
3 38
6 31
3 5
3 43
11 50
7 46
4 96
0 26
10 95
28 74
0 42
7 48
10 32
5 20
62
0 3
0 50
0 58
0 41
0 2
0 37
0 17
0 33
0 26
0 29
0 13
0 12
0 22
0 9
0 30
0 10
0 25
0 6
0 21
0 49
0 20
0 4
0 14
0 7
0 8
0 59
0 16
0 56
0 51
0 45
0 43
0 34
0 44
0 40
0 42
0 5
0 60
0 55
0 1
0 61
0 52
0 18
0 32
0 47
0 38
0 57
0 46
0 53
0 36
0 54
0 39
0 24
0 19
0 27
0 15
0 11
0 48
0 35
0 62
0 28
0 23
0 31
99
82 93
64 75
6 7
86 96
6 17
12 22
70 80
38 49
50 60
32 42
56 66
58 69
84 95
66 76
34 45
78 88
42 53
82 92
44 54
32 43
0 1
38 48
3 4
22 33
80 91
36 46
84 94
88 99
1 12
68 78
18 29
14 24
12 23
70 81
52 62
60 70
8 9
24 34
64 74
26 37
46 56
18 28
10 20
0 10
36 47
50 61
74 84
26 36
20 31
54 64
0 11
62 72
78 89
86 97
42 52
5 6
16 27
16 26
62 73
4 5
28 38
44 55
3 14
10 21
22 32
1 2
54 65
48 58
72 83
52 63
88 98
76 87
58 68
14 25
46 57
40 50
28 39
56 67
2 3
20 30
66 77
74 85
72 82
76 86
7 18
30 40
4 15
7 8
68 79
8 19
60 71
24 35
2 13
34 44
80 90
48 59
5 16
30 41
40 51
99
1 12
8 99
0 50
1 56
1 20
5 55
3 37
5 70
4 59
8 32
4 96
11 86
14 69
1 36
0 75
5 64
4 92
2 87
0 45
7 28
2 42
0 14
0 22
4 44
1 38
4 9
5 54
4 58
8 13
2 48
2 19
2 62
7 73
4 81
1 35
4 84
5 31
4 27
0 1
29 90
2 60
0 23
19 91
19 85
0 95
2 94
5 89
0 76
2 77
4 29
2 97
4 6
4 53
1 18
0 34
3 33
3 30
1 68
0 57
2 26
5 66
1 71
6 78
2 25
0 16
5 79
6 11
17 67
0 39
10 63
0 49
11 24
3 21
0 98
4 10
0 47
0 74
3 34
4 52
1 93
6 43
0 7
3 92
3 40
3 83
0 8
29 80
0 41
0 19
3 46
3 51
4 17
1 72
14 61
0 5
10 82
0 65
15 19
0 88
99
0 33
0 85
2 21
1 67
8 99
1 35
0 87
1 80
0 54
0 48
1 61
8 53
0 40
0 76
1 28
0 81
1 98
1 68
3 49
8 58
0 86
3 73
3 55
1 94
2 59
0 69
3 45
0 63
5 38
5 90
3 70
7 32
0 65
0 77
2 57
2 95
0 79
2 10
0 75
37 72
1 8
0 4
0 23
0 13
4 83
0 15
0 52
0 88
1 91
0 30
1 43
0 17
1 34
0 41
0 46
1 50
1 2
3 71
4 18
0 84
1 47
1 42
0 78
1 4
0 14
1 92
1 60
0 5
7 44
1 20
1 62
0 6
2 11
1 22
1 12
3 96
3 26
3 93
0 27
1 24
36 37
1 82
1 64
3 60
3 56
1 74
0 31
1 16
1 9
0 7
5 89
2 19
0 66
0 97
2 29
0 51
2 39
0 25
2 37
99
5 70
1 28
11 38
3 58
1 80
0 63
0 13
0 51
1 98
5 35
6 19
7 22
2 49
0 93
2 87
0 17
1 88
3 73
0 36
2 6
3 32
1 15
8 9
1 47
0 65
0 75
0 16
0 55
3 50
5 77
7 52
0 34
5 41
6 44
6 95
1 57
8 64
0 62
0 85
6 23
6 39
12 61
10 82
6 30
8 72
1 69
8 68
7 27
0 45
0 89
1 79
6 59
0 14
0 53
1 48
12 66
0 84
1 87
12 60
4 83
0 86
0 40
2 7
0 78
2 18
2 4
7 29
3 10
1 38
0 31
3 42
0 96
1 81
4 37
0 9
3 12
5 46
1 21
1 56
2 71
3 91
1 89
4 67
2 74
2 5
8 94
4 90
3 99
1 33
1 43
0 54
2 20
3 25
10 76
4 97
12 24
1 3
2 92
0 26
99
64 78
0 12
55 56
0 29
55 99
0 11
0 30
0 9
0 99
0 35
64 81
0 17
46 99
0 22
46 47
64 87
64 93
0 10
43 44
64 76
36 37
0 34
37 99
64 73
64 86
65 97
43 99
0 8
0 24
64 74
49 50
0 20
64 75
0 25
52 53
0 13
0 18
64 84
64 88
0 26
64 69
61 62
64 89
64 72
0 2
0 6
64 71
0 31
64 77
64 82
60 61
61 99
0 19
0 7
64 70
0 16
42 43
64 83
45 46
64 67
58 59
64 90
49 99
64 80
63 64
57 58
0 5
64 92
0 15
37 38
0 21
0 33
39 40
0 14
65 96
0 3
0 28
52 99
64 65
65 95
64 91
0 27
40 41
58 99
48 49
64 85
0 4
64 68
64 79
64 94
0 1
51 52
64 99
54 55
64 66
0 32
65 98
40 99
0 23
93
82 83
76 77
63 64
0 47
0 33
0 12
0 8
0 50
0 31
0 39
0 35
0 54
67 68
0 56
0 51
64 65
0 7
0 43
0 27
0 29
0 37
61 91
0 61
0 52
91 92
78 79
0 53
64 91
0 57
67 91
81 82
0 20
0 16
0 1
72 73
0 25
0 11
0 13
0 5
0 15
79 80
0 30
0 28
0 24
0 60
70 91
0 9
0 42
0 10
0 46
76 93
0 40
0 26
84 85
0 44
0 21
0 48
0 4
0 45
0 49
73 91
88 93
85 93
0 59
0 18
69 70
0 17
66 67
0 38
0 34
0 36
79 93
0 32
75 91
0 23
0 19
0 58
0 14
0 3
85 86
70 71
73 74
0 6
75 76
90 93
0 55
0 2
61 62
82 93
0 41
0 22
88 89
87 88
99
3 95
0 63
0 98
0 67
0 53
4 87
3 26
1 86
4 19
4 90
4 43
3 99
0 28
3 97
4 70
3 21
4 31
0 44
1 92
1 22
0 40
2 64
1 50
1 27
4 66
4 76
1 29
3 61
3 55
4 52
2 12
2 48
2 24
0 45
2 30
4 79
1 20
2 25
2 65
0 33
0 38
1 18
2 16
0 37
1 69
2 54
0 15
4 71
0 36
0 51
2 17
3 14
0 13
0 49
0 4
2 46
1 3
1 57
3 73
1 85
1 78
1 68
2 23
2 47
3 91
4 80
1 5
2 81
2 74
2 59
3 11
1 56
3 77
2 96
1 58
1 4
3 32
2 84
4 72
3 39
3 6
1 82
0 75
3 88
1 2
3 34
1 35
4 9
2 83
0 60
1 8
1 62
1 10
3 42
4 94
3 41
4 93
3 7
4 89
99
8 34
3 32
9 81
3 24
5 14
2 88
2 35
8 69
5 38
9 99
8 51
5 67
2 93
3 19
1 36
2 29
6 9
3 47
1 59
1 82
2 8
3 26
8 39
0 58
4 18
8 73
0 50
3 48
7 33
1 89
2 80
0 86
1 90
9 84
8 63
2 23
2 12
7 49
2 91
7 41
2 54
8 95
1 22
0 96
6 21
7 79
9 66
5 78
1 8
2 57
3 30
1 4
1 60
3 5
0 4
7 72
3 56
0 7
3 52
3 44
8 13
3 97
2 3
7 87
1 98
8 74
8 37
7 45
7 68
3 10
6 27
3 55
0 65
2 94
2 85
2 62
4 25
0 75
0 64
2 70
0 6
7 92
0 61
6 53
6 46
3 42
5 11
1 15
9 77
9 17
4 16
3 83
8 76
8 28
1 43
8 71
0 40
0 31
0 20
99
12 91
4 42
0 14
9 83
8 53
14 22
6 41
11 99
4 95
5 15
7 25
6 30
11 76
5 44
4 78
5 98
4 39
7 81
14 72
11 90
1 7
7 63
3 52
1 59
4 16
7 89
3 14
9 13
11 12
5 87
4 31
4 77
6 12
0 4
8 49
11 75
14 35
12 37
9 18
14 84
9 28
13 56
12 70
1 43
7 68
14 93
2 34
6 38
3 54
14 55
2 96
0 17
4 29
2 86
7 40
2 82
4 79
5 51
8 45
0 88
8 46
5 64
2 10
5 73
5 10
3 23
0 33
3 65
9 10
6 58
2 85
10 12
9 14
3 32
6 50
9 80
8 10
9 62
6 20
0 69
10 60
14 67
11 57
10 92
1 14
12 19
7 74
5 61
6 97
12 27
3 21
10 71
13 94
11 26
8 47
13 24
8 48
2 36
8 66
99
21 22
34 87
46 91
48 49
40 89
24 25
52 53
7 8
7 78
12 13
4 5
34 35
25 84
50 51
40 41
17 18
61 96
38 39
39 40
53 54
61 62
5 6
35 36
67 68
31 32
70 99
64 97
27 28
36 37
1 75
44 45
52 93
16 17
49 92
33 34
45 46
56 57
0 75
22 83
1 2
1 76
28 85
71 72
49 50
14 15
43 90
32 33
22 23
4 77
18 19
65 66
20 21
30 31
58 95
23 24
41 42
0 74
10 11
28 29
69 70
58 59
19 20
37 38
46 47
59 60
62 63
2 3
11 12
55 94
51 52
63 64
13 14
3 4
42 43
37 88
29 30
66 67
31 86
60 61
47 48
43 44
16 81
57 58
55 56
64 65
19 82
68 69
15 16
54 55
13 80
9 10
10 79
8 9
26 27
25 26
0 73
6 7
67 98
70 71
99
0 97
0 73
0 6
0 43
0 19
0 94
0 55
0 31
0 14
0 85
0 63
0 93
0 51
0 84
0 4
0 37
0 83
0 71
0 22
0 36
0 12
0 92
0 72
0 86
0 81
0 26
0 54
0 44
0 20
0 34
0 15
0 89
0 33
0 47
0 9
0 66
0 23
0 62
0 42
0 24
0 87
0 56
0 41
0 98
0 17
0 74
0 3
0 64
0 7
0 49
0 69
0 95
0 39
0 77
0 99
0 67
0 96
0 30
0 38
0 53
0 75
0 18
0 61
0 5
0 28
0 82
0 29
0 70
0 8
0 27
0 46
0 16
0 59
0 50
0 48
0 80
0 60
0 78
0 2
0 68
0 25
0 90
0 58
0 88
0 10
0 32
0 40
0 1
0 65
0 45
0 91
0 13
0 52
0 79
0 57
0 76
0 35
0 11
0 21
99
1 60
3 51
0 99
2 56
0 59
5 82
0 22
1 4
1 44
1 73
1 15
1 9
0 7
0 98
0 32
13 88
1 19
1 69
2 41
0 39
0 23
0 77
3 64
2 97
1 85
0 83
0 68
0 30
2 96
0 18
2 34
5 66
2 16
0 10
0 90
3 52
1 49
1 86
0 47
0 72
2 13
0 61
4 21
0 1
13 58
0 43
0 29
0 11
4 45
0 93
0 35
3 27
1 20
1 28
0 57
3 94
0 17
0 25
2 81
1 84
4 5
0 62
0 67
0 79
0 89
0 70
1 26
2 53
1 8
2 95
0 2
1 80
3 55
3 14
0 75
1 54
0 46
0 37
0 24
4 78
2 74
0 92
0 50
0 31
0 33
1 91
0 12
3 36
0 42
0 40
2 71
0 63
0 48
2 6
0 76
2 87
1 38
5 65
0 3
9
7 8
1 9
1 2
3 6
0 6
3 4
0 9
0 7
1 5
21
3 6
4 7
6 11
4 18
6 19
1 15
2 4
0 11
8 9
5 17
8 14
2 9
5 7
1 16
1 10
5 12
4 21
0 13
19 20
2 15
0 16
99
83 91
62 66
41 52
83 95
62 64
21 40
83 99
83 97
0 11
0 2
0 13
0 15
62 68
40 41
20 32
62 74
83 90
20 28
83 88
20 30
0 1
83 87
41 54
41 59
83 98
83 85
20 36
20 34
0 3
83 96
0 8
82 83
41 47
62 67
0 17
41 43
62 72
61 62
62 63
62 70
62 81
83 94
20 24
63 82
0 19
41 45
20 22
20 38
0 9
83 92
62 79
20 26
0 5
83 84
0 7
20 35
0 10
62 65
83 86
41 58
62 71
0 14
41 46
20 25
41 42
0 16
20 29
0 12
20 31
41 44
41 57
20 23
0 6
62 69
20 27
20 37
42 61
0 18
41 55
41 49
62 77
62 75
41 53
0 4
41 60
41 51
19 20
20 21
20 39
62 73
41 48
41 56
41 50
62 76
83 89
62 80
20 33
83 93
62 78
90
41 51
41 50
71 83
29 38
2 5
26 33
50 60
50 61
39 49
62 73
52 62
9 13
35 44
11 16
77 89
36 44
43 53
13 19
66 78
16 23
60 71
71 84
20 27
45 54
9 14
6 9
67 79
69 81
54 64
60 72
75 87
44 54
62 74
28 35
69 82
73 86
65 77
13 18
67 80
2 4
48 58
56 67
58 70
35 43
7 11
26 34
56 68
4 8
46 57
73 85
11 17
27 35
48 59
77 90
55 65
78 91
24 31
24 32
4 7
3 5
64 76
39 48
54 65
33 42
31 39
18 24
37 46
52 63
10 14
43 52
58 69
18 25
1 2
66 77
29 37
14 20
7 12
75 88
31 40
22 29
21 27
22 30
20 26
15 20
33 41
64 75
16 22
46 56
37 47
5 9
97
24 28
61 67
86 94
51 57
19 23
57 64
15 18
63 70
30 35
80 87
15 19
25 30
76 83
61 68
60 66
79 86
70 77
28 32
58 64
18 22
42 47
39 45
83 91
59 65
69 76
5 7
7 10
37 42
45 51
16 20
11 14
55 61
4 6
54 60
1 3
21 25
27 31
14 17
28 33
77 84
26 30
43 49
64 71
38 43
56 63
81 88
88 96
27 32
7 9
57 63
13 16
40 45
82 90
73 80
6 9
66 73
46 52
48 54
9 12
85 93
81 89
53 59
79 87
90 98
75 82
89 97
43 48
16 19
34 39
84 92
87 95
72 79
42 48
22 26
6 8
77 85
1 2
59 66
50 56
12 15
14 18
39 44
80 88
41 46
56 62
25 29
76 84
26 31
32 37
31 36
40 46
35 40
60 67
82 89
67 74
2 4
78 85
23
1 2
17 22
4 13
13 17
8 11
15 19
2 6
10 15
10 14
2 3
3 7
6 10
17 21
3 4
2 5
8 12
3 8
15 18
15 20
6 9
19 23
13 24
4 16
98
1 18
7 60
6 92
1 69
3 26
1 33
2 94
3 27
2 3
1 95
8 51
1 91
5 31
1 17
1 68
2 55
3 96
1 71
3 42
6 7
8 77
5 28
4 29
3 63
3 59
2 48
2 14
2 46
5 76
5 6
5 19
3 37
2 53
16 86
3 20
3 13
1 83
2 40
2 93
2 89
1 78
4 73
1 9
2 23
1 67
5 25
4 99
1 2
15 16
10 41
1 38
7 52
2 64
1 8
3 11
3 66
2 30
2 81
1 62
2 79
3 61
2 36
4 74
1 85
10 35
5 21
2 45
2 56
4 97
1 4
4 5
1 32
2 98
2 10
5 16
1 87
2 75
1 12
2 82
2 72
2 24
4 49
5 90
3 88
3 44
1 22
1 34
3 43
5 70
4 84
4 39
4 54
6 80
1 47
5 65
2 58
3 57
2 50
80
6 60
2 47
1 37
5 68
3 33
1 21
1 73
5 37
4 49
8 18
5 35
4 76
6 16
4 14
3 75
4 67
6 33
3 66
6 26
1 64
9 33
1 71
7 70
4 58
7 55
2 52
7 27
2 20
4 40
3 53
2 29
5 25
7 79
3 39
5 45
2 22
6 69
4 22
1 55
3 23
2 11
3 13
4 34
4 54
3 30
4 24
2 32
2 42
3 63
5 15
7 17
1 41
5 50
1 31
3 11
3 43
1 28
5 77
2 62
8 80
1 11
8 26
1 51
6 36
2 72
2 65
1 19
2 38
1 46
2 56
6 78
3 57
1 10
1 81
2 12
5 59
1 61
3 48
2 74
4 44
99
1 58
0 12
0 3
0 27
0 29
1 83
1 53
0 45
0 14
1 70
0 10
0 31
1 92
0 19
0 49
0 30
0 26
1 82
0 23
1 57
0 16
1 66
0 1
0 42
1 86
1 81
0 46
0 33
0 20
1 77
0 18
0 35
1 51
1 65
1 61
0 8
1 90
1 71
0 4
1 60
0 5
0 17
0 50
0 39
1 85
1 96
1 55
0 43
0 32
0 2
0 34
1 67
1 73
1 64
0 47
0 36
0 24
1 84
0 38
1 87
0 9
1 54
1 99
1 89
0 44
0 40
1 79
1 52
1 75
1 98
0 28
1 72
0 21
1 69
1 63
1 59
1 56
1 95
0 41
0 6
1 88
0 7
1 68
0 25
1 78
1 74
0 15
1 76
0 48
0 11
0 22
1 91
0 13
1 93
1 97
1 80
1 94
0 37
1 62
99
0 2
0 56
2 49
0 61
0 30
2 80
0 22
0 60
0 48
0 10
3 36
0 15
3 94
1 40
0 8
2 43
0 78
0 23
7 17
0 83
1 77
1 90
0 74
0 4
0 82
0 75
1 37
1 26
1 47
0 76
2 65
0 67
0 31
0 84
0 27
4 32
3 53
0 64
3 45
0 79
1 85
0 70
1 9
1 71
3 41
3 81
1 55
4 33
1 3
2 91
3 63
1 44
4 51
1 5
1 16
3 89
0 54
0 96
1 28
1 62
1 39
0 37
0 42
7 69
7 58
0 24
1 69
1 72
7 19
1 18
1 11
0 46
1 20
3 35
0 13
1 38
0 50
3 87
0 97
2 21
0 29
4 34
2 98
0 93
2 25
1 92
3 66
6 69
3 95
2 86
4 99
0 73
2 57
1 68
0 59
1 88
0 12
2 14
0 52
80
0 65
1 64
0 3
0 31
0 5
1 58
1 60
1 4
0 30
0 38
0 40
0 51
3 47
0 23
0 28
1 36
0 41
0 57
1 56
2 50
0 70
0 45
0 39
0 55
0 20
0 17
1 9
1 25
3 80
1 74
0 33
2 52
2 14
3 15
1 73
0 78
1 22
0 76
1 72
2 66
0 62
2 54
0 44
0 11
2 32
2 61
0 46
1 49
2 67
0 27
0 1
0 29
2 21
2 24
0 63
0 34
1 19
4 42
0 26
0 8
2 37
2 69
0 35
1 18
0 53
0 7
1 79
4 16
1 13
0 2
1 43
0 75
0 77
4 10
0 71
0 6
0 59
0 48
1 12
0 68
64
34 56
28 47
7 11
37 61
13 20
18 30
32 53
20 33
3 6
36 59
21 35
15 24
24 40
23 36
26 42
5 7
0 1
34 54
2 4
36 57
16 27
20 31
16 26
20 32
10 16
39 62
15 23
15 25
26 41
11 18
30 49
34 55
28 44
7 10
24 39
18 28
13 22
28 46
21 34
31 51
7 12
10 15
13 21
2 3
32 52
18 29
36 58
37 60
23 38
23 37
5 8
3 5
10 17
39 64
39 63
28 45
30 48
8 13
5 9
26 43
8 14
31 50
11 19
1 2
99
81 86
41 42
1 6
41 44
81 88
0 91
0 60
61 68
0 1
31 36
61 67
71 79
0 10
21 25
30 41
21 27
91 96
1 8
81 89
51 55
21 24
41 43
20 21
41 45
31 34
11 19
71 77
11 14
0 90
11 12
91 93
61 69
80 81
31 37
61 63
30 31
81 82
60 71
0 50
51 58
51 56
91 94
1 7
71 73
51 57
91 97
21 22
1 9
41 48
81 85
0 20
31 35
81 87
21 28
81 84
11 15
11 13
21 29
41 46
71 74
1 2
0 80
71 72
1 4
0 40
91 95
31 38
60 61
31 32
0 30
51 53
21 26
51 54
61 64
51 52
61 66
11 18
1 99
11 16
41 47
11 17
41 49
71 75
0 70
1 3
49 51
61 62
1 5
31 39
81 83
51 59
91 98
71 78
0 11
31 33
71 76
21 23
91 92
61 65
39
1 22
1 26
1 31
1 23
1 32
1 36
1 5
1 30
1 33
1 27
1 35
1 39
1 37
1 12
1 7
1 15
1 38
1 4
1 25
1 11
1 13
1 17
1 6
1 2
1 19
1 10
1 16
1 3
1 20
1 29
1 34
2 40
1 18
1 28
1 9
1 14
1 21
1 24
1 8
99
0 99
0 20
0 43
0 21
0 61
0 79
0 56
0 6
0 87
0 34
0 52
0 78
0 46
0 16
0 1
0 33
0 25
0 74
0 75
0 41
0 10
0 7
0 28
0 82
0 97
0 51
0 11
0 83
0 15
0 5
0 42
0 60
0 94
0 24
0 96
0 65
0 37
0 29
0 90
0 68
0 59
0 91
0 69
0 95
0 55
0 14
0 36
0 22
0 54
0 64
0 73
0 45
0 89
0 49
0 18
0 81
0 76
0 77
0 23
0 63
0 84
0 32
0 50
0 58
0 9
0 80
0 12
0 72
0 4
0 19
0 88
0 57
0 3
0 13
0 39
0 31
0 85
0 40
0 44
0 62
0 30
0 8
0 26
0 27
0 66
0 35
0 53
0 92
0 47
0 67
0 93
0 71
0 48
0 2
0 70
0 38
0 17
0 86
0 98
99
0 34
3 65
1 3
0 84
0 44
0 95
1 92
0 40
7 70
0 94
4 57
0 76
0 13
0 69
1 96
0 38
0 55
0 4
1 48
0 1
0 71
0 61
0 14
6 39
1 49
1 22
3 73
1 52
0 79
0 19
2 41
0 18
0 33
3 8
0 23
0 43
2 99
1 25
1 28
3 80
0 47
1 31
1 98
1 83
2 15
1 30
0 7
2 16
1 74
5 42
1 53
2 81
1 75
1 24
6 11
1 17
0 58
1 27
0 37
1 77
1 21
4 68
3 86
0 45
1 36
3 20
3 5
1 59
0 51
1 62
1 85
0 54
2 34
0 97
0 56
1 9
4 63
0 82
1 89
2 35
2 60
0 87
0 64
1 66
3 32
4 29
0 72
3 46
0 67
0 26
1 6
1 93
0 78
7 12
5 91
0 90
1 10
34 50
1 88
99
3 62
1 75
4 7
17 23
20 77
13 31
13 98
9 61
53 97
16 54
3 68
20 34
21 51
0 76
10 26
28 86
3 22
2 9
3 47
1 67
0 44
58 69
11 94
13 26
10 58
5 18
4 66
23 64
0 78
17 74
8 83
18 79
18 33
49 58
5 95
2 59
3 5
1 15
7 14
21 56
3 99
2 97
13 45
0 32
10 37
2 30
0 18
28 55
1 27
9 39
6 43
39 87
7 25
17 90
8 72
5 43
57 63
7 19
14 85
23 92
11 88
8 17
4 93
8 50
10 19
6 12
19 80
7 81
9 35
4 11
13 48
26 38
4 72
3 36
4 5
23 70
14 20
5 96
7 52
14 40
0 28
2 57
23 24
8 73
23 84
11 16
14 41
9 46
9 71
1 42
5 65
0 82
4 91
6 89
10 60
3 57
16 29
1 62
0 21
99
11 66
39 40
1 41
0 60
2 19
3 56
20 77
6 94
4 62
1 11
22 85
4 92
5 65
17 71
8 17
3 99
8 35
2 25
4 47
0 80
3 38
14 78
15 86
2 20
7 14
13 75
0 50
20 87
8 28
5 76
30 66
12 31
22 32
12 51
40 70
2 22
24 84
2 83
13 68
0 92
11 54
23 34
8 48
8 74
20 93
23 52
23 89
14 25
4 79
5 24
5 90
23 59
1 6
2 5
9 73
49 64
0 53
3 36
20 72
10 13
8 88
4 69
8 9
3 20
15 51
0 37
24 40
26 37
17 96
14 43
5 82
10 49
12 61
10 45
10 37
16 66
27 81
11 44
1 76
4 25
22 23
29 49
8 42
9 21
0 67
15 46
9 57
6 58
3 95
9 98
11 18
13 55
14 27
75 97
15 91
3 17
4 12
6 33
2 63
99
4 53
43 94
7 73
1 2
16 20
11 87
7 32
0 36
16 26
4 15
9 67
4 76
18 35
13 42
5 89
7 61
1 71
13 18
2 39
2 6
3 55
5 84
24 57
9 51
54 71
12 26
18 85
9 15
3 99
11 50
7 23
2 96
1 63
6 40
16 88
7 8
48 96
1 62
12 37
5 41
7 72
3 93
3 68
2 49
24 59
1 92
5 71
43 98
2 29
46 79
10 99
16 77
27 65
0 28
25 33
18 38
3 14
8 43
0 96
33 56
64 66
64 69
29 34
1 47
5 46
4 27
3 13
7 64
1 30
5 19
12 28
5 86
39 52
0 83
0 31
4 75
5 97
0 78
0 44
1 45
11 76
3 90
2 3
64 80
21 46
4 74
2 32
22 26
0 17
3 81
8 70
5 95
1 33
16 60
13 91
6 82
5 24
1 58
2 4
96
53 54
86 88
1 59
14 15
11 12
1 65
1 56
29 30
74 75
20 21
71 72
1 38
92 93
53 55
26 28
83 84
23 25
1 92
80 81
38 40
32 34
17 19
1 5
35 37
1 17
8 9
59 61
11 13
23 24
1 83
1 74
5 6
29 31
2 3
65 66
71 73
62 64
8 10
80 82
1 95
1 80
47 48
74 76
86 87
41 43
56 57
1 44
1 35
50 51
89 91
44 46
1 89
1 29
1 47
1 2
77 78
68 69
47 49
1 14
92 94
2 4
20 22
77 79
1 20
1 11
1 23
59 60
1 32
62 63
1 62
95 97
1 8
1 53
5 7
83 85
26 27
32 33
44 45
1 26
50 52
1 86
17 18
89 90
35 36
41 42
1 68
68 70
14 16
1 41
65 67
56 58
1 71
38 39
95 96
1 77
1 50
99
0 60
0 44
0 28
0 24
0 13
0 80
0 61
0 84
0 36
0 32
0 51
0 1
0 42
0 55
0 46
0 23
0 19
0 20
0 47
0 16
0 43
0 57
0 11
0 53
0 86
0 38
0 34
0 75
0 82
0 79
0 15
0 18
0 7
0 49
0 67
0 76
0 12
0 22
0 72
0 8
0 93
0 2
0 45
0 98
0 94
0 4
0 71
0 14
0 97
0 3
0 90
0 99
0 89
0 29
0 10
0 68
0 64
0 41
0 25
0 73
0 9
0 85
0 91
0 37
0 30
0 21
0 78
0 69
0 52
0 48
0 62
0 58
0 81
0 26
0 74
0 33
0 70
0 6
0 50
0 66
0 95
0 54
0 40
0 96
0 59
0 27
0 63
0 31
0 17
0 65
0 5
0 83
0 87
0 88
0 39
0 56
0 35
0 77
0 92
62
0 39
0 61
0 17
0 57
0 34
0 5
0 33
0 3
0 14
0 42
0 27
0 13
0 12
0 36
0 52
0 24
0 23
0 6
0 37
0 16
0 35
0 48
0 1
0 49
0 15
0 40
0 2
0 29
0 47
0 59
0 30
0 53
0 41
0 38
0 54
0 51
0 46
0 21
0 18
0 31
0 7
0 55
0 4
0 28
0 45
0 56
0 32
0 9
0 25
0 22
0 19
0 50
0 43
0 44
0 11
0 60
0 62
0 10
0 8
0 58
0 20
0 26
93
50 94
13 88
4 64
11 26
15 95
12 40
47 52
26 66
41 59
32 85
6 9
14 56
2 42
13 20
6 46
18 21
22 47
25 69
32 55
10 76
21 71
16 75
42 89
23 24
46 98
8 60
41 73
60 99
31 53
20 34
57 68
24 30
34 37
35 39
17 36
1 18
7 93
5 82
23 55
12 61
25 63
11 59
22 93
75 79
4 69
8 87
31 70
5 27
60 78
9 91
15 80
50 92
14 92
32 73
3 81
35 81
30 33
21 49
79 84
57 97
34 77
2 51
3 43
30 45
5 45
27 74
41 72
10 46
38 57
7 40
7 17
76 97
10 79
2 29
8 19
35 74
3 44
9 65
26 83
31 51
14 62
70 93
6 13
22 76
23 38
12 54
1 16
1 99
50 61
25 48
11 67
4 47
15 98
99
8 55
26 74
12 98
13 27
7 8
6 26
4 8
3 83
48 76
13 70
14 50
11 12
15 28
1 57
10 64
1 27
10 70
10 18
37 58
22 77
10 93
48 68
3 44
6 52
0 35
48 51
30 87
8 21
15 25
1 34
16 22
42 53
0 40
16 40
10 90
11 97
11 91
37 95
18 43
27 75
3 8
11 33
16 29
16 46
17 82
1 89
2 39
2 17
54 77
17 54
0 73
1 20
11 58
30 66
12 72
2 52
4 59
22 86
42 88
17 96
58 84
0 63
42 48
26 60
3 62
6 31
2 14
5 8
30 41
15 56
3 51
22 94
10 69
12 24
14 92
6 78
47 58
3 71
12 67
30 32
0 30
2 19
30 79
26 95
18 23
42 67
22 49
9 14
4 25
11 81
4 45
1 15
14 99
27 65
18 85
22 38
0 36
12 80
2 61
92
30 78
25 28
23 86
24 78
55 69
8 68
33 82
64 65
64 66
13 78
6 11
47 52
16 69
24 69
69 70
33 73
23 88
27 28
47 53
28 42
50 51
37 91
24 64
17 47
6 67
28 43
32 78
63 64
9 64
8 58
79 91
9 59
62 64
12 78
44 78
15 78
38 91
5 69
1 47
8 60
20 51
23 90
24 28
24 51
24 81
33 77
23 85
69 71
24 68
22 51
33 35
6 68
28 40
80 81
26 91
31 78
21 51
24 91
47 48
57 64
36 91
9 61
28 39
14 78
33 74
41 91
56 69
19 47
24 35
33 76
51 54
91 92
33 75
28 29
24 47
10 68
49 51
2 51
23 87
46 47
4 69
7 68
28 45
33 34
91 93
3 51
23 80
18 47
23 89
33 83
69 72
23 84
99
10 58
0 39
0 45
0 12
1 53
3 52
0 3
28 79
0 86
2 88
0 44
0 72
0 27
0 87
1 60
0 21
0 42
0 14
0 19
1 73
5 91
0 80
0 1
0 26
3 77
0 8
6 82
2 54
28 85
0 24
0 9
0 49
0 11
0 48
8 94
4 92
0 22
7 98
6 56
0 46
1 66
2 50
4 57
0 31
0 5
0 30
5 62
0 34
1 97
7 93
2 65
0 18
2 70
6 61
0 7
7 99
0 23
3 83
0 84
0 29
0 43
10 67
0 32
0 28
2 76
3 90
11 75
0 16
0 37
2 69
0 4
0 10
11 78
0 15
1 96
0 51
0 35
8 74
2 89
0 40
1 81
3 55
0 13
7 63
1 71
0 33
0 17
0 41
0 38
2 68
5 95
0 25
0 6
0 20
2 59
0 2
0 47
0 36
0 64
98
3 6
39 43
57 61
23 26
50 53
41 42
72 74
21 24
9 12
0 2
54 55
90 92
39 42
75 78
66 69
27 28
27 41
94 95
63 65
59 61
77 78
4 5
30 34
95 98
41 44
1 8
18 21
48 51
9 23
36 39
18 19
27 31
63 66
68 71
18 32
50 52
77 80
45 49
27 29
3 7
90 91
36 50
81 85
81 95
75 79
0 4
63 77
93 96
54 68
12 15
0 1
32 35
66 70
84 87
32 34
84 88
23 25
36 37
13 14
90 93
18 22
68 70
72 86
86 89
57 60
54 57
72 73
45 47
18 20
0 3
9 11
21 25
30 33
81 84
63 64
85 86
72 76
9 10
45 46
36 38
0 14
93 97
36 40
14 17
72 75
12 16
81 82
63 67
54 56
48 52
9 13
27 30
81 83
59 62
45 59
45 48
54 58
90 94
99
4 75
1 94
3 95
1 16
1 47
3 15
0 57
1 76
1 73
0 3
3 51
1 22
2 81
4 13
0 7
0 29
1 86
1 41
0 93
3 27
1 59
0 2
1 66
0 50
2 25
0 40
5 53
3 91
0 11
2 89
2 82
2 72
0 90
5 14
3 64
4 62
0 1
4 60
1 24
2 38
1 37
0 96
1 42
2 99
2 52
0 80
0 21
0 54
1 39
1 19
0 46
14 77
14 26
0 70
0 68
1 83
1 87
0 45
2 6
0 18
0 5
5 48
1 67
0 12
0 32
2 63
5 74
2 85
1 28
0 20
1 17
0 97
2 58
3 35
0 61
0 23
0 44
0 49
4 10
1 65
0 34
2 30
0 88
0 43
0 56
0 33
0 69
0 78
0 55
1 8
2 92
0 71
0 84
0 31
2 98
1 36
2 4
1 79
1 9
39
4 22
1 19
0 16
0 21
0 7
1 20
2 38
0 5
0 3
0 2
3 34
0 18
0 27
1 29
0 15
0 39
0 30
2 11
1 14
0 33
2 35
0 23
0 25
1 37
5 31
0 6
0 4
4 9
0 13
0 32
0 36
0 1
2 24
2 8
1 28
1 17
1 10
1 26
3 12
99
81 83
35 37
87 89
33 35
59 61
45 47
72 73
5 7
53 55
73 75
38 39
71 73
51 53
1 99
21 23
63 65
40 41
15 17
83 85
58 59
43 45
69 71
10 11
14 15
68 69
11 13
86 87
27 29
76 77
37 39
98 99
6 7
90 91
92 93
65 67
16 17
9 11
62 63
57 59
0 98
50 51
80 81
74 75
20 21
31 33
42 43
39 41
46 47
85 87
78 79
24 25
61 63
17 19
79 81
94 95
18 19
54 55
44 45
67 69
25 27
32 33
55 57
75 77
4 5
70 71
1 2
29 31
84 85
91 93
60 61
41 43
7 9
52 53
23 25
13 15
49 51
1 3
8 9
22 23
34 35
89 91
19 21
96 98
95 97
28 29
48 49
88 89
66 67
82 83
1 5
36 37
93 95
56 57
77 79
26 27
30 31
47 49
64 65
12 13
99
0 46
0 52
0 94
0 13
0 99
1 61
0 11
0 5
3 75
6 81
0 69
6 66
0 44
0 17
0 22
5 57
0 4
2 64
0 58
1 55
0 77
1 65
0 41
0 48
0 35
2 92
3 76
0 85
0 84
0 10
0 28
0 38
0 26
2 74
3 97
0 3
0 43
0 23
0 49
2 73
0 96
1 60
0 9
0 21
0 29
1 80
0 27
2 86
0 6
2 83
0 25
8 71
1 89
0 32
1 98
0 2
1 63
0 70
2 54
0 15
0 1
0 40
0 42
0 67
0 93
0 14
3 87
0 8
0 59
0 20
0 7
0 90
0 72
5 88
0 50
0 30
0 51
0 82
3 68
0 45
0 12
0 47
0 78
1 62
0 31
2 53
0 18
0 19
0 39
0 33
1 56
0 16
1 79
0 24
2 91
0 37
0 34
0 36
5 95
99
2 3
21 22
16 67
19 73
11 12
16 66
3 40
22 23
23 80
26 86
0 34
22 79
8 51
0 35
4 42
29 30
1 2
4 5
2 38
6 47
10 55
10 11
32 33
10 54
3 41
32 98
28 90
7 49
12 59
32 99
28 91
30 95
22 78
25 26
23 24
28 29
17 68
24 82
18 70
18 19
25 85
18 71
20 21
13 61
11 57
27 89
13 14
26 27
31 32
31 97
9 53
30 94
21 76
16 17
6 46
1 37
0 1
19 72
27 28
21 77
6 7
19 20
5 45
23 81
9 52
5 44
8 50
15 65
9 10
25 84
24 83
24 25
27 88
31 96
30 31
8 9
3 4
1 36
14 15
12 58
7 48
14 62
17 18
26 87
15 16
29 93
20 75
12 13
7 8
29 92
17 69
15 64
2 39
14 63
5 6
4 43
13 60
11 56
20 74
99
3 90
1 64
0 68
0 69
4 91
1 59
0 15
11 80
5 54
0 13
2 70
0 21
0 47
0 31
1 52
0 9
0 23
0 33
0 60
0 35
0 7
0 48
2 78
0 46
0 29
0 1
0 6
0 38
2 57
0 32
0 41
0 55
3 71
0 28
0 14
3 95
1 75
3 73
0 40
0 63
3 58
0 88
0 99
0 4
0 72
1 67
0 49
0 26
0 66
0 22
0 25
11 56
0 12
1 89
0 20
2 96
0 11
4 92
0 74
0 85
0 93
3 94
0 3
0 17
0 43
0 27
1 76
0 36
0 45
0 19
1 50
3 77
1 62
2 83
0 18
1 82
0 30
1 84
0 39
0 8
0 86
0 42
0 44
5 98
0 34
0 81
0 2
0 51
0 24
1 65
0 16
1 61
0 37
1 79
0 5
0 10
1 53
3 97
1 87
80
2 61
2 37
1 44
0 48
0 52
0 46
2 20
2 31
1 11
1 9
0 74
12 50
2 18
1 67
1 72
1 45
2 58
2 68
1 80
4 14
1 35
1 65
2 23
0 56
1 63
2 3
0 2
1 78
1 33
2 7
1 19
0 54
1 51
1 36
1 38
0 42
1 53
1 17
1 49
2 34
1 28
1 16
0 60
2 75
1 15
0 70
1 27
1 47
1 12
2 69
1 8
1 55
1 32
0 79
1 59
0 1
2 43
0 22
1 71
9 29
1 5
0 73
0 64
1 30
0 4
2 6
1 13
2 41
2 40
4 21
1 39
4 66
1 76
9 57
2 77
0 24
1 62
0 25
1 26
9 10
98
27 81
4 49
4 30
27 52
27 59
18 27
0 4
23 27
4 98
27 56
4 70
4 69
4 57
4 87
4 94
4 38
27 32
4 97
4 31
4 68
27 33
4 63
27 45
4 99
4 61
4 16
4 19
9 27
4 39
27 96
4 71
4 7
4 82
27 65
27 86
27 77
5 27
4 46
4 22
4 8
2 27
4 51
27 67
4 93
27 80
25 27
27 29
27 53
4 76
27 92
15 27
27 47
27 58
27 48
27 79
4 34
27 62
27 78
27 83
4 55
27 50
27 91
27 74
4 43
4 60
4 67
4 21
26 27
3 4
4 41
4 35
12 27
27 44
4 36
4 10
4 42
1 27
4 64
4 14
4 24
11 27
27 75
6 27
4 90
4 84
4 54
27 88
27 37
20 27
27 95
4 17
13 27
27 28
4 66
27 85
27 73
27 89
4 72
98
2 92
13 44
82 92
73 92
44 89
44 56
10 92
44 94
44 87
30 92
44 78
15 92
31 44
42 44
53 92
32 92
44 49
51 92
17 44
44 55
71 92
24 92
75 92
23 92
92 97
6 44
88 92
67 92
44 62
39 92
44 59
35 92
8 44
57 92
15 44
44 86
21 92
80 92
36 44
41 92
91 92
60 92
44 72
44 96
12 44
11 92
18 92
44 52
22 44
43 92
28 44
44 45
92 99
25 92
44 84
44 93
69 92
4 44
44 66
3 92
44 90
70 92
37 44
20 44
26 44
44 77
40 92
63 92
44 98
9 92
16 44
38 44
48 92
79 92
19 44
7 92
27 92
50 92
65 92
44 61
85 92
44 95
47 92
44 76
33 44
74 92
44 64
83 92
44 58
29 44
34 44
46 92
5 44
14 92
44 81
68 92
54 92
0 44
38
33 34
2 5
16 17
29 30
8 27
23 24
1 13
12 23
12 14
33 37
2 13
3 31
2 21
1 20
1 19
25 26
2 35
1 11
2 10
15 16
4 6
2 36
8 9
1 22
2 32
9 12
1 3
1 17
3 8
2 28
24 25
23 29
8 38
29 33
7 9
16 18
1 4
1 39
67
23 24
3 58
27 33
45 46
21 22
22 29
47 48
50 66
3 4
10 11
32 33
25 27
2 9
37 38
6 11
3 61
4 5
15 18
34 59
63 65
1 2
23 60
25 55
43 50
3 57
30 60
2 3
4 7
1 68
30 36
15 16
41 45
14 18
48 49
17 18
3 60
3 56
1 12
41 42
3 53
19 20
3 64
50 67
18 19
60 63
11 15
3 62
3 54
34 39
27 28
1 10
43 44
23 26
24 25
3 8
40 41
19 22
33 34
1 51
35 38
30 31
1 43
38 41
34 35
11 13
3 52
45 48
99
76 77
2 3
26 36
23 24
60 61
58 59
93 94
54 64
51 61
80 81
21 31
80 90
4 5
3 4
4 14
5 15
18 28
41 42
23 33
2 12
62 63
58 68
48 49
56 66
50 51
86 87
84 85
48 58
61 71
22 23
68 69
72 73
36 46
43 53
82 92
54 55
68 78
24 34
64 74
6 16
22 32
1 11
26 27
66 76
78 88
46 47
44 45
30 31
18 19
74 84
88 98
70 71
28 29
21 22
88 89
64 65
42 52
38 48
76 86
82 83
3 13
31 41
7 17
8 18
97 98
8 9
20 21
6 7
24 25
5 6
0 1
43 44
25 26
71 81
25 35
11 21
10 11
61 62
40 41
36 37
66 67
42 43
81 91
94 95
1 2
56 57
7 8
72 82
28 38
38 39
86 96
84 94
62 72
74 75
44 54
78 79
46 56
98 99
41 51
99
3 32
5 54
3 34
4 48
3 30
4 43
4 47
4 46
7 70
3 37
4 40
9 95
0 1
5 52
5 50
1 16
9 99
9 93
7 73
1 15
6 61
1 13
8 87
3 39
9 96
9 94
5 59
8 86
1 12
3 36
2 25
8 88
6 67
0 3
8 81
6 66
6 62
1 14
2 28
3 31
0 4
7 79
7 76
9 92
5 55
0 2
2 21
5 53
2 27
9 90
6 68
8 80
8 89
9 97
2 26
1 17
2 22
5 57
0 9
4 42
2 29
0 5
1 19
2 20
4 45
6 65
4 49
0 7
4 44
5 56
0 6
1 18
1 11
7 77
6 69
3 33
7 75
9 98
6 64
7 72
3 38
5 58
9 91
6 63
0 8
8 85
8 83
7 71
3 35
2 24
7 78
7 74
5 51
4 41
2 23
8 84
1 10
6 60
8 82
99
4 44
0 6
6 69
0 3
2 24
2 25
0 5
5 51
1 19
5 52
9 95
9 90
0 8
4 43
7 75
4 46
9 94
6 64
1 11
1 13
5 58
6 66
0 4
3 32
8 85
2 21
4 47
3 39
9 96
8 82
8 89
2 23
3 30
9 98
4 45
8 87
3 33
8 80
6 67
1 10
2 20
7 76
1 18
4 42
7 78
1 16
1 12
5 53
4 40
2 27
6 65
7 74
0 2
9 99
0 1
2 22
2 28
9 97
2 29
9 92
9 91
7 77
1 15
4 49
6 63
7 79
6 68
1 17
5 57
9 93
5 59
5 54
5 56
0 7
3 35
6 61
6 60
7 70
3 31
4 48
8 81
7 72
3 37
6 62
8 84
8 83
3 36
3 34
7 71
3 38
8 86
4 41
1 14
8 88
5 55
2 26
7 73
5 50
0 9
99
8 9
73 74
66 67
90 91
14 15
31 32
62 63
85 86
76 77
53 54
49 50
72 73
52 53
78 79
48 49
6 7
27 28
91 92
22 23
50 51
70 71
5 6
37 38
34 35
55 56
9 10
39 40
17 18
42 43
2 3
69 70
97 98
81 82
86 87
16 17
13 14
46 47
32 33
79 80
87 88
77 78
98 99
33 34
54 55
25 26
94 95
10 11
75 76
82 83
40 41
63 64
84 85
61 62
57 58
3 4
4 5
67 68
95 96
26 27
64 65
65 66
18 19
96 97
20 21
35 36
71 72
23 24
93 94
11 12
68 69
89 90
0 1
28 29
59 60
45 46
19 20
1 2
88 89
43 44
83 84
36 37
29 30
21 22
24 25
15 16
30 31
58 59
47 48
38 39
74 75
80 81
44 45
12 13
51 52
60 61
56 57
41 42
92 93
7 8
91
27 72
25 26
49 91
20 64
6 7
24 25
17 18
38 39
45 46
12 13
0 50
37 38
49 82
38 83
44 88
21 66
29 30
27 28
20 21
4 5
23 24
4 56
49 77
49 69
1 52
40 41
49 65
31 32
49 86
13 60
8 9
15 16
30 31
19 20
42 43
49 75
49 73
30 76
28 74
7 57
49 89
49 57
24 70
49 71
43 87
49 55
36 81
49 53
26 27
28 29
31 78
2 3
8 58
13 14
45 90
7 8
49 63
41 42
11 59
40 84
49 61
49 59
49 51
49 79
11 12
39 40
49 56
10 11
21 22
43 44
35 80
22 23
36 37
46 91
35 36
14 15
22 67
23 69
42 85
34 35
1 2
49 68
0 1
46 47
3 4
3 54
16 17
48 49
44 45
15 62
32 33
98
80 81
23 30
41 49
86 96
61 62
51 57
2 3
63 74
54 55
1 3
80 89
39 46
74 84
40 47
10 54
75 76
41 48
16 22
65 66
16 20
42 49
63 94
88 97
59 69
83 94
25 30
50 55
60 71
38 45
10 14
4 8
43 51
12 13
63 65
1 4
78 98
23 24
2 5
49 56
88 89
25 32
90 99
64 74
81 91
15 19
60 70
25 34
47 54
1 36
66 77
66 67
11 17
58 78
50 51
37 38
27 28
78 99
12 17
31 38
58 69
7 8
28 35
83 93
10 52
73 83
18 88
8 62
58 68
61 82
77 87
55 64
11 15
71 81
30 44
83 92
69 79
28 29
71 72
62 73
76 86
33 41
13 56
2 9
28 34
26 33
30 37
60 61
14 20
65 76
32 39
47 53
2 6
79 89
16 21
27 33
10 44
65 85
86 95
98
0 97
0 52
0 71
44 49
9 49
0 79
38 51
0 63
19 50
25 49
0 75
0 59
23 49
7 85
46 49
0 90
31 49
18 49
0 94
11 50
0 54
1 64
0 67
1 73
0 61
2 94
0 76
34 49
0 62
0 51
2 95
33 49
29 49
15 50
0 80
1 50
37 49
13 49
5 49
24 49
0 86
20 49
0 65
0 49
48 49
45 49
0 92
1 55
16 49
0 88
0 69
0 72
8 49
0 74
12 49
0 98
35 50
41 49
40 49
0 78
1 84
0 82
0 58
0 85
1 93
1 89
47 49
1 51
39 49
3 91
27 49
43 50
0 77
0 70
0 68
17 50
2 53
0 81
3 57
28 49
22 49
0 60
14 50
0 56
3 85
0 96
10 49
4 49
21 49
0 87
0 83
42 49
36 49
0 66
26 50
32 49
30 51
6 50
95
3 38
0 86
14 62
1 75
0 66
0 45
0 95
0 54
1 33
0 59
15 58
4 32
2 95
1 72
22 24
0 44
1 65
0 77
1 35
0 69
1 58
6 28
0 74
0 76
1 90
0 42
1 81
0 71
0 39
0 82
0 31
8 24
11 24
0 84
0 50
14 94
0 26
0 70
0 65
1 88
1 38
1 24
18 24
7 24
0 83
12 25
0 79
0 52
23 25
4 51
2 60
1 53
0 43
3 47
16 24
21 24
0 67
4 38
0 93
0 46
1 91
0 61
0 40
0 78
0 73
20 24
2 25
17 24
0 48
10 24
0 89
0 92
0 27
0 37
13 24
0 49
0 80
0 56
19 25
0 57
1 64
1 85
5 24
9 28
1 62
3 29
0 28
14 41
3 55
0 68
0 30
3 36
0 87
1 63
0 34
94
1 21
3 19
5 20
2 84
1 43
16 19
1 39
2 68
0 31
1 90
0 33
0 52
1 63
0 34
6 19
0 57
0 59
0 37
8 19
0 48
0 92
2 86
4 20
0 79
0 85
0 24
2 93
0 74
12 19
1 41
0 29
4 49
17 19
18 43
0 87
2 88
1 42
2 44
0 32
1 77
1 73
0 50
2 53
1 25
11 20
1 40
13 20
1 36
4 27
0 94
1 22
4 28
7 91
0 51
0 76
0 69
0 56
0 38
0 89
9 19
7 26
1 82
1 23
1 35
2 55
15 19
2 47
0 45
0 72
0 66
0 46
7 43
0 62
0 71
2 60
1 76
0 58
1 19
0 75
0 78
2 89
4 80
1 20
14 20
1 67
1 81
0 65
0 83
10 20
2 70
7 54
2 64
0 61
0 30
99
0 38
0 49
0 46
0 94
0 33
0 71
0 14
0 17
0 8
0 22
0 52
0 66
0 98
0 74
0 5
0 68
0 40
0 76
0 61
0 26
0 87
0 88
0 58
0 32
0 63
0 2
0 82
0 29
0 28
0 60
0 85
0 70
0 84
0 31
0 23
0 73
0 18
0 21
0 45
0 99
0 25
0 13
0 67
0 57
0 47
0 15
0 93
0 72
0 75
0 65
0 37
0 54
0 36
0 97
0 3
0 4
0 20
0 92
0 7
0 95
0 39
0 90
0 42
0 34
0 96
0 10
0 89
0 12
0 64
0 1
0 78
0 44
0 59
0 30
0 80
0 27
0 81
0 62
0 83
0 9
0 53
0 77
0 41
0 6
0 55
0 56
0 79
0 69
0 24
0 16
0 91
0 50
0 48
0 35
0 51
0 11
0 19
0 43
0 86
99
0 49
0 60
0 36
0 75
0 92
0 76
0 68
0 86
0 56
0 32
0 45
0 46
0 88
0 38
0 33
0 6
0 64
0 78
0 91
0 17
0 67
0 51
0 58
0 42
0 34
0 63
0 39
0 85
0 74
0 30
0 21
0 59
0 22
0 35
0 9
0 26
0 31
0 70
0 7
0 3
0 27
0 98
0 8
0 47
0 94
0 96
0 81
0 57
0 97
0 29
0 99
0 73
0 43
0 90
0 66
0 87
0 62
0 25
0 40
0 65
0 41
0 83
0 72
0 84
0 11
0 28
0 55
0 44
0 4
0 61
0 95
0 53
0 54
0 71
0 80
0 93
0 69
0 15
0 24
0 2
0 23
0 13
0 52
0 14
0 48
0 50
0 82
0 1
0 19
0 12
0 10
0 20
0 37
0 18
0 16
0 5
0 79
0 89
0 77
99
0 31
0 27
0 59
0 79
0 14
0 18
0 47
0 61
0 37
0 78
0 43
0 85
0 12
0 73
0 89
0 74
0 42
0 20
0 65
0 33
0 30
0 46
0 99
0 81
0 95
0 7
0 69
0 25
0 96
0 26
0 98
0 8
0 71
0 3
0 53
0 63
0 16
0 2
0 57
0 83
0 13
0 91
0 39
0 58
0 87
0 76
0 40
0 94
0 6
0 21
0 90
0 67
0 17
0 62
0 49
0 44
0 48
0 88
0 35
0 86
0 24
0 55
0 66
0 97
0 72
0 34
0 28
0 54
0 56
0 38
0 70
0 29
0 11
0 82
0 77
0 9
0 15
0 23
0 92
0 10
0 19
0 5
0 45
0 93
0 41
0 4
0 68
0 50
0 64
0 51
0 52
0 36
0 84
0 32
0 80
0 22
0 1
0 75
0 60
35
80 81
40 50
90 93
10 12
50 53
50 51
10 11
20 30
60 70
60 63
70 73
60 61
30 32
40 41
20 22
30 33
50 52
70 80
40 43
60 62
40 42
80 82
50 60
80 83
10 13
90 91
90 92
20 21
70 71
70 72
10 20
20 23
80 90
30 31
30 40
5
3 5
1 3
0 1
1 4
1 2
99
2 3
71 72
78 79
47 48
82 83
0 33
9 10
6 7
30 31
23 24
75 76
83 84
61 62
34 35
24 25
13 14
39 40
67 68
90 91
93 94
84 85
36 37
73 74
11 12
79 80
22 23
54 55
97 98
12 13
38 39
16 17
57 58
92 93
14 15
91 92
87 88
26 27
52 53
74 75
70 71
88 89
77 78
81 82
7 8
15 16
35 36
20 21
46 47
43 44
0 34
28 29
5 6
10 11
98 99
3 4
85 86
29 30
0 67
27 28
95 96
60 61
72 73
0 66
76 77
41 42
21 22
1 2
25 26
51 52
0 1
53 54
49 50
37 38
96 97
55 56
31 32
80 81
94 95
56 57
48 49
63 64
44 45
62 63
86 87
8 9
69 70
58 59
18 19
45 46
68 69
64 65
59 60
17 18
19 20
40 41
4 5
50 51
42 43
89 90
99
0 19
40 47
60 74
80 89
20 33
80 87
40 44
60 73
60 66
40 51
80 85
80 96
80 94
19 59
60 68
40 52
40 46
80 93
40 55
79 80
60 62
80 81
0 15
20 28
40 43
59 60
0 6
20 26
20 22
0 14
40 50
19 20
20 25
0 2
60 65
40 56
40 49
60 76
80 88
80 91
0 5
60 63
0 13
60 78
80 95
0 10
20 29
40 42
80 83
20 38
60 69
0 16
20 35
20 21
19 79
20 27
80 90
0 99
20 24
20 23
0 3
40 48
80 82
60 77
0 8
40 58
60 71
0 4
20 37
80 98
0 12
0 7
0 18
0 11
0 17
20 30
80 86
60 64
40 41
20 34
0 9
20 31
60 67
60 72
19 39
80 97
60 75
40 54
60 70
40 53
80 84
0 1
20 32
40 59
40 57
40 45
20 36
80 92
60 61
43
1 28
1 5
1 37
1 35
1 32
1 31
1 39
1 41
1 17
1 25
1 18
1 15
1 23
1 16
1 6
1 4
1 9
1 36
1 34
1 24
1 38
1 3
1 30
1 40
1 13
1 29
1 27
1 33
1 10
1 19
1 11
1 20
1 8
1 12
1 43
1 21
1 44
1 2
1 7
1 42
1 22
1 14
1 26
98
7 9
85 87
89 90
75 77
63 65
15 16
61 62
71 72
11 13
29 31
51 52
51 53
87 88
9 11
25 27
43 44
53 55
19 20
65 67
5 6
47 48
77 78
91 93
85 86
61 63
49 50
63 64
17 19
23 24
23 25
57 58
57 59
43 45
67 68
69 71
41 43
27 29
35 36
25 26
53 54
21 22
31 33
65 66
55 56
29 30
73 74
49 51
83 85
96 97
7 8
97 99
15 17
59 61
3 4
39 40
75 76
39 41
93 94
13 15
11 12
87 89
79 81
91 92
41 42
9 10
37 38
71 73
5 7
45 46
89 91
45 47
94 96
83 84
3 5
93 95
81 82
1 3
59 60
13 14
17 18
2 3
67 69
37 39
79 80
35 37
97 98
21 23
69 70
19 21
55 57
27 28
33 34
73 75
33 35
31 32
47 49
77 79
81 83
99
71 72
5 85
44 64
16 36
19 39
49 69
41 42
0 15
2 22
48 68
40 41
3 8
0 80
44 49
42 62
40 45
9 14
3 23
7 27
15 35
4 84
0 1
1 21
70 74
72 73
10 30
6 26
5 25
0 20
4 24
58 78
44 59
2 17
4 19
0 4
42 47
40 44
11 31
16 96
71 76
14 34
17 37
18 98
41 46
42 43
1 2
42 57
13 93
48 53
47 52
45 50
19 99
43 58
15 95
5 10
18 38
45 65
46 66
2 82
14 94
43 48
3 18
13 33
1 81
10 90
8 88
2 7
70 75
65 70
4 9
49 54
9 29
9 89
43 63
7 87
46 51
72 77
3 83
40 55
12 32
11 91
7 12
0 5
47 67
6 11
59 79
1 6
70 71
8 13
6 86
41 61
17 97
41 56
2 3
8 28
12 92
1 16
40 60
20 40
62
0 8
0 59
0 35
0 19
0 57
0 48
0 39
0 24
0 23
0 13
0 15
0 51
0 44
0 28
0 11
0 33
0 55
0 40
0 53
0 9
0 56
0 5
0 31
0 45
0 29
0 58
0 60
0 34
0 49
0 18
0 4
0 27
0 41
0 25
0 61
0 32
0 1
0 38
0 16
0 7
0 21
0 50
0 36
0 20
0 10
0 2
0 54
0 12
0 37
0 30
0 14
0 52
0 6
0 42
0 26
0 17
0 46
0 3
0 22
0 47
0 43
0 62
99
18 20
6 9
93 96
45 46
93 95
90 92
54 57
96 97
30 33
18 19
96 98
96 99
81 83
42 43
75 77
81 82
78 81
39 40
21 22
36 39
54 55
87 88
72 73
6 8
63 66
84 85
57 58
69 70
0 1
72 74
63 64
81 84
60 61
93 94
21 23
48 49
57 59
69 72
69 71
48 50
48 51
0 3
27 28
75 76
36 38
15 18
3 5
90 91
87 90
72 75
51 54
24 27
60 62
12 14
84 87
39 41
30 31
90 93
21 24
63 65
42 45
33 35
45 48
33 34
24 25
87 89
12 15
78 79
36 37
27 30
51 52
75 78
24 26
54 56
3 4
18 21
30 32
9 12
9 11
15 16
78 80
45 47
33 36
60 63
6 7
66 69
66 68
57 60
51 53
84 86
0 2
66 67
39 42
9 10
42 44
27 29
3 6
15 17
12 13
