124
6
0 2
0 5
0 4
4 6
0 1
0 3
7
4 7
1 4
0 1
4 5
4 6
1 3
1 2
5
4 5
0 1
3 4
1 4
1 2
19
5 16
12 15
9 15
9 14
0 1
0 18
7 19
4 7
8 15
3 13
6 9
3 16
0 4
3 10
7 9
7 17
2 11
2 19
16 19
99
22 99
15 99
96 99
6 99
69 99
63 99
40 99
20 99
88 99
77 99
98 99
71 99
82 99
75 99
55 99
14 99
64 99
19 99
37 99
23 99
36 99
38 99
66 99
48 99
46 99
47 99
83 99
80 99
73 99
59 99
16 99
21 99
11 99
57 99
86 99
31 99
34 99
92 99
0 99
93 99
70 99
68 99
3 99
29 99
97 99
27 99
72 99
76 99
81 99
65 99
91 99
24 99
4 99
51 99
41 99
53 99
43 99
84 99
94 99
52 99
33 99
8 99
32 99
44 99
56 99
17 99
1 99
13 99
89 99
78 99
12 99
39 99
25 99
90 99
87 99
58 99
62 99
7 99
18 99
95 99
26 99
30 99
28 99
5 99
85 99
67 99
50 99
35 99
10 99
60 99
2 99
45 99
9 99
74 99
42 99
54 99
49 99
79 99
61 99
99
96 99
68 99
94 99
52 99
39 98
46 98
62 99
95 99
16 98
98 99
54 99
20 98
31 98
55 99
48 98
47 98
18 98
69 99
59 99
78 99
92 99
57 99
0 98
26 98
79 99
93 99
35 98
64 99
82 99
42 98
41 98
83 99
33 98
81 99
13 98
56 99
89 99
43 98
66 99
90 99
36 98
6 98
67 99
49 98
34 98
97 99
50 99
8 98
38 98
19 98
71 99
85 99
44 98
10 98
24 98
77 99
1 98
61 99
86 99
14 98
70 99
30 98
23 98
63 99
58 99
60 99
3 4
15 98
87 99
29 98
27 98
22 98
21 98
91 99
37 98
84 99
74 99
75 99
88 99
28 98
65 99
40 98
3 5
7 98
72 99
80 99
51 99
32 98
73 99
12 98
3 98
17 98
2 98
9 98
45 98
53 99
76 99
11 98
25 98
99
22 46
8 72
12 58
39 58
25 72
23 58
72 89
58 60
9 58
32 72
19 46
55 72
20 58
58 64
18 67
38 46
58 96
18 46
72 86
69 72
48 87
87 93
5 46
21 46
18 59
58 94
42 58
37 58
47 58
53 87
46 63
14 58
46 65
28 58
29 58
18 73
1 46
7 46
72 80
3 58
27 46
17 58
58 66
46 68
58 92
58 90
58 74
49 72
18 30
51 58
16 72
31 58
46 58
72 87
18 26
35 58
72 84
46 50
58 88
34 46
44 72
13 58
6 58
58 79
58 78
58 85
72 83
72 95
46 75
58 91
46 56
46 97
58 76
4 58
41 58
11 18
57 72
2 58
15 72
18 24
58 72
18 54
46 52
43 58
87 98
58 82
58 81
33 46
0 46
10 58
46 77
40 58
58 62
58 61
45 58
58 70
36 46
58 99
18 71
89
8 21
57 75
69 75
75 79
11 21
13 21
75 95
21 30
19 21
57 73
75 82
21 39
84 87
56 75
75 92
57 86
68 75
27 35
64 84
75 99
57 70
21 29
78 93
19 22
12 21
20 21
10 21
93 98
65 75
75 91
21 34
62 75
18 21
1 21
0 21
21 40
75 76
84 93
35 42
67 93
21 26
90 93
75 96
75 77
31 35
35 36
6 35
7 35
21 24
75 93
61 75
2 35
74 75
21 35
57 72
75 80
16 21
75 94
21 25
17 21
21 43
58 93
15 21
60 75
5 21
21 41
21 38
71 75
32 84
75 88
59 75
75 85
75 97
3 21
75 81
66 93
19 93
9 35
21 28
63 93
35 37
55 75
14 21
57 83
21 23
4 21
21 33
75 89
21 44
90
2 21
21 87
34 35
65 79
21 76
63 79
21 24
76 90
19 21
21 23
66 79
35 40
55 79
45 76
57 79
44 98
74 79
53 89
30 47
77 79
32 41
21 27
34 43
70 80
69 79
12 99
21 22
62 79
25 94
73 79
0 21
75 79
78 79
38 47
20 21
15 21
31 44
13 21
48 72
21 25
52 79
54 79
38 39
33 34
49 72
8 21
11 21
1 85
21 28
61 79
53 79
46 57
1 21
70 79
58 79
18 21
35 36
47 79
10 21
35 64
12 21
39 93
21 29
21 26
14 21
6 21
67 79
37 38
50 79
3 21
59 79
72 79
7 21
42 79
64 79
57 86
4 21
9 21
76 79
68 79
35 44
5 21
17 21
51 79
59 82
71 79
56 79
32 76
16 21
60 79
99
0 68
0 66
0 93
0 91
0 65
0 52
0 67
0 70
0 30
0 28
0 21
0 86
0 4
0 8
0 42
0 75
0 40
0 57
0 48
0 5
0 76
0 99
0 62
0 13
0 47
0 11
0 19
0 38
0 36
0 29
0 63
0 27
0 61
0 20
0 18
0 6
0 80
0 74
0 45
0 56
0 12
0 46
0 79
0 10
0 37
0 35
0 95
0 41
0 90
0 71
0 69
0 23
0 85
0 50
0 83
0 73
0 17
0 31
0 44
0 7
0 84
0 88
0 78
0 2
0 15
0 1
0 64
0 98
0 97
0 3
0 49
0 26
0 60
0 24
0 14
0 22
0 39
0 82
0 33
0 55
0 53
0 94
0 9
0 96
0 72
0 89
0 54
0 87
0 58
0 43
0 51
0 81
0 34
0 32
0 59
0 92
0 77
0 25
0 16
99
0 3
0 4
84 88
48 49
24 27
68 69
24 28
25 26
44 48
69 70
84 85
16 17
36 37
93 94
85 86
45 46
21 22
73 74
12 15
64 65
40 44
28 31
56 57
48 51
65 66
24 25
8 12
88 91
92 95
29 30
61 62
56 60
96 97
72 75
32 33
52 55
0 1
44 47
49 50
16 20
36 39
20 24
64 68
52 53
76 79
80 84
12 13
57 58
92 93
28 29
32 35
53 54
76 77
48 52
36 40
96 99
76 80
52 56
1 2
12 16
72 73
84 87
77 78
40 41
17 18
92 96
28 32
80 81
60 64
20 23
4 7
68 72
8 11
20 21
4 8
89 90
41 42
68 71
16 19
37 38
32 36
64 67
60 63
8 9
80 83
60 61
5 6
9 10
44 45
88 92
40 43
56 59
72 76
88 89
97 98
33 34
4 5
81 82
13 14
99
14 29
17 35
7 15
37 75
10 22
29 59
46 94
7 16
38 77
45 91
44 89
11 23
16 33
47 96
3 8
23 47
30 62
43 88
28 58
40 82
18 37
40 81
33 68
29 60
0 2
19 40
39 79
16 34
42 86
36 74
39 80
20 41
19 39
28 57
24 50
1 3
49 99
41 84
45 92
21 44
8 17
42 85
4 9
25 51
6 14
21 43
32 66
37 76
4 10
27 55
41 83
47 95
15 31
15 32
12 26
13 27
18 38
22 46
2 6
33 67
35 72
32 65
0 1
38 78
17 36
8 18
1 4
26 54
36 73
35 71
23 48
3 7
34 69
9 19
31 63
2 5
31 64
30 61
24 49
5 11
48 98
48 97
25 52
14 30
27 56
44 90
5 12
12 25
34 70
26 53
9 20
22 45
43 87
6 13
20 42
13 28
10 21
11 24
46 93
99
13 14
10 52
9 49
11 12
5 41
10 51
27 85
15 16
6 43
91 96
30 91
3 4
19 69
26 83
26 84
22 76
14 15
17 65
18 19
23 78
16 64
6 44
18 68
2 36
1 2
11 54
1 34
7 8
8 47
12 56
14 59
17 18
22 23
20 71
25 81
15 62
18 67
0 96
16 17
19 70
29 90
10 11
6 7
8 9
24 80
91 95
1 33
28 87
2 35
3 38
29 30
94 97
94 98
8 48
20 21
7 45
21 22
2 3
9 50
13 57
0 94
1 31
15 61
24 79
29 89
1 32
20 72
30 92
23 24
22 75
14 60
30 93
4 40
17 66
25 82
27 86
5 6
4 5
5 42
3 37
27 28
24 25
11 53
25 26
19 20
28 88
7 46
13 58
12 13
4 39
21 73
21 74
16 63
26 27
23 77
28 29
0 99
9 10
12 55
99
2 28
0 21
6 66
3 86
7 80
0 1
0 11
4 97
2 37
4 53
0 59
4 92
2 32
8 88
0 18
1 7
1 19
2 98
3 51
8 95
5 64
1 93
8 84
2 9
4 83
0 46
1 23
3 38
0 12
7 79
6 71
1 26
3 48
2 35
4 54
4 81
0 13
0 16
1 2
2 30
4 94
4 50
2 55
0 10
0 4
1 68
6 72
2 33
2 87
3 41
4 5
2 3
2 56
0 57
0 17
2 74
1 20
3 45
1 25
2 73
0 61
1 27
3 43
1 90
1 24
5 62
1 36
7 76
3 42
6 70
4 63
1 96
0 75
0 15
0 14
1 6
4 49
0 52
0 60
1 78
2 31
2 85
0 8
1 58
6 67
9 91
7 82
3 40
0 77
1 22
3 44
8 89
2 34
2 29
3 47
6 65
0 99
3 39
3 69
98
81 82
75 78
90 92
81 83
69 70
48 50
60 61
66 68
51 54
63 64
12 13
78 81
48 51
42 44
51 53
60 63
42 45
33 36
69 72
75 76
57 59
0 96
36 38
75 77
48 49
42 43
66 67
39 40
45 46
18 20
45 47
63 65
18 21
6 8
84 85
15 16
72 75
69 71
84 87
81 84
90 91
0 2
72 73
24 27
27 29
3 6
30 33
9 10
21 24
21 22
9 12
12 15
18 19
12 14
2 98
72 74
9 11
1 97
6 7
78 80
63 66
30 32
27 30
93 95
24 25
51 52
36 37
84 86
87 89
33 34
27 28
24 26
66 69
45 48
0 3
0 1
2 5
54 57
30 31
93 94
39 41
15 18
1 4
87 88
57 58
78 79
15 17
6 9
90 93
54 55
87 90
57 60
33 35
60 62
36 39
21 23
39 42
54 56
82
11 36
8 63
14 46
12 40
2 68
17 56
26 66
19 60
0 3
16 52
10 34
17 75
6 22
14 44
10 57
9 30
13 42
13 41
1 55
24 74
1 5
2 8
7 25
5 67
4 65
10 33
4 15
9 31
15 48
26 82
2 9
14 80
16 50
5 19
7 69
15 47
0 4
12 38
17 53
11 35
10 32
8 26
4 16
1 7
8 28
2 10
12 39
4 14
7 23
7 72
6 20
3 54
0 2
19 71
5 17
5 18
6 21
3 11
11 37
13 43
3 13
17 73
7 24
1 6
15 49
14 77
12 79
19 81
18 58
2 76
9 29
6 59
4 61
5 64
20 78
12 62
8 27
0 1
3 12
24 70
16 51
14 45
80
47 48
9 10
5 14
61 62
16 17
79 80
78 79
33 34
17 26
61 70
60 61
48 57
63 64
64 73
3 12
48 49
54 55
15 24
64 65
10 19
40 41
1 10
28 37
69 78
43 52
21 30
37 38
21 22
70 71
49 50
12 21
18 19
66 67
7 16
14 23
34 43
10 11
0 1
55 64
6 15
1 2
4 13
34 35
15 16
51 52
36 37
43 44
65 74
65 66
40 49
20 21
13 14
52 61
46 47
50 59
33 42
24 33
39 48
32 33
63 72
70 79
46 55
76 77
37 46
52 53
25 34
77 78
19 20
50 51
45 46
14 15
8 17
55 56
20 29
49 58
66 75
12 13
18 27
68 77
31 40
98
64 80
27 35
59 96
52 97
25 37
64 68
19 41
57 93
29 48
64 86
37 38
61 74
46 47
41 42
42 43
49 50
23 54
36 92
47 48
14 58
64 65
54 78
3 52
30 48
16 54
0 43
38 79
37 66
5 44
18 59
24 57
41 77
54 55
25 59
10 52
2 64
13 44
63 64
4 34
42 94
59 87
59 84
6 38
9 35
34 35
56 57
35 82
52 81
59 60
33 34
13 59
61 62
49 89
40 41
37 69
35 36
60 95
47 73
60 61
26 42
32 52
1 43
51 72
7 37
52 53
44 45
36 71
48 49
49 90
43 44
28 54
31 48
8 34
22 44
43 76
58 59
48 83
20 60
48 75
21 57
3 36
38 39
36 37
52 91
38 98
51 85
17 58
15 34
51 52
53 54
37 67
54 88
57 58
52 80
48 67
53 70
12 35
11 54
63
5 6
58 59
16 17
33 34
28 39
49 56
31 42
45 53
31 32
62 64
2 3
2 9
15 24
49 50
25 26
22 31
1 3
20 29
61 62
6 13
48 49
29 30
11 12
60 63
23 24
27 38
39 40
50 57
23 34
17 26
35 36
54 55
20 21
13 14
40 41
28 29
8 9
3 10
3 4
34 43
46 54
59 60
59 62
34 35
41 50
47 55
26 37
53 58
30 31
4 11
50 51
15 16
44 45
5 17
55 60
11 20
19 20
44 52
7 16
26 27
4 5
9 18
35 44
31
0 8
1 20
4 29
1 9
0 30
5 23
4 15
2 28
1 18
1 7
2 26
5 25
1 3
6 12
4 27
6 17
3 22
7 21
0 2
0 1
2 11
0 6
6 31
3 10
2 4
7 13
3 24
0 16
3 5
5 14
7 19
99
10 40
81 89
96 97
10 90
70 77
6 7
90 94
60 65
50 55
12 13
62 63
20 27
82 83
21 29
21 22
50 52
90 92
70 75
40 44
16 17
7 8
60 64
26 27
0 4
0 20
1 9
41 42
37 38
40 42
0 50
40 47
10 12
40 45
60 62
20 22
20 30
10 14
30 32
66 67
91 99
50 57
91 92
0 70
86 87
20 24
10 15
11 12
67 68
80 87
40 60
0 5
22 23
80 82
0 7
27 28
52 53
57 58
76 77
61 62
41 49
0 40
90 95
80 84
61 69
70 72
0 2
20 25
70 74
72 73
10 17
77 78
1 2
60 67
36 37
30 35
71 79
30 37
17 18
71 72
87 88
31 39
92 93
46 47
31 32
30 34
50 80
32 33
47 48
51 59
81 82
90 97
80 85
42 43
2 3
51 52
56 57
11 19
97 98
50 54
96
16 96
45 96
25 96
41 96
6 80
40 97
7 80
34 96
27 96
76 96
84 96
52 96
32 96
39 96
67 96
19 96
35 96
44 80
33 96
2 80
37 96
17 96
77 80
60 96
62 96
78 96
91 96
4 40
80 93
54 80
59 80
87 96
11 96
29 96
46 96
26 96
13 96
72 96
73 80
74 96
28 96
85 96
23 96
66 96
79 96
21 96
49 96
48 96
42 80
65 96
89 96
64 96
57 96
71 96
92 96
15 96
83 96
20 96
10 80
95 96
47 96
94 96
81 96
55 96
1 80
3 80
22 96
70 96
5 80
88 96
75 96
43 96
50 80
31 96
12 96
30 96
14 96
8 80
9 80
24 96
86 96
82 96
69 96
90 96
61 96
58 96
51 96
63 96
80 96
18 96
68 96
36 96
38 96
40 96
56 96
53 96
99
0 85
2 65
30 79
44 98
6 90
12 55
2 14
43 95
1 41
38 93
48 83
53 71
28 58
23 56
6 98
20 83
10 91
14 31
25 76
3 40
36 55
14 42
9 31
5 35
17 50
6 83
15 68
24 52
18 46
23 35
62 78
7 25
46 53
33 38
32 63
41 95
25 53
15 38
34 35
16 33
26 33
45 73
14 57
26 89
29 87
2 8
6 30
17 49
15 56
21 42
11 96
16 59
71 86
12 94
29 67
34 84
44 64
11 69
39 46
10 66
8 97
25 31
49 54
8 20
10 45
1 72
8 22
51 95
37 77
37 41
26 81
67 74
26 52
85 96
11 60
19 51
23 28
39 62
21 47
88 91
34 67
2 80
56 82
52 90
37 63
40 85
4 37
29 51
4 70
6 13
12 91
20 99
10 39
15 27
29 92
61 96
75 90
11 49
12 40
90
10 17
19 23
8 68
2 5
13 60
69 78
9 17
18 48
61 64
53 69
69 88
43 75
25 94
39 62
55 83
6 69
24 28
78 84
39 97
9 96
10 73
12 87
2 59
7 14
59 69
38 69
30 65
41 79
2 33
59 63
15 82
16 81
0 86
35 78
8 20
14 69
16 37
14 66
43 71
1 71
18 35
22 53
54 74
9 69
36 70
21 76
80 81
43 56
12 15
3 41
20 77
58 97
69 92
69 98
34 69
26 35
2 24
25 60
18 55
27 89
51 72
17 57
69 99
34 47
11 25
69 97
69 74
71 74
69 81
33 85
7 91
7 31
0 39
3 4
49 69
60 69
5 27
12 36
9 19
8 34
69 76
3 16
8 51
12 93
15 69
25 61
7 65
32 90
0 90
67 69
73
33 64
64 73
64 67
2 64
37 64
64 65
13 64
19 64
6 64
14 64
45 64
64 71
59 64
54 64
51 64
46 64
7 64
60 64
21 64
16 64
39 64
50 64
15 64
9 64
26 64
43 64
44 64
42 64
5 64
34 64
25 64
20 64
64 68
29 64
57 64
64 66
49 64
52 64
30 64
27 64
22 64
28 64
61 64
62 64
56 64
63 64
32 64
18 64
64 69
55 64
64 70
8 64
1 64
10 64
11 64
40 64
35 64
17 64
12 64
4 64
24 64
38 64
36 64
0 64
53 64
48 64
58 64
23 64
31 64
64 72
47 64
3 64
41 64
10
7 8
3 5
3 7
7 9
9 11
1 3
2 3
9 10
3 6
4 7
5
1 2
1 3
1 5
1 6
1 4
21
19 21
8 9
5 6
15 16
9 12
11 12
12 18
10 12
19 22
5 7
4 5
18 19
12 13
3 9
3 5
19 20
14 15
1 3
15 17
2 3
15 18
39
0 20
0 8
0 34
0 24
0 30
0 3
0 6
0 21
0 27
0 35
0 1
0 14
0 29
0 11
0 38
0 32
0 28
0 13
0 2
0 31
0 19
0 39
0 10
0 15
0 17
0 16
0 4
0 22
0 36
0 9
0 26
0 7
0 5
0 18
0 23
0 12
0 25
0 33
0 37
99
5 60
5 8
3 79
6 99
28 38
8 25
6 85
6 73
6 17
1 22
6 83
27 63
6 78
6 93
0 5
6 64
6 61
6 92
6 87
6 82
10 24
6 69
6 57
6 54
1 46
9 11
6 84
1 44
6 91
6 96
2 75
3 40
8 52
8 29
6 97
2 41
13 27
3 20
8 10
2 39
6 67
16 50
12 16
6 42
18 34
10 14
2 12
0 9
1 6
6 77
25 43
12 31
0 3
0 1
2 7
6 53
10 59
6 94
6 80
6 70
6 55
6 62
1 4
12 18
6 68
9 71
6 56
2 13
6 37
6 66
6 51
14 76
18 33
6 47
6 95
6 74
6 81
6 26
0 28
0 65
6 89
6 23
6 98
6 45
15 35
0 19
0 2
6 49
6 88
12 32
6 90
6 30
6 48
6 36
3 21
24 72
6 58
0 15
6 86
99
30 48
4 64
69 77
60 69
16 69
59 69
58 69
25 69
3 24
28 69
68 69
53 69
61 69
55 69
44 69
15 69
0 4
4 10
37 69
27 36
29 69
69 78
11 27
1 57
69 76
69 88
69 96
5 43
0 2
65 69
2 6
30 62
20 69
69 91
69 87
33 69
47 69
69 73
22 69
11 30
27 35
69 79
23 74
21 69
69 99
12 26
63 69
56 69
50 69
41 69
69 83
67 69
0 1
69 80
69 82
69 95
49 69
32 69
14 69
54 69
69 72
40 69
19 69
9 31
42 66
0 3
69 94
23 34
39 69
69 86
3 8
10 12
3 5
7 17
2 23
3 13
0 9
69 81
3 7
4 69
10 52
38 69
46 69
51 69
69 90
10 42
69 71
11 18
69 75
45 69
69 85
69 84
69 70
4 11
69 93
69 92
69 89
69 97
69 98
99
14 48
14 98
14 49
14 67
4 12
0 6
0 35
10 54
14 16
19 40
14 18
40 96
14 88
25 34
14 53
14 36
14 92
14 70
14 93
14 82
2 4
33 39
14 57
14 79
14 84
3 25
14 97
14 65
14 89
14 62
60 63
14 22
14 64
14 94
15 44
40 61
14 78
6 33
14 58
14 26
2 13
14 66
14 68
14 74
14 72
4 14
0 2
7 69
14 73
14 46
3 10
14 86
14 76
3 9
7 15
14 71
14 59
14 51
29 42
14 90
14 99
14 45
14 34
14 32
14 23
14 37
14 21
14 75
14 43
14 95
14 77
14 38
14 50
7 11
14 91
14 24
8 55
25 31
14 81
0 5
10 29
12 27
14 83
14 56
2 8
4 7
14 28
14 61
2 41
14 47
55 60
14 52
14 87
14 85
8 20
14 30
0 1
14 80
14 17
99
20 54
28 69
30 69
69 81
20 61
42 82
48 82
31 69
69 82
91 99
12 69
22 69
45 69
67 99
58 69
20 44
82 83
9 46
12 88
40 69
20 65
38 99
6 69
18 99
66 69
43 82
8 69
19 99
34 69
51 69
20 52
17 99
69 93
7 69
37 69
80 99
55 69
24 69
68 99
9 69
10 20
69 85
4 69
0 99
69 99
20 32
5 99
53 82
3 12
20 33
69 84
86 99
20 50
69 98
69 73
60 82
71 99
69 95
25 69
49 69
20 21
11 82
12 62
64 69
12 36
9 78
20 75
20 96
20 69
20 39
9 56
69 90
69 97
20 89
69 74
20 41
15 99
20 77
69 94
63 82
69 92
29 82
69 72
69 76
20 23
1 69
26 99
9 35
69 70
14 69
9 47
13 20
20 87
16 20
20 79
27 99
2 20
20 57
59 69
84
37 59
11 25
26 68
51 69
27 48
0 53
50 69
24 43
16 69
44 57
15 53
22 81
5 15
36 69
1 37
32 42
8 49
55 59
22 30
24 56
22 77
10 70
44 83
7 26
11 63
27 33
40 46
14 37
11 29
45 77
10 38
21 27
6 59
2 41
20 67
72 80
1 23
51 61
53 66
10 18
17 31
26 60
9 72
35 70
32 70
1 84
17 83
37 72
46 74
0 2
39 44
32 58
24 34
51 70
26 71
7 32
33 56
73 77
21 82
77 83
19 72
3 56
12 49
15 26
44 46
1 77
11 83
27 52
2 13
48 53
4 21
78 83
56 79
20 49
20 27
20 54
2 47
0 17
1 75
17 65
56 76
32 64
28 51
0 62
84
20 49
10 31
63 84
10 70
41 63
71 75
75 78
28 82
28 62
58 61
29 49
3 10
42 78
59 64
36 40
41 69
16 79
15 53
63 81
40 67
43 64
5 35
28 51
47 66
17 71
15 26
34 43
56 79
72 80
14 28
31 78
19 53
7 26
1 37
2 41
26 68
1 77
12 67
39 59
12 60
8 49
31 57
40 46
27 52
10 38
13 64
12 49
22 49
65 66
5 54
32 64
46 74
33 61
1 75
5 25
9 61
48 75
1 23
21 52
15 64
75 84
24 66
26 71
76 80
5 29
5 15
11 63
4 78
46 58
53 66
39 80
55 59
0 53
29 52
45 80
6 59
15 73
10 18
44 46
43 79
41 50
30 40
28 39
78 83
99
70 71
67 87
7 61
31 34
34 94
7 74
34 42
7 70
7 22
7 34
34 55
7 65
17 34
2 73
34 62
7 56
83 87
7 12
7 78
26 34
7 72
34 93
7 97
45 87
27 34
25 87
34 90
5 87
70 85
6 34
7 24
0 34
34 49
2 33
34 48
35 87
7 64
21 87
2 81
4 87
7 69
7 87
7 79
7 50
7 66
7 10
28 70
34 77
34 82
7 39
53 70
7 91
13 34
34 89
7 44
34 57
3 7
16 34
19 70
2 7
34 96
7 14
1 7
7 92
68 87
7 29
34 43
7 95
34 80
34 38
7 52
15 34
18 87
34 60
47 87
59 70
46 87
32 87
34 51
9 87
8 87
7 75
34 58
7 86
7 98
30 34
34 41
7 23
2 37
34 63
7 84
7 76
11 34
54 87
7 88
20 34
34 99
7 36
7 40
99
70 90
19 64
5 70
13 65
57 65
23 58
26 58
29 58
31 65
61 64
52 64
58 64
53 58
7 70
11 58
58 84
65 96
47 65
45 58
8 64
50 64
0 58
59 64
35 77
33 65
44 58
21 35
32 65
58 67
64 93
3 58
58 81
10 65
58 65
24 65
18 58
58 74
58 66
35 58
58 88
64 89
36 58
48 58
27 64
65 70
70 72
65 71
51 58
58 86
64 85
49 58
41 64
37 58
58 75
9 64
38 58
70 76
16 35
20 70
25 65
56 58
12 65
2 58
46 64
70 94
54 58
58 95
17 58
28 35
70 80
35 43
70 82
55 65
34 58
39 70
40 58
4 64
58 62
15 35
58 91
58 83
60 65
30 58
64 87
1 58
6 70
58 99
65 73
64 68
65 69
65 92
58 98
22 64
64 78
58 97
14 58
0 79
42 64
58 63
99
46 70
22 86
10 99
3 81
45 81
22 72
22 98
22 52
0 81
22 74
24 81
22 84
7 81
43 81
13 81
22 71
22 50
22 94
22 88
46 81
19 81
21 81
85 99
22 61
22 60
23 81
22 51
22 77
44 81
22 67
22 64
22 89
42 81
49 99
14 99
32 81
5 81
12 81
22 62
46 59
20 81
22 68
22 66
22 87
22 96
22 81
37 81
46 91
40 81
48 81
4 99
22 76
33 99
30 99
1 99
35 81
22 82
22 69
46 83
16 81
26 99
46 53
39 81
22 58
15 81
29 81
17 99
27 81
22 63
41 81
8 81
22 56
6 99
22 80
22 55
22 78
36 81
9 81
22 90
11 99
34 81
18 81
46 92
47 81
22 54
22 99
22 65
22 57
31 81
22 79
22 73
22 97
38 81
25 81
22 95
28 81
22 93
22 75
2 81
63
34 39
34 44
26 34
34 62
34 47
34 63
34 53
28 34
10 34
23 34
34 59
14 34
19 34
34 40
34 36
34 56
0 34
34 38
34 46
34 61
2 34
34 58
34 50
34 52
32 34
20 34
33 34
34 43
3 34
8 34
18 34
21 34
29 34
34 60
24 34
9 34
34 37
22 34
34 57
4 34
31 34
25 34
34 35
11 34
12 34
34 48
17 34
30 34
6 34
34 42
5 34
27 34
13 34
34 54
34 45
16 34
34 49
34 55
7 34
34 51
1 34
15 34
34 41
39
16 22
22 25
22 36
22 39
21 22
15 22
1 22
20 22
22 35
11 22
9 22
22 23
6 22
22 28
22 29
18 22
10 22
4 22
12 22
19 22
3 22
13 22
22 38
5 22
0 22
17 22
22 26
22 27
22 33
2 22
14 22
7 22
22 32
22 24
22 37
8 22
22 30
22 34
22 31
99
31 90
30 61
14 30
5 12
50 73
17 35
0 2
22 46
31 86
11 23
20 56
10 22
32 65
3 8
32 66
34 95
23 47
23 70
24 49
13 59
23 98
30 76
10 91
23 94
11 24
14 29
1 89
12 26
8 18
11 52
6 13
22 45
13 27
9 51
2 5
11 54
50 88
21 43
28 57
4 10
1 3
10 21
28 78
29 60
20 69
24 74
5 62
12 79
9 19
4 9
17 36
24 50
3 83
31 63
12 25
15 82
8 17
3 55
10 97
1 4
9 20
5 11
23 48
31 64
0 71
21 44
19 40
15 32
14 87
30 93
41 84
21 68
16 33
13 28
31 77
7 16
8 81
12 85
4 72
18 37
22 96
19 39
0 1
12 75
16 34
3 7
5 80
20 42
10 99
6 14
26 67
20 41
15 31
2 6
18 38
2 58
41 92
14 53
7 15
99
27 82
9 28
18 58
0 2
10 87
52 84
18 41
60 66
15 68
6 15
0 50
0 3
64 87
15 40
15 35
28 83
28 81
10 94
0 72
7 18
28 98
9 38
0 43
19 28
18 54
0 55
18 96
37 95
37 85
58 66
6 63
15 48
15 77
82 91
9 86
24 75
39 87
65 82
18 80
6 16
32 78
37 79
0 15
0 82
0 1
42 78
22 78
0 4
18 61
20 52
15 99
15 44
53 87
15 70
8 18
9 15
0 49
18 56
30 82
14 18
58 88
9 75
11 28
6 78
52 87
25 58
15 46
28 73
13 28
6 62
51 58
15 34
37 59
31 58
5 10
66 76
22 67
0 10
78 97
0 12
87 92
15 47
15 45
6 26
6 93
36 82
0 89
33 75
15 74
18 57
21 22
18 71
15 71
9 29
6 17
6 37
52 90
9 23
69 82
99
5 15
6 18
5 13
31 87
4 76
1 39
10 26
13 38
2 8
6 17
34 99
34 91
8 23
34 93
4 11
12 30
4 78
10 25
5 83
5 89
5 98
10 28
4 10
0 1
25 72
22 63
5 85
0 2
6 16
7 19
12 29
2 60
2 57
1 37
25 75
2 61
34 95
16 40
4 79
1 43
4 70
7 21
13 32
1 4
1 44
0 3
2 62
5 96
2 56
1 48
4 80
2 52
13 33
16 45
25 67
25 73
16 47
2 53
31 82
4 77
5 14
4 74
1 5
14 35
16 41
2 7
26 71
2 49
8 22
2 9
1 46
14 34
9 24
2 64
13 31
5 90
19 54
14 36
1 42
5 92
2 59
2 65
7 20
31 86
34 97
2 58
4 68
5 88
4 81
2 51
31 84
1 6
2 66
2 50
4 69
34 94
2 55
10 27
4 12
88
16 44
0 83
0 50
14 44
22 44
0 85
0 45
43 44
30 44
13 44
27 44
6 44
7 44
20 44
34 44
15 44
28 44
0 49
0 67
0 84
0 79
0 80
10 44
18 44
0 82
0 54
9 44
23 44
0 51
0 75
11 44
0 68
0 81
24 44
0 64
38 44
5 44
0 48
0 46
8 44
0 61
42 44
33 44
0 62
0 44
0 58
0 47
4 44
0 76
0 78
2 44
31 44
0 74
37 44
0 59
0 56
12 44
39 44
0 65
0 77
0 52
25 44
32 44
0 69
0 70
19 44
41 44
35 44
0 88
17 44
36 44
0 55
0 57
0 53
0 60
0 86
0 66
0 71
0 63
26 44
0 72
21 44
40 44
0 73
1 44
29 44
0 87
3 44
99
0 7
0 30
22 59
0 77
16 53
31 68
21 58
0 26
0 2
0 4
0 1
25 62
6 43
0 23
0 98
0 76
27 64
0 25
0 87
0 35
0 3
23 60
13 50
0 19
0 36
0 11
30 67
0 15
0 88
0 83
29 66
32 69
1 38
0 95
0 18
0 32
0 22
0 10
0 37
0 91
0 92
0 86
7 44
8 45
0 13
0 82
24 61
0 21
15 52
17 54
0 89
0 9
35 72
0 20
0 14
0 93
0 96
20 57
0 85
4 41
36 73
0 34
10 47
0 16
12 49
0 33
0 31
0 17
28 65
0 94
0 27
34 71
0 84
0 12
0 6
2 39
0 80
0 99
0 8
0 79
0 90
18 55
0 81
0 28
19 56
0 78
5 42
33 70
0 97
0 5
26 63
0 75
9 46
3 40
0 24
11 48
14 51
0 29
0 74
98
91 93
76 93
35 47
35 45
77 93
93 98
1 3
35 51
1 24
1 8
1 30
35 50
1 27
1 32
35 53
35 63
1 21
81 93
35 62
35 60
35 42
35 55
35 40
87 93
1 17
1 25
90 93
85 93
89 93
35 44
1 20
35 48
1 11
1 2
75 93
71 93
74 93
1 26
1 7
33 35
1 19
93 96
35 72
35 59
1 22
35 65
1 12
83 93
82 93
1 5
93 94
1 14
35 56
68 93
70 93
35 43
1 29
93 97
35 39
35 41
35 37
35 57
67 93
1 6
93 95
1 16
34 35
86 93
35 49
80 93
1 28
72 93
35 46
35 38
35 36
84 93
35 52
1 35
66 93
92 93
88 93
1 10
35 58
1 18
35 61
0 1
1 13
1 15
1 31
69 93
1 23
35 64
35 54
1 4
79 93
1 9
78 93
73 93
99
0 56
0 11
0 15
0 25
0 37
0 80
0 55
0 74
0 35
0 96
0 72
0 32
0 86
0 4
0 84
0 45
0 78
0 39
0 36
0 12
0 52
0 73
0 49
0 43
0 70
0 71
0 98
0 58
0 75
0 47
0 27
0 48
0 18
0 93
0 79
0 82
0 13
0 14
0 81
0 53
0 31
0 92
0 91
0 90
0 40
0 94
0 44
0 42
0 5
0 2
0 46
0 34
0 19
0 38
0 57
0 62
0 3
0 51
0 61
0 23
0 7
0 88
0 1
0 21
0 8
0 63
0 64
0 97
0 60
0 66
0 10
0 85
0 50
0 33
0 76
0 17
0 26
0 69
0 9
0 68
0 54
0 6
0 65
0 89
0 29
0 67
0 83
0 16
0 22
0 99
0 59
0 87
0 41
0 30
0 24
0 77
0 28
0 20
0 95
83
42 66
42 45
42 55
0 31
0 11
42 54
42 48
42 49
0 25
42 59
42 62
42 72
42 78
0 26
0 37
0 4
0 5
42 69
42 80
42 58
0 38
0 36
42 67
0 9
42 73
42 46
0 23
0 28
0 39
0 21
42 64
0 18
0 20
42 82
42 79
42 83
0 13
0 15
0 12
42 70
42 68
42 74
0 10
42 53
0 27
42 76
42 47
42 60
42 50
42 51
42 65
0 6
42 71
42 61
0 1
0 41
42 52
42 43
0 2
0 34
0 35
0 33
42 63
42 56
0 3
0 30
0 22
0 16
0 24
0 32
42 81
42 57
0 42
0 19
0 14
42 77
0 17
42 75
0 40
0 7
42 44
0 29
0 8
99
64 65
0 50
0 92
27 28
0 17
18 19
0 38
0 80
0 32
33 34
70 72
81 82
0 89
4 5
0 68
0 65
24 25
39 40
0 5
88 90
16 17
58 59
58 60
12 13
94 95
15 16
0 83
0 59
0 20
76 78
10 12
0 47
66 67
3 4
63 64
94 96
0 23
21 22
76 77
16 18
0 8
0 77
88 89
40 42
82 83
0 95
0 56
78 79
0 62
54 55
52 53
0 98
87 88
64 66
28 30
0 29
36 37
0 71
40 41
0 86
46 48
0 26
90 91
48 49
82 84
6 7
22 23
97 99
93 94
51 52
10 11
0 2
0 53
4 6
22 24
0 44
57 58
34 36
0 74
60 61
28 29
75 76
0 1
52 54
30 31
0 41
45 46
9 10
0 35
84 85
0 14
70 71
34 35
42 43
0 11
96 97
72 73
46 47
69 70
99
70 90
4 69
34 82
57 87
35 90
85 92
65 94
46 82
69 93
83 92
69 84
32 83
36 56
69 89
60 65
25 69
57 80
47 69
2 65
49 65
29 62
69 97
29 57
48 56
64 90
42 69
61 92
24 58
66 90
83 90
65 67
68 69
65 95
41 53
17 58
10 82
15 69
8 82
7 24
88 90
65 91
51 82
38 90
24 45
29 69
58 98
39 69
3 65
49 69
40 90
57 76
20 56
12 24
37 69
29 99
55 69
16 83
0 69
23 69
50 65
54 98
14 24
69 78
58 63
19 98
21 29
51 58
69 71
56 77
6 69
31 69
52 65
5 69
69 73
53 65
11 51
28 83
30 65
1 29
27 57
51 69
44 65
33 69
13 82
69 81
43 65
65 79
9 58
22 90
29 90
18 65
26 98
59 69
57 75
29 86
29 96
65 72
24 56
53 74
99
14 52
12 47
58 93
55 74
27 43
45 47
27 77
42 47
47 80
29 69
64 83
20 47
5 44
75 90
51 74
5 17
47 74
4 40
1 16
62 65
69 99
2 65
52 60
1 22
53 69
1 28
1 83
23 74
36 47
1 67
1 24
69 84
47 59
41 90
40 74
1 98
65 94
65 68
27 33
57 74
52 97
1 13
47 73
8 40
5 37
5 34
52 74
58 88
10 74
1 47
15 79
15 40
85 94
30 74
69 89
72 74
47 58
25 65
35 47
65 91
1 21
1 19
52 92
5 82
40 94
27 70
47 81
1 90
3 15
29 47
76 83
74 95
18 40
1 7
5 65
54 74
1 11
58 63
3 39
5 78
48 52
27 56
31 47
40 86
50 74
26 74
40 49
1 9
0 74
32 65
27 47
5 6
65 96
58 61
65 71
1 87
52 66
46 69
38 58
99
28 79
28 86
67 90
22 67
28 33
67 68
38 83
51 98
3 15
86 94
57 67
51 69
15 95
0 22
51 75
30 83
1 28
28 54
44 51
53 91
11 15
21 51
28 89
48 86
45 51
28 41
15 42
68 76
15 85
8 28
51 73
31 86
47 49
28 67
43 67
58 72
15 22
15 52
28 36
7 28
67 78
15 26
65 86
51 58
6 15
34 49
15 35
32 49
49 96
25 83
15 81
83 99
15 37
70 91
20 28
83 84
4 28
28 60
50 67
68 97
40 51
14 68
46 68
15 82
15 91
23 86
22 24
15 80
13 68
28 51
77 91
51 88
49 87
16 28
15 61
64 83
49 67
15 92
5 67
71 83
22 55
58 62
15 56
17 28
67 74
22 83
29 51
2 22
63 80
10 80
27 83
39 86
9 86
19 22
58 66
28 59
67 93
18 83
12 67
62
0 25
0 14
0 49
0 9
0 56
0 5
0 6
0 41
0 55
0 21
0 20
0 45
0 12
0 48
0 19
0 39
0 23
0 60
0 46
0 11
0 2
0 37
0 13
0 42
0 40
0 51
0 17
0 61
0 15
0 16
0 44
0 8
0 1
0 53
0 54
0 35
0 57
0 31
0 38
0 34
0 32
0 47
0 58
0 33
0 62
0 27
0 30
0 36
0 28
0 29
0 24
0 7
0 10
0 3
0 18
0 43
0 22
0 52
0 26
0 59
0 4
0 50
99
58 69
85 96
47 58
18 29
37 47
50 61
71 72
0 11
12 23
8 9
84 94
64 65
70 71
57 58
44 55
10 21
1 12
41 42
56 67
45 56
74 75
63 74
2 12
3 14
24 35
64 74
42 43
42 52
87 98
38 39
60 71
56 66
61 62
41 51
15 16
84 95
11 12
71 82
97 98
23 24
38 49
24 25
5 16
83 93
37 38
6 16
23 33
7 18
55 56
8 18
71 81
78 88
46 56
24 34
54 55
80 90
4 14
84 85
80 91
67 78
77 78
17 18
14 24
42 53
20 21
27 37
83 84
73 84
36 37
16 26
48 58
16 27
68 78
18 19
51 61
40 41
21 22
82 83
88 98
65 76
82 92
55 65
18 28
98 99
74 84
58 68
80 81
58 59
30 41
21 31
13 24
61 71
16 17
78 79
85 86
11 21
21 32
78 89
31 42
99
19 28
54 77
71 74
13 74
40 74
49 59
17 28
13 76
49 50
19 85
32 74
74 93
34 38
49 80
28 57
23 74
28 65
49 90
37 74
74 87
21 74
28 74
12 19
18 49
74 98
7 28
54 70
28 68
54 62
49 75
53 54
11 78
69 78
19 26
54 83
41 78
20 74
19 49
16 49
15 19
49 73
28 78
9 28
54 58
64 74
48 54
33 74
19 43
28 89
14 74
54 56
28 44
54 95
49 72
1 74
43 54
19 29
42 74
19 82
47 74
22 74
13 92
45 49
39 78
54 55
49 94
49 96
74 84
35 74
52 74
49 51
78 86
54 97
25 38
19 27
78 99
49 79
10 28
2 19
36 49
8 78
19 91
3 49
28 88
19 24
5 54
19 38
4 49
28 31
63 74
66 74
28 67
28 81
61 74
0 19
19 30
6 78
46 49
28 60
99
22 81
22 90
22 45
83 91
11 22
29 91
22 37
6 22
50 73
47 48
10 91
41 91
52 91
22 24
22 94
85 91
17 91
22 31
22 76
22 57
5 54
14 22
22 59
46 54
22 33
22 98
16 48
50 93
22 82
2 50
22 38
72 91
22 61
8 22
22 79
22 56
3 22
22 54
22 88
22 34
50 51
22 42
22 49
22 43
22 55
22 25
75 91
54 69
86 91
54 95
22 99
22 67
48 78
50 96
22 92
22 60
40 50
22 68
7 54
22 36
39 91
9 22
22 62
48 77
65 91
22 71
22 48
22 74
12 54
50 58
18 91
28 91
4 22
0 54
22 89
1 22
19 22
22 26
22 80
35 91
21 22
64 91
13 22
44 54
22 87
22 91
63 91
22 70
53 91
91 97
32 91
22 30
22 66
23 48
22 84
50 91
15 54
20 22
22 27
99
2 6
31 86
82 85
17 29
10 12
7 85
6 73
56 85
50 85
17 77
52 75
17 84
10 64
44 53
48 50
10 57
8 42
37 47
85 95
67 85
40 85
4 37
37 70
17 32
37 61
9 85
80 85
1 81
6 50
17 97
17 46
17 88
36 37
17 85
34 85
17 76
10 27
22 63
85 91
10 31
17 72
44 93
60 85
30 85
6 39
35 44
17 98
10 92
22 42
50 59
0 17
37 69
10 79
6 18
49 75
78 85
10 41
17 23
37 65
17 99
17 21
50 75
3 10
5 37
51 85
10 28
44 85
50 54
17 94
10 55
20 85
15 50
17 43
33 81
17 26
17 38
10 89
11 37
14 85
17 37
17 58
85 96
10 62
37 45
22 25
37 71
10 81
16 50
74 85
17 31
17 19
37 68
42 85
66 85
6 87
83 85
24 31
13 37
31 90
99
0 32
0 29
50 99
64 85
0 3
98 99
64 84
40 99
41 99
0 1
0 21
64 77
0 6
64 82
60 99
61 99
64 90
0 8
0 23
64 79
43 99
64 92
0 18
0 7
64 69
45 99
64 91
0 20
64 76
64 71
0 28
95 99
52 99
53 99
64 99
0 13
64 89
64 74
0 26
44 99
0 15
62 99
0 99
0 34
37 99
64 73
55 99
0 25
64 81
0 10
0 5
57 99
42 99
64 86
0 27
0 33
64 83
64 94
0 12
49 99
0 35
97 99
64 66
0 4
64 80
46 99
0 9
47 99
64 68
0 17
63 64
96 99
39 99
36 99
64 93
0 22
64 78
54 99
64 67
0 19
64 75
0 30
56 99
64 88
64 65
0 14
51 99
64 70
0 11
48 99
0 2
38 99
0 16
64 72
0 31
64 87
0 24
58 99
59 99
93
37 92
62 91
92 93
56 93
11 91
39 92
86 93
44 92
23 92
16 92
14 91
2 91
75 91
63 91
83 93
84 93
46 93
53 93
8 91
21 92
87 93
36 92
70 91
85 93
91 92
25 92
57 93
47 93
67 91
58 93
41 92
48 93
73 91
61 91
40 92
90 93
71 91
38 92
33 92
64 91
20 92
22 92
49 93
51 93
3 91
15 91
88 93
78 93
27 92
59 93
60 93
43 92
50 93
65 91
29 92
74 91
9 91
6 91
68 91
76 93
24 92
19 92
12 91
45 92
52 93
35 92
7 91
17 92
79 93
0 14
13 91
89 93
18 92
77 93
34 92
69 91
1 91
55 93
4 91
80 93
66 91
32 92
31 92
26 92
42 92
10 91
54 93
72 91
82 93
28 92
30 92
5 91
81 93
99
0 40
1 85
0 28
1 82
3 11
2 64
4 94
1 68
3 32
3 73
1 57
2 17
1 10
0 53
0 33
0 44
1 78
1 58
1 92
3 88
2 81
1 5
1 3
4 70
1 29
3 61
0 98
0 36
0 15
1 62
4 79
2 25
4 19
0 51
3 77
0 45
3 99
2 96
2 74
1 69
4 93
0 49
3 14
0 63
4 80
1 35
2 24
4 31
4 66
3 6
2 47
2 59
2 54
0 4
4 76
2 65
2 84
1 56
4 89
0 13
2 23
0 38
3 21
3 34
1 27
4 43
3 97
2 46
2 83
4 9
4 52
2 12
3 42
3 41
4 71
1 22
1 18
3 91
1 8
3 55
1 4
0 67
1 2
1 50
2 48
1 20
2 30
2 16
3 95
4 87
3 26
0 60
4 90
3 7
0 37
3 39
1 86
4 72
0 75
99
6 21
8 39
0 7
3 56
6 46
2 62
7 45
3 44
8 95
0 40
6 27
2 23
4 25
3 19
5 78
3 52
2 54
0 6
1 15
8 74
0 20
4 18
2 70
2 93
7 49
8 76
2 29
3 10
6 53
1 82
8 28
0 75
1 22
5 38
8 37
3 55
9 17
0 65
3 97
5 67
3 42
2 91
2 57
7 72
7 87
2 88
8 13
2 3
8 71
1 90
9 99
3 5
8 34
2 94
0 61
1 89
1 8
7 68
3 24
7 79
3 32
1 60
2 12
0 50
9 77
1 59
2 85
4 16
1 43
0 86
1 36
1 4
2 8
9 66
1 98
0 96
3 30
0 58
7 41
0 64
0 4
0 31
9 81
5 14
7 92
2 80
2 35
3 83
8 73
6 9
9 84
3 26
8 69
8 63
7 33
8 51
3 48
5 11
3 47
99
6 38
12 19
2 86
1 43
13 24
8 47
6 41
5 10
7 68
5 44
1 59
6 12
12 37
11 90
1 7
11 76
6 58
7 74
8 46
12 91
3 54
4 31
2 96
9 10
5 15
4 79
8 48
2 10
8 10
7 63
8 45
0 88
5 98
14 84
9 13
8 53
14 72
4 78
4 95
6 20
4 39
11 57
0 14
12 27
7 81
9 18
5 73
10 92
11 12
1 14
6 50
4 29
2 36
9 62
4 42
4 77
4 16
7 89
11 75
6 30
3 32
6 97
9 83
11 99
13 56
7 25
5 87
3 14
11 26
2 34
9 80
13 94
2 85
12 70
14 35
14 55
0 17
9 14
14 93
0 4
14 67
0 33
10 60
3 52
10 71
3 21
5 61
2 82
8 66
9 28
5 64
8 49
5 51
3 23
7 40
10 12
14 22
0 69
3 65
99
0 75
46 47
61 96
43 90
2 3
57 58
7 8
66 67
31 86
22 23
28 29
23 24
34 35
19 20
18 19
9 10
38 39
34 87
37 88
13 80
39 40
49 92
64 97
51 52
56 57
50 51
15 16
52 93
67 98
31 32
4 77
63 64
10 11
13 14
40 41
16 81
48 49
68 69
11 12
47 48
22 83
54 55
3 4
44 45
0 74
65 66
70 71
14 15
33 34
16 17
17 18
0 73
6 7
61 62
30 31
69 70
55 56
42 43
24 25
4 5
25 84
49 50
35 36
40 89
7 78
71 72
19 82
64 65
55 94
59 60
62 63
58 59
28 85
1 76
46 91
10 79
8 9
70 99
58 95
53 54
12 13
32 33
67 68
26 27
1 75
20 21
1 2
5 6
36 37
27 28
25 26
45 46
21 22
52 53
43 44
41 42
29 30
37 38
60 61
99
0 5
0 80
0 41
0 78
0 17
0 89
0 22
0 37
0 35
0 82
0 67
0 56
0 84
0 25
0 66
0 19
0 11
0 53
0 45
0 39
0 77
0 55
0 58
0 29
0 21
0 52
0 15
0 6
0 81
0 97
0 63
0 96
0 73
0 23
0 90
0 14
0 34
0 72
0 51
0 57
0 49
0 16
0 10
0 92
0 95
0 3
0 59
0 20
0 12
0 18
0 38
0 33
0 64
0 94
0 98
0 62
0 43
0 65
0 88
0 99
0 42
0 40
0 75
0 24
0 69
0 50
0 27
0 44
0 71
0 68
0 13
0 46
0 26
0 47
0 61
0 86
0 79
0 2
0 70
0 54
0 32
0 31
0 83
0 28
0 85
0 8
0 9
0 91
0 74
0 48
0 1
0 93
0 30
0 76
0 87
0 4
0 36
0 7
0 60
99
2 15
46 75
3 79
15 96
59 75
15 26
15 40
3 22
11 16
15 27
3 94
73 75
11 63
11 15
15 58
15 57
15 38
75 82
15 21
13 15
11 67
15 19
41 91
3 86
11 53
3 49
11 24
15 45
15 36
15 83
15 17
3 37
15 29
6 15
11 78
72 91
15 18
15 44
1 15
3 47
15 20
15 61
15 90
11 85
15 71
3 68
15 62
10 15
15 65
15 28
15 23
56 91
11 69
15 75
3 64
15 91
15 66
3 81
3 14
3 39
3 98
15 52
11 84
3 48
3 31
0 3
8 15
11 33
15 34
3 25
4 11
3 15
15 74
15 43
3 80
15 88
15 87
15 93
3 30
5 15
75 99
7 11
3 12
15 70
15 50
3 89
3 54
15 42
15 92
9 15
3 77
11 32
3 55
3 95
15 35
15 51
11 60
11 97
15 76
9
5 7
3 6
2 7
1 7
0 7
7 8
6 7
3 4
7 9
21
4 9
0 13
6 11
0 16
4 18
9 19
9 15
10 12
4 21
1 10
9 17
5 12
10 19
2 9
3 6
12 13
19 20
8 9
7 9
13 14
6 19
99
83 85
20 37
6 19
57 58
19 20
23 37
73 79
11 19
73 77
43 57
83 97
47 57
82 83
45 57
41 57
67 73
1 19
51 57
83 91
57 60
69 73
21 37
37 39
15 19
49 57
83 98
54 57
56 57
3 19
73 81
35 37
83 89
30 37
26 37
64 73
83 96
17 19
65 73
10 19
24 37
73 75
83 86
83 95
83 90
61 62
71 73
48 57
12 19
13 19
36 37
62 73
55 57
53 57
37 38
83 84
0 19
73 80
2 19
28 37
27 37
5 19
31 37
29 37
73 76
83 88
7 19
25 37
40 41
83 93
32 37
8 19
73 78
73 82
34 37
57 59
72 73
16 19
83 94
18 19
63 73
22 37
83 87
42 57
57 61
46 57
44 57
70 73
66 73
50 57
37 40
68 73
4 19
73 74
14 19
52 57
83 92
83 99
33 37
9 19
90
33 41
23 30
32 41
22 30
9 14
28 35
21 27
27 34
11 17
77 90
7 11
73 85
39 49
17 23
5 9
71 83
62 74
69 82
6 9
55 66
62 73
65 77
54 64
41 50
5 8
56 67
59 71
69 81
44 53
63 75
57 69
29 38
2 5
65 76
33 42
17 24
50 60
44 54
47 58
23 31
36 44
26 33
37 47
71 84
48 59
35 43
76 89
1 2
52 62
12 17
14 20
54 65
20 27
67 80
25 33
66 78
76 88
67 79
12 18
20 26
46 56
73 86
27 35
2 4
46 57
49 60
40 49
30 39
49 59
59 70
75 87
38 47
57 68
75 88
41 51
10 14
50 61
30 38
3 5
9 13
60 72
11 16
78 91
35 44
61 73
15 20
47 57
45 54
66 77
14 19
97
15 18
78 86
89 97
39 45
66 73
40 46
14 17
92 93
5 7
25 29
82 90
88 96
56 63
7 10
52 58
28 32
93 94
21 25
14 18
2 4
41 46
59 66
39 44
16 20
28 33
76 83
74 81
27 32
94 95
65 72
46 52
24 28
19 23
84 92
47 53
85 93
57 64
37 42
30 35
64 71
45 51
43 49
32 37
4 6
38 43
61 67
79 86
1 3
6 9
91 92
60 67
95 96
50 56
12 15
18 22
87 95
60 66
61 68
40 45
26 30
59 65
55 61
67 74
82 89
81 88
90 98
35 40
56 62
25 30
81 89
63 70
26 31
42 47
42 48
58 65
9 12
16 19
1 2
75 82
54 60
13 16
34 39
58 64
41 47
57 63
36 41
15 19
22 26
43 48
86 94
76 84
69 76
77 84
80 88
6 8
7 9
11 14
23
2 3
15 20
11 15
4 8
2 5
12 15
15 18
16 21
14 15
15 16
3 4
20 23
2 6
4 16
21 22
10 15
1 2
9 10
20 24
4 13
17 21
7 10
15 19
98
7 32
15 67
24 78
15 16
15 32
16 51
32 38
15 53
16 47
15 93
15 30
32 82
15 46
21 24
15 58
16 61
16 43
25 74
25 90
16 62
16 45
14 15
16 40
32 92
9 32
16 83
16 68
3 32
22 32
32 81
32 95
13 25
74 80
4 74
16 57
73 74
15 72
16 88
16 56
24 48
71 98
16 96
74 89
15 60
15 20
16 42
32 98
84 98
16 63
31 32
32 39
5 16
18 32
15 87
6 24
16 77
66 74
16 41
15 64
16 19
16 86
27 74
74 91
15 50
16 69
16 55
15 29
16 70
16 24
24 52
32 34
16 44
24 99
15 85
16 79
74 75
15 97
2 24
26 74
16 33
8 16
16 17
15 25
28 98
32 49
32 94
15 65
32 36
16 76
1 32
11 16
12 24
10 32
16 23
16 54
32 37
16 35
16 59
80
4 34
33 34
56 64
10 64
31 34
17 73
34 35
34 43
2 42
34 79
34 61
32 34
30 34
64 68
46 64
64 72
48 64
12 42
28 34
64 74
73 78
14 23
42 51
73 76
73 80
42 45
5 23
38 42
23 77
55 64
26 34
19 64
15 23
29 34
22 23
1 64
8 64
18 34
49 73
11 14
34 36
34 42
34 52
34 44
20 23
34 66
34 58
34 54
34 74
34 70
34 50
13 23
23 59
16 34
23 63
23 47
23 27
23 41
64 65
37 64
14 34
64 71
23 39
64 67
64 73
25 34
23 53
7 34
57 73
64 69
21 23
9 73
73 81
42 62
3 23
42 60
73 75
24 34
6 42
40 64
99
0 29
0 50
1 81
1 63
0 44
0 25
0 22
1 79
0 16
1 99
1 65
1 84
1 58
0 27
0 24
1 55
0 23
0 39
1 87
1 86
0 33
0 6
0 18
0 30
1 67
1 80
1 82
1 88
1 94
0 1
0 10
0 46
1 57
1 66
0 15
1 91
0 32
1 73
0 3
1 90
0 41
0 45
1 56
0 38
1 74
1 92
1 97
1 96
0 9
1 68
0 19
0 17
1 62
1 52
0 47
1 89
0 14
1 53
0 42
0 20
1 59
0 40
1 61
1 51
1 77
1 98
0 35
0 26
1 64
0 5
0 12
0 31
1 72
0 7
1 54
0 48
0 34
1 85
1 78
0 8
1 70
0 28
0 13
0 49
1 71
1 69
1 83
1 93
0 4
0 11
1 95
1 60
0 2
1 76
0 43
1 75
0 37
0 21
0 36
99
50 63
6 50
50 91
5 50
49 50
50 95
36 50
47 50
50 93
16 50
50 90
50 67
14 50
17 50
50 88
42 50
50 57
50 82
50 60
50 66
50 55
50 94
50 69
20 50
50 99
50 86
50 92
50 58
50 97
19 50
21 50
1 50
50 70
2 50
50 65
22 50
32 50
50 98
50 84
50 51
50 72
44 50
9 50
31 50
7 50
50 64
34 50
40 50
50 78
11 50
26 50
50 76
35 50
50 61
12 50
37 50
50 54
41 50
38 50
28 50
43 50
27 50
50 59
50 79
50 80
50 77
50 62
18 50
50 71
8 50
39 50
29 50
50 74
48 50
50 68
10 50
25 50
50 52
50 53
50 81
50 56
50 83
24 50
50 75
50 87
0 50
23 50
50 73
50 85
50 96
13 50
4 50
15 50
3 50
46 50
30 50
50 89
45 50
33 50
80
3 67
32 34
0 34
15 43
36 67
12 43
44 62
34 73
43 69
34 43
59 67
35 62
43 79
34 66
34 50
30 34
43 63
14 43
43 70
34 49
28 43
37 67
19 34
25 43
43 45
17 62
22 43
67 68
24 43
20 43
43 78
27 67
31 34
9 43
34 53
43 60
43 61
29 34
43 56
34 62
4 43
26 43
10 43
43 64
38 43
34 75
43 65
11 67
43 57
34 51
13 43
1 43
34 39
43 47
21 34
43 76
43 72
43 77
43 80
34 74
43 55
52 62
48 67
6 67
33 67
23 67
41 67
43 71
16 43
5 43
34 40
43 58
54 67
42 43
7 34
2 67
43 67
18 43
8 34
43 46
64
24 25
21 25
1 2
39 49
25 38
39 51
39 57
13 17
25 32
39 45
39 42
39 47
20 25
6 7
39 43
17 25
10 17
25 26
39 44
25 40
39 62
25 35
25 41
14 17
7 8
39 54
2 3
25 33
25 27
23 25
39 60
19 25
22 25
39 63
39 61
25 36
7 12
7 9
25 31
25 34
39 46
25 30
39 64
15 25
2 4
39 50
4 7
18 25
7 11
39 56
39 48
39 58
39 52
25 37
25 39
25 29
39 55
39 53
0 1
25 28
5 7
7 10
39 59
16 25
99
1 5
1 8
91 92
21 29
1 9
71 72
91 93
71 75
0 30
1 3
30 41
11 18
0 40
50 51
41 44
71 76
1 4
31 35
21 23
21 27
91 97
21 26
31 38
71 77
91 98
1 6
21 28
80 81
51 59
1 7
11 15
21 24
71 74
60 61
31 34
11 14
41 42
0 50
61 69
41 46
11 17
21 25
11 12
0 10
31 36
0 80
0 91
31 33
61 67
31 32
60 71
51 57
61 62
0 1
81 86
41 45
11 19
51 58
61 68
71 73
0 90
81 89
31 39
11 13
41 49
51 56
0 60
51 55
61 63
30 31
81 85
91 95
81 83
51 52
81 84
61 65
81 82
91 94
41 43
61 64
0 70
91 96
1 2
41 47
71 79
81 88
31 37
21 22
11 16
1 99
0 20
41 48
71 78
81 87
61 66
0 11
51 54
51 53
21 30
39
1 10
1 24
1 22
1 25
1 23
1 36
1 9
1 34
1 7
1 32
1 37
1 35
1 8
1 31
1 33
1 4
1 6
1 2
1 5
2 40
1 30
1 3
1 26
1 12
1 14
1 19
1 29
1 17
1 27
1 13
1 15
1 20
1 39
1 11
1 18
1 28
1 16
1 21
1 38
99
0 92
0 3
0 89
0 46
0 93
0 88
0 61
0 71
0 6
0 47
0 58
0 66
0 10
0 14
0 42
0 84
0 1
0 43
0 85
0 23
0 80
0 18
0 76
0 7
0 50
0 19
0 35
0 96
0 95
0 90
0 28
0 94
0 60
0 81
0 12
0 25
0 17
0 29
0 24
0 45
0 56
0 97
0 54
0 67
0 21
0 39
0 16
0 65
0 77
0 5
0 72
0 86
0 31
0 26
0 30
0 57
0 49
0 91
0 41
0 27
0 69
0 13
0 8
0 20
0 52
0 38
0 53
0 79
0 37
0 34
0 73
0 62
0 75
0 99
0 22
0 63
0 68
0 15
0 44
0 9
0 33
0 59
0 64
0 11
0 40
0 87
0 82
0 55
0 4
0 36
0 83
0 70
0 51
0 74
0 48
0 98
0 78
0 2
0 32
99
71 83
10 54
66 71
68 71
51 54
71 79
20 85
54 55
65 85
30 71
14 71
3 53
71 73
33 89
26 53
49 85
41 85
71 77
25 85
34 96
19 71
53 71
21 71
71 89
44 71
71 94
5 71
31 71
48 71
7 54
16 71
54 95
89 93
82 85
27 71
52 85
54 71
13 71
67 71
12 85
6 71
15 71
43 71
46 71
11 54
29 96
54 86
50 71
81 85
8 85
60 96
58 85
54 57
28 54
53 85
1 71
2 71
53 90
53 69
53 70
54 80
36 71
45 71
37 71
22 54
71 98
53 97
42 85
32 71
85 91
39 85
53 72
85 87
71 96
54 84
18 54
38 71
63 71
9 71
23 85
24 71
4 71
53 88
53 76
53 75
53 64
61 85
53 99
59 71
62 85
56 71
17 96
74 85
54 78
0 71
53 92
35 71
40 71
47 54
99
15 66
19 62
34 60
50 94
7 30
44 91
19 47
25 51
38 44
25 65
83 96
54 60
22 64
4 5
19 79
33 64
56 89
27 77
60 68
8 83
1 27
28 59
14 37
7 25
9 35
5 18
44 58
28 60
9 82
13 50
10 19
53 70
14 40
2 9
45 61
4 91
7 81
7 21
0 28
39 87
16 27
75 89
53 81
49 52
53 74
84 89
28 55
3 22
66 92
9 46
78 91
19 57
4 7
27 76
66 99
69 91
53 64
23 64
6 89
12 60
28 76
83 84
25 32
50 64
9 72
28 86
76 89
19 89
27 73
4 93
26 27
7 19
48 64
61 89
27 42
22 29
14 85
7 52
27 95
36 39
4 11
52 88
25 31
25 41
25 63
24 89
7 14
66 90
53 97
28 98
4 66
19 80
9 61
25 67
9 39
17 89
9 71
5 43
14 20
99
51 56
13 56
26 69
2 20
23 59
6 33
23 58
39 59
35 52
35 65
3 20
16 35
34 79
7 94
36 42
28 42
45 59
9 56
32 64
16 44
62 81
34 75
14 25
34 53
43 56
37 42
3 99
34 60
53 88
14 78
56 61
15 91
42 96
22 32
16 69
42 71
32 77
8 42
42 46
15 56
35 55
0 53
75 97
23 34
33 92
32 47
17 69
67 69
7 95
24 84
34 81
32 83
7 33
3 56
5 90
11 54
32 96
31 42
1 6
18 20
16 56
27 81
4 69
7 38
24 76
50 70
34 89
10 49
29 49
54 74
34 98
7 14
5 82
5 24
20 72
29 59
41 69
53 83
53 57
12 24
30 53
34 63
33 53
24 42
32 54
50 85
68 81
16 66
16 75
23 50
15 21
20 87
24 40
69 80
5 19
35 73
20 93
29 86
48 96
99
1 47
35 46
24 59
38 59
16 26
14 59
66 71
59 93
80 91
5 97
18 71
59 75
5 84
52 53
39 52
0 17
29 77
21 44
1 62
37 47
2 29
0 83
2 49
14 86
44 60
5 46
42 71
13 91
59 83
52 87
66 92
71 96
0 28
66 90
9 53
7 32
15 68
6 14
12 53
1 30
68 99
26 74
1 33
55 59
57 67
1 2
47 57
61 85
43 98
58 68
14 68
43 46
46 59
11 61
68 76
30 53
25 57
1 45
66 82
3 68
40 46
66 89
54 71
64 68
56 73
48 61
4 53
63 66
65 66
52 95
20 61
59 78
31 83
73 83
70 91
0 36
23 71
22 26
13 44
5 19
68 72
14 27
21 46
26 97
14 61
32 68
50 66
46 88
14 53
32 51
69 83
8 83
5 41
46 79
10 73
66 68
43 94
68 81
29 34
96
32 33
1 74
1 89
50 52
86 87
50 51
29 30
35 36
83 85
95 96
62 64
44 45
1 35
77 78
20 21
5 7
83 84
74 75
65 67
26 27
38 40
59 61
1 92
56 58
1 47
62 63
1 86
11 13
17 19
29 31
11 12
1 56
1 29
1 23
71 72
35 37
8 9
89 90
44 46
1 53
1 2
41 43
47 49
92 93
1 17
77 79
86 88
74 76
1 83
2 3
95 97
1 80
68 70
26 28
1 68
1 26
41 42
1 41
47 48
80 81
20 22
1 8
53 55
2 4
1 5
38 39
8 10
89 91
1 11
56 57
68 69
1 62
1 32
92 94
1 71
53 54
1 59
1 50
14 15
23 25
5 6
1 14
65 66
1 65
14 16
59 60
71 73
1 44
1 20
1 95
1 38
23 24
17 18
80 82
32 34
1 77
99
0 30
0 83
0 12
0 98
0 47
0 92
0 50
0 38
0 4
0 27
0 56
0 6
0 42
0 82
0 88
0 37
0 20
0 34
0 64
0 26
0 84
0 95
0 94
0 90
0 71
0 7
0 16
0 66
0 89
0 85
0 43
0 2
0 77
0 36
0 62
0 80
0 63
0 33
0 52
0 32
0 22
0 57
0 96
0 49
0 45
0 13
0 3
0 72
0 81
0 79
0 53
0 86
0 73
0 59
0 75
0 8
0 91
0 67
0 61
0 15
0 78
0 1
0 97
0 39
0 41
0 9
0 28
0 11
0 55
0 23
0 35
0 18
0 29
0 24
0 14
0 44
0 5
0 74
0 10
0 51
0 19
0 69
0 31
0 40
0 65
0 76
0 25
0 21
0 58
0 70
0 68
0 17
0 87
0 99
0 93
0 54
0 48
0 60
0 46
62
0 40
0 3
0 46
0 25
0 19
0 48
0 50
0 6
0 35
0 33
0 2
0 22
0 21
0 34
0 30
0 53
0 49
0 29
0 28
0 56
0 32
0 11
0 41
0 5
0 52
0 43
0 31
0 54
0 10
0 39
0 44
0 16
0 42
0 61
0 62
0 17
0 18
0 26
0 23
0 24
0 57
0 55
0 51
0 9
0 15
0 58
0 4
0 13
0 38
0 27
0 20
0 60
0 7
0 37
0 36
0 12
0 59
0 45
0 47
0 1
0 14
0 8
93
15 80
56 62
41 59
68 82
22 76
34 77
14 62
6 46
8 87
73 85
26 83
52 94
12 61
7 93
48 64
44 67
5 82
59 72
36 54
65 88
49 71
50 92
4 47
11 59
6 9
3 43
5 45
24 30
43 81
50 61
60 78
63 69
33 68
2 29
29 70
8 60
79 84
23 38
66 83
76 97
70 93
84 87
31 51
67 97
13 20
23 24
32 85
10 79
52 62
50 94
39 74
16 75
5 27
10 76
64 89
4 69
47 52
65 91
23 55
49 75
11 26
9 65
19 87
31 53
22 93
11 67
12 54
4 64
22 47
39 44
10 46
43 83
15 95
57 97
46 98
38 57
21 49
35 39
17 54
15 98
25 69
75 79
1 16
77 98
40 61
6 13
57 68
38 85
60 99
37 77
16 18
29 42
31 70
99
6 14
30 41
50 78
97 98
6 26
10 64
74 78
44 53
29 86
18 85
7 51
65 89
23 90
60 78
6 52
33 67
37 97
54 61
28 34
47 97
6 19
30 87
12 80
15 59
80 91
61 82
19 92
10 93
27 75
8 55
55 83
9 61
24 33
43 90
78 95
22 94
0 30
20 59
46 86
51 53
10 70
0 36
10 69
74 84
45 55
34 56
22 86
0 35
10 90
30 32
53 71
48 51
0 63
61 92
30 79
33 80
34 59
68 80
22 77
3 83
54 86
5 59
0 73
11 33
84 97
17 92
22 38
22 49
27 65
10 18
61 96
4 59
21 51
0 40
33 98
6 78
81 84
2 61
58 84
6 31
1 34
55 62
3 51
33 72
55 59
16 36
30 66
57 65
65 90
16 22
51 88
27 28
39 92
42 80
13 27
76 80
78 99
53 76
25 55
92
55 69
58 68
27 28
60 68
64 66
81 88
13 78
24 47
19 47
16 69
28 42
44 78
28 29
32 78
51 54
5 69
3 51
12 78
91 92
24 28
46 47
62 64
81 86
24 78
34 35
81 89
69 71
9 64
28 40
64 65
30 78
24 69
81 85
31 78
69 70
91 93
15 78
80 81
24 91
47 52
69 72
59 64
2 51
49 51
56 69
24 68
11 68
47 48
10 68
28 39
50 51
35 83
57 64
7 67
23 85
37 91
14 78
79 91
41 91
24 51
22 51
21 51
20 51
35 82
18 47
47 53
35 75
4 69
24 81
1 47
38 91
8 68
24 35
67 68
36 91
63 64
6 67
35 77
28 45
81 87
24 64
17 47
25 28
26 91
81 90
81 84
28 43
35 76
33 35
35 73
61 64
35 74
99
70 71
63 71
0 22
0 24
0 41
14 59
9 65
9 30
23 59
0 11
1 9
7 59
0 13
0 9
9 40
51 77
29 59
51 98
0 64
59 97
9 20
9 36
0 34
9 39
0 5
0 49
51 78
0 6
59 89
71 90
9 45
2 59
51 61
54 89
0 18
0 44
51 55
0 46
59 86
9 84
9 50
51 75
51 69
51 88
25 59
51 52
21 59
9 74
51 83
0 43
51 81
0 15
51 66
9 16
0 72
59 71
51 59
28 59
0 26
27 59
51 57
51 79
0 35
9 58
10 59
51 85
51 96
0 12
0 38
0 80
71 91
51 73
59 68
82 89
0 87
0 32
51 76
51 99
51 95
71 93
56 59
16 59
0 17
59 67
53 71
0 31
0 37
0 42
51 94
51 92
0 19
0 47
0 3
0 8
59 62
0 48
59 60
0 4
0 33
98
54 55
9 10
63 65
27 28
75 78
45 46
14 16
86 87
58 59
81 85
81 84
0 2
27 31
48 52
68 69
59 60
94 95
49 50
40 41
9 11
23 25
41 42
81 82
77 80
45 47
31 32
22 23
92 98
14 15
54 56
95 96
45 49
68 70
63 64
4 5
48 51
27 30
0 4
72 76
36 37
59 61
27 29
9 12
36 38
95 98
81 95
63 67
14 17
85 86
18 20
45 48
36 50
68 71
18 32
63 66
13 14
95 97
18 21
50 53
90 91
63 77
18 22
77 78
86 88
9 13
91 98
41 44
59 62
81 83
41 43
23 26
72 86
54 68
72 75
0 14
0 1
23 24
18 19
54 58
9 23
75 79
67 68
54 57
90 93
5 7
86 89
5 6
5 8
36 40
27 41
32 33
32 35
45 59
72 73
32 34
36 39
72 74
0 3
99
2 39
23 30
30 97
30 77
2 20
6 25
26 30
9 30
47 80
6 7
30 88
30 72
11 63
30 36
2 66
6 24
30 87
15 30
30 83
18 80
2 67
30 71
46 80
10 30
30 50
6 56
6 76
19 30
30 62
30 79
2 92
30 82
6 84
30 64
33 80
2 98
6 8
30 38
14 30
5 6
6 45
2 99
2 68
30 94
30 78
30 63
3 80
6 49
30 93
6 30
30 53
6 13
6 29
2 12
69 80
30 40
2 52
6 34
30 65
6 70
0 2
2 86
2 81
6 80
30 44
6 91
28 30
48 80
22 63
2 21
63 90
2 73
6 59
74 80
2 30
6 85
30 37
2 58
42 54
30 95
27 30
6 55
6 60
2 57
6 41
30 51
30 35
17 80
6 31
4 6
6 32
2 43
6 61
1 42
75 80
30 42
63 96
30 89
16 30
39
21 38
1 7
1 6
4 30
21 22
33 38
1 15
4 9
1 14
21 36
4 8
21 34
1 5
1 17
21 31
11 38
1 10
4 21
18 21
1 3
1 26
38 39
25 38
12 21
1 19
1 23
1 37
4 24
16 38
1 13
35 38
6 21
1 20
1 29
1 28
32 38
21 27
0 1
1 2
99
63 65
31 33
1 99
48 49
7 9
87 89
95 97
49 51
43 45
1 2
57 59
17 19
66 67
64 65
41 43
71 73
33 35
53 55
35 37
19 21
10 11
23 25
89 91
20 21
74 75
69 71
54 55
73 75
30 31
24 25
78 79
58 59
26 27
18 19
76 77
70 71
36 37
5 7
83 85
25 27
86 87
92 93
91 93
61 63
45 47
75 77
28 29
68 69
94 95
67 69
60 61
13 15
72 73
9 11
52 53
55 57
4 5
39 41
14 15
84 85
21 23
88 89
37 39
46 47
62 63
11 13
93 95
85 87
59 61
65 67
51 53
40 41
50 51
1 5
90 91
12 13
22 23
29 31
38 39
27 29
77 79
8 9
1 3
6 7
47 49
96 98
0 98
34 35
44 45
82 83
98 99
32 33
80 81
42 43
79 81
56 57
15 17
16 17
81 83
99
65 99
46 70
32 70
70 83
57 70
22 95
25 99
52 99
30 99
69 70
70 72
8 70
67 99
58 99
70 94
4 70
56 99
24 99
42 47
17 99
89 99
78 99
26 70
11 70
6 70
98 99
70 73
70 87
66 99
28 99
23 24
2 42
70 86
55 70
84 99
70 71
81 99
70 92
40 99
63 99
0 70
50 70
19 95
3 99
70 90
54 70
70 88
70 99
76 99
7 70
70 97
42 70
39 70
70 79
41 99
48 95
21 70
64 99
59 70
9 95
70 95
45 70
53 99
33 70
29 99
38 99
70 77
15 24
70 74
18 24
13 95
62 70
82 99
36 70
68 70
16 99
49 99
34 70
1 99
93 99
37 70
43 70
27 70
85 99
10 95
96 99
61 99
5 95
51 99
44 99
12 99
14 95
31 70
20 42
60 70
91 99
80 99
24 35
75 99
99
5 44
5 45
20 21
19 72
2 3
32 99
32 98
14 15
6 47
20 74
4 42
12 13
28 91
28 90
27 89
8 9
7 8
10 11
25 85
11 57
18 71
6 7
32 33
30 31
12 59
9 53
2 39
3 40
26 86
13 60
4 5
28 29
10 54
24 83
24 25
21 22
29 92
23 24
6 46
22 23
30 95
27 88
31 32
17 18
17 69
8 51
31 97
1 37
25 84
18 70
7 49
3 4
27 28
15 65
9 52
2 38
16 67
16 66
15 16
23 80
13 14
19 73
10 55
20 75
14 63
14 62
29 93
4 43
30 94
21 76
21 77
9 10
17 68
11 56
22 79
31 96
1 36
12 58
3 41
1 2
25 26
23 81
15 64
24 82
13 61
16 17
19 20
11 12
0 35
0 34
29 30
0 1
18 19
7 48
5 6
22 78
26 27
8 50
26 87
99
0 44
84 99
0 5
61 99
62 99
76 99
0 74
57 99
0 69
0 41
0 18
58 99
0 34
0 8
0 36
0 99
91 99
0 7
50 99
0 13
0 28
77 99
64 99
0 66
0 26
0 43
92 99
0 48
0 10
0 25
0 19
0 15
0 27
0 86
0 68
70 99
0 17
65 99
0 40
0 46
80 99
0 55
0 2
0 12
0 63
0 81
78 99
0 22
0 9
73 99
52 99
0 35
59 99
0 4
71 99
94 99
0 33
0 32
0 88
90 99
0 85
67 99
96 99
0 24
0 93
0 30
0 11
95 99
0 38
79 99
0 16
0 21
53 99
0 3
89 99
0 39
0 14
0 60
0 37
0 47
0 31
0 45
54 99
82 99
0 29
0 72
0 23
0 6
56 99
87 99
0 42
0 51
0 20
0 1
75 99
97 99
83 99
98 99
0 49
80
31 64
28 64
8 64
24 64
64 72
36 64
52 64
44 64
41 64
3 64
64 66
18 64
59 64
43 64
64 65
30 64
14 64
29 64
9 64
50 64
64 69
42 64
35 64
64 76
4 64
16 64
60 64
1 64
22 64
20 64
64 80
56 64
0 64
10 64
63 64
64 70
33 64
48 64
64 77
64 75
51 64
2 64
26 64
17 64
64 79
34 64
64 68
19 64
40 64
55 64
6 64
64 74
21 64
49 64
39 64
57 64
5 64
23 64
54 64
64 78
47 64
11 64
61 64
32 64
15 64
27 64
64 67
7 64
25 64
53 64
46 64
58 64
13 64
12 64
38 64
45 64
37 64
64 71
64 73
62 64
98
26 27
27 58
4 21
27 80
4 8
4 57
25 27
4 36
4 30
27 62
4 64
27 85
4 43
5 27
4 24
1 27
4 34
27 96
4 10
27 86
9 27
4 51
4 41
4 66
4 94
27 29
4 19
18 27
4 69
27 89
12 27
27 95
4 98
27 78
4 17
27 59
27 32
27 33
27 52
27 67
4 61
27 65
4 84
4 90
4 67
4 54
4 68
4 39
27 92
11 27
27 44
13 27
4 82
0 4
15 27
4 60
4 35
27 81
27 50
4 55
4 70
4 38
4 14
4 99
4 7
4 97
27 48
6 27
27 75
20 27
27 73
27 91
2 27
27 53
4 22
4 76
27 79
4 42
4 49
27 77
27 45
4 87
4 72
3 4
27 47
27 74
4 71
27 28
4 16
4 63
27 83
27 88
4 46
27 37
4 31
4 93
23 27
27 56
98
38 44
3 92
15 92
8 44
80 92
44 96
11 92
44 66
32 92
42 44
17 44
92 99
15 44
44 55
51 92
0 44
28 44
44 90
27 92
44 77
63 92
73 92
22 44
31 44
69 92
26 44
44 58
85 92
37 44
10 92
4 44
44 93
7 92
44 76
23 92
12 44
25 92
67 92
44 84
88 92
79 92
65 92
44 61
44 56
34 44
46 92
29 44
44 49
54 92
19 44
44 95
44 94
82 92
75 92
24 92
91 92
2 92
44 87
40 92
36 44
48 92
44 86
92 97
44 62
13 44
44 98
6 44
43 92
41 92
9 92
71 92
44 59
44 81
18 92
44 45
50 92
70 92
33 44
74 92
44 72
20 44
44 89
53 92
16 44
57 92
39 92
35 92
21 92
68 92
44 64
83 92
14 92
47 92
30 92
60 92
44 52
44 78
5 44
38
16 17
4 6
12 22
21 22
12 23
29 33
12 14
15 16
22 39
2 22
6 7
8 22
24 25
22 32
38 39
20 27
37 39
26 27
5 6
13 22
17 22
1 22
5 22
29 30
16 18
33 34
9 12
24 29
10 22
11 39
22 28
22 27
19 22
23 29
35 39
22 36
22 31
3 22
67
3 52
5 43
32 60
58 59
33 43
50 66
14 43
60 62
7 8
47 48
35 36
42 43
19 60
1 43
1 51
30 60
47 50
38 41
26 60
54 59
15 16
1 12
10 43
49 50
22 43
18 43
66 67
60 63
3 53
35 38
56 59
27 43
1 68
3 64
8 43
39 59
25 60
29 43
15 43
34 43
11 15
6 8
4 43
37 38
16 17
2 43
47 58
65 66
20 60
46 47
57 59
9 43
45 46
31 60
60 61
23 60
55 59
43 44
21 43
3 43
24 60
13 43
47 60
28 43
35 43
40 46
43 50
99
28 38
76 86
80 90
80 81
41 51
2 12
11 21
33 43
39 49
15 25
88 89
14 15
36 37
53 63
93 94
29 39
72 82
23 33
31 41
57 67
35 36
45 46
59 69
86 87
87 97
7 8
43 53
50 51
10 11
26 36
5 6
64 74
20 21
12 13
38 39
62 63
82 83
36 46
81 91
89 99
63 73
5 15
30 31
0 1
42 43
43 44
21 31
8 9
66 67
4 14
61 71
56 66
86 96
38 48
81 82
1 11
32 33
69 79
18 28
15 16
67 68
14 24
27 37
84 94
94 95
37 47
88 98
77 87
64 65
85 86
65 75
92 93
63 64
58 68
51 52
17 18
13 14
60 61
83 93
46 56
87 88
12 22
55 56
54 64
18 19
3 13
51 61
65 66
41 42
67 77
33 34
40 41
70 71
77 78
71 81
68 69
11 12
8 18
37 38
99
25 99
25 29
25 65
59 96
48 53
86 90
33 96
87 90
48 73
25 84
95 96
25 50
25 77
52 77
2 25
7 77
44 97
48 91
62 77
57 97
12 25
72 96
16 77
25 51
0 3
25 92
22 90
69 96
25 48
46 90
23 90
25 85
48 66
25 40
48 76
71 90
21 48
0 1
48 58
25 34
43 90
26 90
4 48
49 90
50 96
0 5
25 82
25 98
25 60
94 96
0 8
38 96
48 68
78 96
37 77
25 32
70 77
25 54
0 9
25 88
80 90
31 90
35 90
63 96
25 81
30 96
42 90
93 96
18 97
48 79
45 96
36 96
20 25
56 97
17 90
9 90
24 25
83 96
39 90
15 25
48 64
77 90
28 96
75 77
89 96
74 90
67 90
14 48
19 25
27 90
10 48
55 90
47 90
61 96
25 41
90 97
13 90
11 77
0 6
99
34 93
36 44
0 2
60 93
0 1
1 16
1 12
0 6
13 93
12 46
69 83
62 93
4 44
50 84
5 50
52 93
82 83
12 45
1 10
1 17
72 93
0 3
12 30
93 95
12 77
86 93
18 93
41 83
38 50
9 93
73 93
44 90
83 93
39 44
57 93
35 93
12 98
55 83
12 91
23 93
12 43
87 93
78 93
48 93
93 99
54 76
65 93
83 88
50 93
28 93
15 93
79 93
49 93
8 83
12 96
70 93
22 44
74 93
21 50
59 93
12 97
12 58
71 93
24 93
12 44
12 20
12 40
92 93
68 83
66 93
37 93
1 19
53 83
12 63
25 93
44 64
12 31
7 76
67 93
42 93
29 93
26 50
12 89
27 83
12 75
32 93
12 61
83 94
51 83
1 11
1 14
85 93
12 93
76 93
81 83
56 93
33 93
47 93
12 80
99
48 49
20 21
28 29
71 72
0 1
16 17
7 8
65 66
10 11
68 69
83 84
80 81
64 65
39 40
96 97
11 12
37 38
89 90
46 47
85 86
5 6
50 51
54 55
98 99
67 68
22 23
72 73
55 56
8 9
15 16
56 57
21 22
87 88
57 58
69 70
13 14
25 26
6 7
41 42
91 92
32 33
93 94
63 64
94 95
9 10
38 39
17 18
52 53
4 5
73 74
18 19
95 96
42 43
59 60
70 71
97 98
3 4
60 61
86 87
40 41
35 36
66 67
2 3
31 32
51 52
78 79
27 28
19 20
14 15
92 93
34 35
61 62
58 59
36 37
47 48
75 76
45 46
12 13
33 34
43 44
74 75
29 30
90 91
53 54
30 31
26 27
1 2
76 77
77 78
24 25
82 83
44 45
81 82
62 63
88 89
23 24
79 80
49 50
84 85
91
66 71
55 66
66 83
66 77
10 11
28 29
66 87
15 16
42 85
27 72
66 91
35 36
40 41
13 14
20 64
21 66
36 81
15 62
66 90
66 73
34 35
29 30
53 66
13 60
4 56
66 80
37 38
28 74
30 31
31 32
66 89
0 50
51 66
66 75
66 79
43 44
26 27
27 28
8 9
0 1
45 46
31 78
4 5
25 26
66 68
35 80
42 43
59 66
11 59
22 67
2 3
7 8
44 88
17 18
7 57
56 66
11 12
6 7
36 37
32 33
43 87
1 52
46 47
1 2
3 4
61 66
66 82
57 66
40 84
65 66
24 25
46 91
66 69
23 24
47 48
16 17
19 20
63 66
49 66
22 23
39 40
3 54
20 21
24 70
12 13
30 76
14 15
58 66
66 86
21 22
66 84
98
80 89
14 20
74 84
84 95
90 99
78 99
65 66
50 55
65 76
34 41
63 94
10 52
49 56
5 6
69 79
7 8
28 35
6 7
16 22
12 17
13 56
4 8
79 89
80 81
83 93
78 98
47 54
88 89
11 15
58 78
8 62
37 38
60 71
10 14
83 92
38 45
2 3
39 45
43 51
2 9
18 88
39 46
67 76
23 24
35 42
16 21
73 83
86 96
88 97
2 6
71 81
10 54
41 48
78 79
41 49
62 73
1 36
61 82
83 84
12 13
65 85
81 91
30 44
25 30
63 74
48 55
27 33
61 62
76 86
77 87
31 38
11 17
66 77
60 61
54 55
32 39
6 36
64 74
59 70
10 44
75 76
68 78
47 53
16 20
23 30
55 57
42 43
60 70
44 45
71 72
26 33
42 49
63 65
33 41
29 35
55 64
15 19
40 47
98
5 54
25 60
24 88
34 60
5 61
4 60
16 88
5 59
5 50
47 60
5 56
5 60
5 70
14 60
31 60
5 64
2 60
22 60
5 51
5 86
40 60
5 69
5 81
41 60
11 60
5 63
42 58
5 65
8 60
42 87
5 57
5 98
7 60
9 60
17 60
5 52
26 60
29 60
37 60
5 49
42 78
42 73
15 60
42 80
38 60
5 96
6 60
23 60
5 66
43 60
20 60
32 60
42 82
5 90
5 94
42 60
5 84
35 60
5 92
18 60
28 60
5 67
0 60
42 53
21 60
44 60
5 95
27 60
5 77
30 60
3 60
36 60
5 85
5 72
12 60
1 60
42 62
33 60
5 76
5 88
5 74
5 79
42 55
42 71
10 60
13 60
5 68
42 83
45 88
5 89
5 75
5 93
19 60
42 97
5 91
48 60
39 60
46 88
95
0 40
38 94
6 33
6 54
5 38
6 59
38 61
2 40
6 65
38 55
6 37
1 38
11 38
29 62
40 85
6 88
6 51
6 71
6 67
38 70
40 56
24 62
6 62
6 69
23 40
34 62
19 62
6 38
6 80
10 38
6 41
38 74
8 38
20 38
6 43
6 82
25 62
6 91
16 38
6 39
6 42
6 52
6 77
6 75
6 36
6 89
6 35
38 64
6 81
6 76
44 62
6 63
14 38
6 86
62 79
6 66
6 87
6 27
21 62
7 38
17 62
4 38
38 53
6 83
6 68
6 72
6 90
13 38
6 92
6 40
9 62
3 38
6 45
15 40
38 49
6 46
18 38
6 60
6 28
6 58
6 26
38 73
6 30
22 62
6 50
0 31
6 84
38 78
6 32
38 48
6 95
6 47
6 93
6 57
12 38
94
60 85
19 85
39 65
35 65
37 85
38 65
43 85
47 85
34 44
61 85
44 89
12 85
44 75
28 85
44 59
44 83
44 67
17 85
4 65
44 91
49 65
5 85
53 65
25 85
2 85
44 81
1 65
44 74
40 85
62 85
7 85
63 85
30 65
64 85
8 44
44 92
44 76
18 85
44 93
23 65
42 85
41 65
21 85
58 85
3 85
27 85
48 85
36 44
44 85
6 85
44 57
45 85
31 85
65 79
72 85
14 65
20 85
44 82
50 85
16 85
44 84
52 65
56 85
0 85
13 85
9 86
71 85
9 85
26 44
65 94
24 85
51 65
22 85
11 44
44 65
44 73
9 90
65 87
33 85
55 85
44 80
54 65
10 91
70 85
44 77
15 85
46 65
9 66
9 69
44 78
32 85
29 85
65 88
9 68
99
0 28
0 30
0 35
0 36
0 43
0 81
0 23
0 3
0 8
0 90
0 34
0 59
0 33
0 31
0 52
0 57
0 85
0 69
0 25
0 60
0 96
0 74
0 77
0 49
0 37
0 83
0 70
0 29
0 12
0 17
0 2
0 82
0 79
0 80
0 55
0 46
0 11
0 14
0 1
0 20
0 41
0 64
0 86
0 54
0 72
0 9
0 44
0 47
0 94
0 21
0 38
0 58
0 56
0 45
0 91
0 26
0 51
0 87
0 4
0 32
0 24
0 18
0 89
0 19
0 78
0 39
0 76
0 97
0 48
0 99
0 53
0 67
0 27
0 92
0 10
0 84
0 93
0 61
0 7
0 66
0 16
0 98
0 95
0 6
0 50
0 73
0 5
0 13
0 63
0 68
0 22
0 75
0 40
0 65
0 42
0 15
0 62
0 71
0 88
99
0 96
0 77
0 42
0 93
0 43
0 89
0 38
0 81
0 16
0 31
0 22
0 85
0 49
0 14
0 27
0 34
0 20
0 48
0 8
0 23
0 30
0 91
0 41
0 6
0 33
0 98
0 3
0 19
0 92
0 11
0 84
0 2
0 10
0 12
0 26
0 82
0 88
0 37
0 80
0 4
0 72
0 15
0 52
0 60
0 86
0 40
0 78
0 70
0 25
0 95
0 94
0 79
0 44
0 58
0 36
0 87
0 50
0 5
0 56
0 76
0 97
0 1
0 9
0 74
0 66
0 32
0 61
0 69
0 29
0 7
0 75
0 21
0 83
0 62
0 35
0 67
0 57
0 54
0 68
0 90
0 73
0 63
0 28
0 39
0 64
0 53
0 99
0 59
0 13
0 46
0 65
0 55
0 17
0 47
0 18
0 24
0 45
0 51
0 71
99
0 44
0 21
0 70
0 47
0 41
0 15
0 40
0 42
0 56
0 32
0 99
0 93
0 58
0 28
0 84
0 11
0 85
0 60
0 43
0 34
0 4
0 37
0 57
0 1
0 98
0 69
0 72
0 94
0 20
0 76
0 65
0 80
0 16
0 9
0 51
0 97
0 24
0 91
0 61
0 68
0 79
0 53
0 2
0 87
0 23
0 5
0 62
0 29
0 25
0 95
0 90
0 39
0 10
0 64
0 35
0 73
0 19
0 96
0 14
0 75
0 6
0 50
0 18
0 83
0 45
0 54
0 30
0 3
0 13
0 59
0 31
0 22
0 78
0 88
0 82
0 49
0 52
0 86
0 67
0 7
0 26
0 81
0 63
0 46
0 66
0 55
0 27
0 92
0 8
0 33
0 74
0 71
0 36
0 77
0 12
0 89
0 17
0 38
0 48
35
80 82
40 50
70 80
40 42
30 33
20 23
90 93
80 83
30 32
70 73
60 61
80 81
90 92
50 51
20 30
20 21
40 41
80 90
10 12
50 52
10 20
70 71
50 53
30 40
10 11
70 72
60 70
40 43
50 60
10 13
30 31
90 91
60 63
20 22
60 62
5
1 3
1 4
3 5
1 2
0 1
99
2 3
29 30
93 94
47 48
72 73
0 33
24 25
97 98
21 22
8 9
10 11
88 89
9 10
0 66
57 58
80 81
55 56
49 50
16 17
61 62
73 74
31 32
58 59
35 36
71 72
23 24
18 19
48 49
96 97
89 90
25 26
39 40
42 43
87 88
28 29
69 70
74 75
7 8
41 42
51 52
4 5
37 38
85 86
26 27
12 13
82 83
6 7
76 77
70 71
15 16
19 20
54 55
52 53
84 85
5 6
83 84
45 46
92 93
79 80
27 28
0 1
64 65
20 21
13 14
50 51
3 4
94 95
43 44
90 91
46 47
62 63
81 82
36 37
59 60
11 12
53 54
78 79
38 39
77 78
40 41
63 64
30 31
0 34
0 67
22 23
14 15
56 57
68 69
34 35
98 99
91 92
1 2
95 96
60 61
67 68
17 18
86 87
44 45
75 76
99
59 60
87 99
92 99
63 68
43 59
61 68
39 99
28 39
44 59
68 74
68 73
9 19
58 59
97 99
19 99
17 19
18 19
13 19
54 59
65 68
45 59
20 39
67 68
33 39
68 71
96 99
62 68
15 19
86 99
39 40
59 99
94 99
23 39
32 39
30 39
68 75
68 76
83 99
91 99
66 68
26 39
79 99
7 19
35 39
84 99
68 69
57 59
51 59
27 39
10 19
12 19
68 72
89 99
81 99
90 99
0 99
42 59
64 68
46 59
88 99
68 70
53 59
82 99
11 19
2 19
5 19
36 39
60 68
21 39
93 99
68 77
68 78
56 59
50 59
4 19
24 39
29 39
14 19
48 59
16 19
52 59
98 99
6 19
80 99
34 39
41 59
3 19
22 39
8 19
38 39
31 39
47 59
37 39
1 19
25 39
49 59
85 99
95 99
55 59
43
1 42
1 12
1 17
1 43
1 13
1 4
1 24
1 18
1 14
1 34
1 15
1 38
1 25
1 37
1 9
1 27
1 11
1 23
1 21
1 2
1 22
1 35
1 5
1 19
1 28
1 41
1 7
1 31
1 3
1 32
1 39
1 10
1 8
1 16
1 6
1 44
1 36
1 40
1 30
1 26
1 20
1 29
1 33
98
41 42
65 66
55 56
93 94
59 61
49 51
91 92
23 24
75 76
19 21
39 40
69 70
35 37
59 60
33 34
7 8
39 41
23 25
79 81
13 15
75 77
33 35
21 22
35 36
87 89
37 38
83 85
9 10
81 83
53 55
79 80
13 14
61 63
27 29
71 72
41 43
3 4
11 12
29 31
43 45
45 47
67 69
77 79
97 99
15 17
47 48
5 7
67 68
63 64
77 78
57 58
7 9
89 91
55 57
51 52
29 30
85 87
63 65
93 95
2 3
87 88
5 6
73 75
81 82
89 90
71 73
61 62
85 86
57 59
69 71
45 46
19 20
51 53
11 13
73 74
31 33
43 44
25 27
27 28
17 19
37 39
91 93
15 16
65 67
21 23
49 50
83 84
96 97
97 98
31 32
1 3
53 54
25 26
9 11
47 49
94 96
3 5
17 18
99
22 42
3 8
90 95
95 99
5 25
25 30
69 89
80 85
13 14
75 79
51 71
82 87
26 46
16 17
67 87
8 88
25 29
80 95
20 25
70 71
40 55
83 88
17 97
43 63
32 33
71 76
11 16
52 53
61 76
76 77
1 16
74 79
76 96
53 58
56 76
66 71
24 44
94 99
79 99
42 62
40 60
81 96
71 72
65 69
30 34
15 16
16 96
42 47
17 37
4 19
8 9
25 45
43 58
33 53
40 45
18 38
98 99
64 79
10 30
78 79
43 44
40 44
42 57
59 79
40 41
30 31
49 69
43 48
19 39
19 99
16 36
84 99
68 69
86 91
21 26
64 69
7 8
30 50
13 33
75 76
26 27
23 43
87 88
25 26
13 93
42 43
17 18
30 35
71 91
53 73
13 18
8 28
53 54
2 17
8 13
0 80
91 92
12 13
6 26
62
0 24
0 52
0 32
0 51
0 8
0 26
0 3
0 54
0 35
0 53
0 30
0 38
0 37
0 57
0 43
0 41
0 25
0 47
0 28
0 36
0 16
0 12
0 39
0 33
0 58
0 7
0 6
0 20
0 29
0 2
0 48
0 44
0 62
0 42
0 27
0 61
0 31
0 45
0 19
0 15
0 40
0 13
0 5
0 21
0 1
0 55
0 46
0 11
0 9
0 49
0 23
0 10
0 17
0 18
0 22
0 56
0 14
0 50
0 60
0 34
0 4
0 59
99
54 55
27 29
57 58
9 10
90 93
51 52
39 42
15 16
84 86
72 74
84 87
24 25
48 51
57 59
42 45
3 5
51 53
69 70
39 40
42 44
78 80
33 34
66 69
9 11
63 64
15 18
18 21
75 78
54 57
21 23
78 79
90 92
57 60
87 90
96 98
48 49
75 76
12 14
93 96
33 35
90 91
0 1
30 33
69 72
63 65
75 77
30 32
78 81
39 41
66 68
42 43
36 38
54 56
6 8
24 26
66 67
72 75
93 94
81 82
45 47
27 30
12 15
0 3
21 22
60 61
81 84
87 88
93 95
60 63
6 9
84 85
30 31
87 89
81 83
45 48
72 73
96 99
27 28
0 2
15 17
21 24
3 6
48 50
36 37
51 54
60 62
9 12
18 20
18 19
36 39
69 71
33 36
63 66
12 13
3 4
24 27
96 97
6 7
45 46
