1
99
7 34
13 29
58 64
1 35
1 90
5 43
19 37
13 28
21 71
5 80
25 31
22 46
6 95
54 62
12 28
57 91
1 56
53 72
20 87
13 66
39 43
29 52
43 63
26 91
37 45
71 87
16 66
6 51
8 22
35 38
6 96
26 88
48 62
6 33
83 85
46 97
71 94
56 66
19 69
27 31
11 60
75 79
74 75
11 57
11 65
89 95
22 83
74 76
5 92
64 75
2 6
49 97
6 36
10 86
15 63
14 89
32 87
0 1
78 87
28 68
42 61
32 40
10 41
31 42
65 71
19 46
46 93
29 83
6 72
62 91
32 35
26 42
35 73
4 72
41 82
55 89
77 89
50 97
17 30
22 47
62 72
24 65
75 84
7 56
29 67
63 74
11 44
30 59
3 31
58 99
30 58
37 43
9 83
23 91
70 82
18 82
13 81
10 58
42 98
