124
6
3 2
2 0
0 1
0 4
4 6
6 5
7
5 0
0 2
2 3
3 1
1 4
4 6
6 7
5
1 2
2 3
3 4
4 5
5 0
19
11 2
2 19
19 16
16 5
5 6
6 9
9 14
9 7
7 4
4 0
0 18
0 1
7 17
9 15
15 8
15 12
16 3
3 10
3 13
99
68 69
69 99
99 43
43 42
99 1
1 0
99 4
4 5
99 93
93 92
99 24
24 25
99 30
30 31
99 48
48 49
99 89
89 88
99 33
33 32
99 21
21 20
99 23
23 22
99 10
10 11
99 81
81 80
99 45
45 44
99 27
27 26
99 71
71 70
99 75
75 74
99 28
28 29
99 35
35 34
99 19
19 18
99 97
97 96
99 91
91 90
99 86
86 87
99 83
83 82
99 55
55 54
99 12
12 13
99 7
7 6
99 40
40 41
99 15
15 14
99 78
78 79
99 16
16 17
99 56
56 57
99 9
9 8
99 95
95 94
99 47
47 46
99 51
51 50
99 53
53 52
99 73
73 72
99 63
63 62
99 67
67 66
99 60
60 61
99 3
3 2
99 36
36 37
99 77
77 76
99 38
38 39
99 65
65 64
99 85
85 84
99 59
59 58
99 98
99
90 99
99 68
68 69
69 70
99 95
95 96
96 97
99 63
63 64
63 62
99 84
84 83
84 85
99 79
79 78
78 77
99 76
76 75
75 74
99 51
51 52
51 50
50 48
48 49
49 98
98 42
42 44
42 43
98 21
21 22
21 23
98 5
5 3
3 4
98 40
40 39
39 41
98 6
6 8
6 7
98 10
10 9
9 11
98 29
29 27
27 28
98 32
32 30
30 31
98 34
34 33
33 35
98 46
46 45
45 47
98 17
17 15
15 16
98 0
0 2
0 1
98 20
20 18
18 19
98 13
13 12
12 14
98 37
37 36
36 38
98 26
26 24
24 25
99 54
54 55
54 53
99 72
72 71
72 73
99 81
81 82
81 80
99 87
87 88
87 86
99 65
65 66
66 67
99 91
99 58
58 57
57 56
99 89
99 92
92 93
93 94
99 61
61 60
60 59
99
16 54
54 9
9 58
58 90
90 95
95 42
42 27
27 97
97 88
88 82
82 53
53 40
40 74
74 39
39 2
2 93
93 49
49 18
18 33
33 64
64 24
24 22
22 43
43 78
78 76
76 92
92 26
26 86
86 36
36 50
50 61
61 94
94 84
84 15
15 83
83 19
19 85
85 71
71 99
99 91
91 4
4 63
63 81
81 37
37 11
11 17
17 13
13 46
46 0
0 1
1 28
28 66
66 55
55 7
7 80
80 75
75 72
72 56
56 30
30 59
59 57
57 25
25 31
31 70
70 96
96 45
45 73
73 6
6 38
38 47
47 23
23 98
98 79
79 21
21 60
60 67
67 89
89 35
35 69
69 51
51 77
77 65
65 12
12 20
20 14
14 62
62 5
5 10
10 44
44 68
68 29
29 52
52 3
3 48
48 34
34 8
8 32
32 87
34 41
89
5 24
24 43
43 13
13 35
35 9
9 39
39 20
20 36
36 15
15 41
41 40
40 30
30 16
16 37
37 28
28 42
42 7
7 25
25 27
27 26
26 6
6 22
22 29
29 0
0 34
34 3
3 32
32 14
14 21
21 8
8 11
11 33
33 2
2 19
19 31
31 17
17 23
23 12
12 18
18 44
44 38
38 10
10 1
1 4
12 67
67 68
68 83
83 57
57 61
61 74
74 75
75 93
93 98
98 73
73 89
89 94
94 87
87 58
58 69
69 92
92 63
63 90
90 85
85 64
64 78
78 65
65 59
59 56
56 84
84 79
79 76
76 81
81 95
95 55
55 70
70 97
97 71
71 72
72 91
91 96
96 77
77 66
66 86
86 62
62 80
80 82
82 60
82 99
99 88
90
47 6
6 9
9 0
0 15
15 12
12 10
10 28
28 18
18 1
1 16
16 25
25 2
2 8
8 5
5 19
19 17
17 3
3 4
4 13
13 20
20 24
24 27
27 29
29 21
21 26
26 75
75 71
71 68
68 72
72 60
60 52
52 50
50 67
67 62
62 76
76 90
90 42
42 45
45 36
36 37
37 38
38 39
39 40
40 35
35 34
34 33
33 32
32 31
31 44
44 54
54 51
51 58
58 70
70 79
79 65
65 57
57 78
78 61
61 69
69 59
59 74
74 64
64 66
66 63
63 77
77 73
73 14
14 23
23 7
7 11
11 22
11 85
7 48
48 56
56 53
53 55
53 89
56 46
14 49
59 82
69 94
57 86
70 80
44 98
32 41
34 43
43 87
39 93
12 99
47 30
99
45 10
10 34
34 2
2 94
94 78
78 33
33 99
99 92
92 70
70 31
31 52
52 97
97 64
64 15
15 30
30 25
25 0
0 41
41 40
40 91
91 37
37 60
60 71
71 83
83 63
63 18
18 11
11 96
96 77
77 88
88 67
67 54
54 38
38 43
43 85
85 72
72 36
36 55
55 66
66 3
3 44
44 27
27 48
48 61
61 32
32 49
49 79
79 26
26 69
69 9
9 16
16 89
89 58
58 1
1 42
42 13
13 24
24 5
5 57
57 74
74 21
21 82
82 14
14 8
8 95
95 81
81 65
65 59
59 35
35 62
62 93
93 50
50 17
17 75
75 98
98 22
22 23
23 12
12 4
4 73
73 29
29 80
80 84
84 56
56 46
46 53
53 87
87 86
86 6
6 39
39 47
47 90
90 28
28 19
19 7
7 20
20 76
76 51
76 68
99
29 28
28 31
31 30
28 24
24 27
27 26
26 25
24 20
20 23
23 22
22 21
20 16
16 19
19 18
18 17
16 12
12 13
13 14
14 15
12 8
8 9
9 10
10 11
8 4
4 5
5 6
6 7
4 0
0 3
3 2
2 1
28 32
32 35
35 34
34 33
32 36
36 40
40 43
43 42
42 41
40 44
44 47
47 46
46 45
44 48
48 51
51 50
50 49
48 52
52 53
53 54
54 55
52 56
56 59
59 58
58 57
56 60
60 64
64 68
68 69
69 70
70 71
68 72
72 75
75 74
74 73
72 76
76 80
80 83
83 82
82 81
80 84
84 87
87 86
86 85
84 88
88 89
89 90
90 91
88 92
92 95
95 94
94 93
92 96
96 97
97 98
98 99
76 77
77 78
78 79
64 65
65 66
66 67
60 61
61 62
62 63
36 39
39 38
38 37
99
39 19
19 9
9 4
4 10
10 21
21 44
44 90
90 91
91 45
45 22
22 46
46 93
93 94
94 95
95 96
96 47
47 48
48 97
97 98
98 99
99 49
49 24
24 50
50 51
51 25
25 12
12 26
26 54
54 53
54 55
55 27
27 13
13 28
28 57
57 56
57 58
58 59
59 29
29 14
14 6
6 2
2 0
0 1
1 3
3 7
7 15
15 31
31 63
63 62
62 61
61 30
61 60
63 64
64 65
65 66
66 67
67 68
68 33
33 16
16 34
34 70
70 71
71 35
35 17
17 8
8 18
18 37
37 75
75 76
76 77
77 38
38 78
78 79
79 80
80 81
81 40
40 82
82 83
83 41
41 20
20 42
42 85
85 84
85 86
86 87
87 88
88 89
88 43
75 74
74 73
73 72
73 36
70 69
66 32
2 5
5 11
11 23
25 52
93 92
99
62 64
64 16
16 63
63 65
65 68
68 18
18 17
17 66
18 67
67 70
70 19
19 69
69 71
71 74
74 21
21 73
73 76
76 22
22 23
23 78
78 75
75 77
77 79
79 81
81 83
83 85
85 27
27 28
28 29
29 30
30 91
91 95
95 93
93 96
96 92
92 90
90 87
87 89
90 88
88 86
86 84
84 26
26 25
25 82
82 80
80 24
96 0
0 99
99 94
94 97
97 98
21 20
20 72
63 61
61 59
59 14
14 60
60 58
58 56
56 53
53 55
55 57
57 13
13 12
12 11
11 54
54 51
51 49
49 9
9 8
8 7
7 46
46 44
44 42
42 43
43 41
41 5
5 6
5 4
4 39
39 37
37 3
3 38
38 40
3 2
2 1
1 32
32 31
31 36
32 33
33 34
34 35
43 45
45 48
48 50
50 52
52 10
50 47
14 15
99
32 72
72 38
38 43
43 48
48 23
23 45
45 88
88 28
28 90
90 54
54 19
19 47
47 81
81 44
44 79
79 99
99 4
4 7
7 86
86 14
14 20
20 63
63 5
5 57
57 40
40 6
6 71
71 60
60 46
46 58
58 12
12 13
13 27
27 52
52 85
85 17
17 92
92 80
80 97
97 8
8 84
84 93
93 34
34 2
2 9
9 89
89 73
73 61
61 0
0 75
75 11
11 24
24 31
31 41
41 68
68 78
78 65
65 66
66 59
59 50
50 69
69 37
37 55
55 96
96 30
30 64
64 35
35 87
87 42
42 74
74 21
21 22
22 1
1 36
36 49
49 53
53 33
33 94
94 76
76 82
82 10
10 51
51 95
95 70
70 16
16 67
67 91
91 29
29 15
15 77
77 98
98 25
98 83
77 26
26 39
39 3
77 56
16 62
82 18
98
32 31
31 28
28 29
29 26
26 23
23 22
22 25
25 24
24 21
21 18
18 19
19 20
20 17
17 14
14 12
12 13
13 10
10 11
11 9
9 6
6 7
7 8
8 5
5 4
4 3
3 0
0 1
1 2
2 98
98 96
96 97
97 94
94 95
95 92
92 91
91 90
90 93
90 87
87 88
88 85
85 86
86 84
84 81
81 82
82 83
83 80
80 77
77 74
74 73
73 76
76 75
75 78
78 79
75 72
72 69
69 71
71 68
68 66
66 63
63 64
64 67
67 70
64 65
65 62
62 61
61 58
58 59
59 57
57 60
57 54
54 55
55 56
56 53
53 51
51 52
52 49
49 46
46 43
43 42
42 45
45 47
47 44
44 41
41 38
38 37
37 34
34 35
35 33
33 36
36 39
39 40
33 30
30 27
47 50
50 48
86 89
13 16
16 15
82
0 2
2 55
55 1
1 5
5 17
17 73
73 49
49 60
60 19
19 61
61 4
4 65
65 47
47 15
15 48
48 68
68 22
22 6
6 59
59 8
8 63
63 39
39 12
12 40
40 76
76 33
33 10
10 34
10 67
67 18
18 57
57 51
51 16
16 52
16 50
50 64
64 20
20 62
62 46
46 14
14 45
45 77
77 26
26 74
74 24
24 7
7 69
69 30
30 9
9 31
31 56
9 29
7 25
25 79
79 13
13 42
42 78
78 35
35 11
11 37
37 71
71 23
23 58
58 28
23 72
71 21
21 66
66 44
37 81
37 54
54 3
11 36
13 43
43 70
70 32
32 82
13 41
41 80
24 75
75 27
12 38
17 53
80
21 20
20 11
11 12
12 3
3 2
2 1
1 0
0 9
9 18
18 27
27 28
28 37
37 46
46 47
47 56
56 55
55 54
54 45
45 36
54 63
63 64
64 65
65 74
74 75
75 66
66 57
57 58
58 67
67 68
68 69
69 70
70 61
61 52
52 43
43 34
34 25
25 26
26 17
17 8
8 7
7 16
16 15
15 6
6 5
5 4
4 13
13 22
22 23
23 32
32 33
33 24
33 42
42 41
41 40
40 39
39 30
30 31
30 29
29 38
39 48
48 49
49 50
50 59
59 60
60 51
23 14
26 35
35 44
44 53
53 62
62 71
71 80
80 79
79 78
78 77
77 76
74 73
73 72
28 19
19 10
98
30 42
42 94
94 63
63 62
62 61
61 90
90 49
49 48
48 31
48 67
67 37
37 66
66 47
47 73
73 56
56 55
55 54
54 88
54 28
28 58
58 91
91 52
52 81
52 53
53 70
70 46
46 45
45 9
9 35
35 36
36 71
36 3
36 87
87 59
59 25
59 84
84 39
39 10
39 38
38 98
38 6
38 32
38 79
39 40
40 41
41 77
41 26
41 19
40 18
40 76
76 43
43 44
44 13
44 5
44 22
43 68
68 64
64 2
64 86
64 96
64 65
64 80
43 0
43 1
39 85
85 51
51 15
15 34
34 33
34 4
4 60
60 20
20 50
50 75
50 16
60 69
60 95
34 8
51 72
51 93
93 57
57 21
57 12
57 24
36 7
36 92
35 27
35 82
46 78
46 83
53 23
52 97
58 89
58 14
58 17
54 11
48 29
61 74
63
56 49
49 50
50 57
50 41
41 40
40 39
39 28
28 29
29 30
30 31
31 42
31 22
31 32
30 21
21 12
12 11
11 20
20 19
11 4
4 5
5 6
6 13
13 14
5 17
17 16
16 15
15 24
24 23
23 34
34 33
34 43
34 35
35 36
36 45
45 44
44 52
52 53
53 58
58 59
59 62
62 61
62 64
62 63
63 60
60 55
55 54
54 46
46 47
16 7
7 8
8 9
9 10
10 3
3 2
3 1
9 18
17 26
26 37
37 38
38 27
26 25
50 51
49 48
31
23 21
21 7
7 5
5 25
25 27
27 26
26 24
24 3
3 22
22 20
20 1
1 9
9 8
8 10
10 11
11 2
2 0
0 6
6 4
4 29
29 28
28 30
30 31
4 15
15 13
13 12
12 14
6 17
17 16
16 18
18 19
99
46 44
44 41
41 49
49 43
43 45
45 47
47 40
40 42
40 20
20 22
22 24
24 27
27 25
25 23
23 29
29 28
29 26
29 21
20 30
30 50
50 80
80 70
70 74
74 76
76 77
77 78
78 75
75 73
73 72
72 71
71 79
70 0
0 7
7 4
4 1
1 2
2 3
3 9
9 8
8 5
9 6
70 60
60 62
62 63
63 69
69 61
61 64
64 66
66 67
67 68
68 65
60 90
90 10
10 15
15 18
18 17
17 16
16 14
14 11
11 12
12 13
13 19
90 94
94 97
97 95
95 98
98 99
99 91
91 92
92 93
99 96
80 82
82 84
84 86
86 89
89 88
88 85
85 87
85 83
89 81
50 52
52 51
51 54
54 57
57 55
55 58
58 59
59 53
59 56
30 32
32 34
34 31
31 39
39 38
38 37
37 36
37 35
35 33
47 48
96
80 51
51 25
25 17
17 38
38 10
10 46
46 40
40 82
82 78
78 83
83 54
54 74
74 24
24 3
3 81
81 47
47 79
79 72
72 62
62 55
55 75
75 68
68 88
88 89
89 69
69 96
96 43
43 50
50 44
44 28
28 13
13 1
1 94
94 5
5 97
97 41
41 84
84 93
93 67
67 87
87 71
71 56
56 18
18 52
52 15
15 39
39 2
2 36
36 35
35 27
27 7
7 14
14 73
73 6
6 26
26 4
4 58
58 19
19 34
34 45
45 12
12 9
9 29
29 21
21 48
48 31
31 33
33 37
37 23
23 11
11 90
90 32
32 76
76 30
30 57
57 8
8 53
8 49
49 22
57 16
57 20
90 42
4 63
73 61
61 60
61 59
73 65
73 66
73 70
71 64
87 85
87 77
87 86
93 91
93 92
96 95
99
99 20
20 8
8 2
2 14
14 57
57 36
36 55
55 12
12 40
40 3
3 74
74 67
67 34
34 84
84 7
7 25
25 31
31 76
76 73
73 45
45 10
10 91
91 88
88 89
89 26
26 52
52 24
24 5
5 35
35 68
68 23
23 56
56 15
15 38
38 33
33 81
81 58
58 28
33 16
16 59
38 93
93 87
87 29
29 51
51 92
92 86
86 71
71 53
53 66
66 78
78 62
62 39
39 46
46 18
18 80
51 19
19 82
51 95
95 77
77 50
50 17
17 49
49 11
11 96
96 61
61 0
0 85
11 69
69 64
64 44
44 98
98 6
6 90
90 75
75 79
79 30
30 83
83 48
48 32
32 63
63 37
37 41
41 1
1 72
72 65
65 22
22 70
70 4
6 13
13 94
69 54
54 47
47 21
21 42
11 60
60 9
95 43
43 97
15 27
90
11 25
25 61
61 64
64 93
93 12
12 87
87 36
36 70
70 49
49 69
69 88
88 98
69 34
34 8
8 51
51 72
72 92
51 20
20 77
77 47
8 68
68 32
32 90
90 0
0 39
39 97
97 58
58 31
31 7
7 65
65 30
30 62
65 14
14 66
66 79
79 41
41 81
81 16
16 37
37 54
54 74
74 75
75 71
71 1
1 38
71 43
43 56
56 63
63 59
59 2
2 24
24 5
5 27
27 89
89 91
24 28
28 86
2 33
33 85
85 48
48 18
18 35
35 26
26 57
57 17
17 10
10 73
73 84
84 78
10 96
96 9
9 19
19 23
23 94
94 60
60 13
13 80
96 83
83 55
75 21
21 76
16 3
3 4
4 67
69 99
99 82
82 15
69 6
69 53
53 22
73
24 35
35 62
62 4
4 32
32 39
39 61
61 66
66 8
8 68
68 64
64 36
36 3
3 19
19 54
54 63
63 26
26 9
9 7
7 67
67 11
11 71
71 73
73 56
56 25
25 52
52 15
15 18
18 49
49 23
23 55
55 50
50 17
17 45
45 46
46 22
22 58
58 57
57 20
20 42
42 44
44 47
47 28
28 0
0 12
12 43
43 38
38 2
2 59
59 29
29 27
27 53
53 37
37 6
6 41
41 70
70 13
13 48
48 21
21 65
65 34
34 33
33 5
5 1
1 31
31 60
60 14
14 10
10 40
40 51
51 16
16 30
30 72
72 69
10
1 4
4 7
7 8
8 11
11 10
10 6
6 3
3 5
5 2
6 9
5
1 5
5 4
4 2
2 6
6 3
21
5 4
4 2
2 1
1 10
10 11
11 12
12 9
9 8
8 7
7 6
8 14
14 17
17 15
15 18
18 19
19 21
21 22
22 16
21 20
20 13
9 3
39
9 3
3 16
16 8
8 26
26 33
33 38
38 5
5 17
17 31
31 30
30 28
28 35
35 0
0 25
25 19
19 36
36 32
32 18
18 2
2 6
6 10
10 29
29 23
23 34
34 13
13 24
24 4
4 1
1 7
7 27
27 20
20 14
14 11
11 22
22 37
37 12
12 39
39 21
21 15
99
7 85
85 53
53 78
78 96
96 80
80 23
23 98
98 22
22 94
94 86
86 26
26 70
70 47
47 40
40 60
60 69
69 66
66 79
79 99
99 82
82 51
51 39
39 55
55 44
44 1
1 6
6 48
48 83
83 65
65 37
37 90
90 46
46 58
58 56
56 75
75 74
74 54
54 95
95 45
45 30
30 89
89 71
71 9
9 0
0 3
3 21
3 20
20 41
41 73
73 62
62 57
57 49
49 91
91 32
32 12
12 31
12 81
81 64
64 36
36 92
92 67
67 68
68 29
29 8
8 52
8 25
25 43
8 10
10 14
14 61
61 87
87 97
97 50
50 16
16 42
42 17
17 19
19 88
88 77
77 93
93 84
84 4
93 35
35 15
88 59
17 13
13 27
27 63
13 2
14 76
10 24
24 72
8 5
36 18
18 34
18 33
64 11
0 28
28 38
99
12 28
28 53
53 78
78 61
61 79
79 39
39 44
44 58
58 82
82 76
76 85
85 63
63 81
81 22
22 73
73 71
71 33
33 80
80 50
50 75
75 84
84 16
16 59
59 67
67 40
40 72
72 47
47 77
77 54
54 92
92 29
29 89
89 68
68 49
49 97
97 20
20 95
95 19
19 60
60 45
45 37
37 94
94 70
70 3
3 13
13 15
15 14
14 21
21 32
32 93
93 65
65 38
38 88
88 25
25 91
91 51
51 83
83 41
41 55
55 69
69 86
86 56
56 87
87 2
2 90
90 46
46 98
98 4
4 64
4 11
11 18
11 27
27 36
27 35
11 30
30 48
30 62
4 0
0 9
9 31
0 1
1 57
4 10
10 52
10 42
42 66
46 99
99 5
5 43
46 96
96 23
23 74
23 34
2 6
51 17
17 7
38 24
3 8
92 26
99
23 58
58 65
65 47
47 50
50 57
57 21
21 71
71 86
86 36
36 70
70 61
61 81
81 62
62 68
68 29
29 42
42 45
45 87
87 14
14 28
28 46
46 66
66 92
92 59
59 98
98 22
22 38
38 74
74 30
30 79
79 16
16 90
90 48
48 37
37 11
11 7
7 15
15 56
56 82
82 53
53 64
64 97
97 17
17 34
34 67
67 77
77 72
72 91
91 73
73 24
24 26
26 88
88 51
51 43
43 99
99 10
10 54
54 75
75 18
18 83
83 52
52 76
76 32
32 78
78 49
49 93
93 6
6 0
0 1
1 3
3 9
3 25
25 31
31 89
0 5
0 35
0 2
2 4
4 12
12 27
2 41
2 8
8 20
8 55
55 60
60 63
63 80
2 13
13 19
19 95
19 40
40 96
6 33
33 39
39 85
39 94
6 84
76 44
88 69
99
96 20
20 50
50 72
72 39
39 24
24 88
88 8
8 49
49 81
81 80
80 70
70 2
2 66
66 47
47 59
59 85
85 95
95 75
75 41
41 0
0 16
16 31
31 86
86 79
79 26
26 48
48 27
27 22
22 51
51 99
99 94
94 53
53 52
52 17
17 98
98 62
62 55
55 61
61 89
89 5
5 46
46 37
37 6
6 74
74 36
36 67
67 93
93 58
58 97
97 3
3 33
33 90
90 57
57 19
19 87
87 18
18 34
34 65
65 7
7 12
12 54
54 15
15 44
44 14
14 45
45 68
68 42
42 84
84 69
69 28
28 82
82 32
32 10
10 43
43 71
71 35
35 38
38 76
76 78
78 13
13 63
63 64
64 9
9 23
23 91
91 4
4 56
56 29
29 21
21 73
73 25
25 92
92 60
60 40
40 77
77 1
1 11
77 83
77 30
84
1 37
37 59
59 55
55 36
36 43
43 79
79 16
16 65
65 22
22 49
49 29
29 52
52 42
42 32
32 64
64 13
13 2
2 47
47 21
21 4
4 68
68 60
60 14
14 25
25 5
5 54
54 62
62 28
28 51
51 69
69 41
41 50
50 30
30 34
34 19
19 53
53 15
15 73
73 3
3 74
74 46
46 44
44 57
57 76
76 56
56 24
24 66
56 33
33 27
27 48
48 75
75 71
71 84
84 63
63 81
81 18
18 10
10 31
31 17
17 0
17 83
83 11
11 23
83 77
77 45
45 80
80 72
72 9
9 82
82 67
67 20
67 12
12 8
8 35
35 70
67 40
9 58
58 61
80 39
83 78
10 38
71 26
26 7
74 6
84
23 1
1 77
77 22
22 65
65 17
17 83
83 11
11 25
25 14
14 60
60 26
26 15
15 64
64 43
43 34
34 19
19 76
76 56
56 3
3 74
74 57
57 44
44 39
39 28
28 62
62 30
30 40
40 36
36 69
69 51
51 61
61 58
58 32
32 70
70 10
10 31
31 78
78 42
42 52
52 29
29 13
13 2
2 0
0 53
53 48
48 75
75 71
71 84
84 63
63 41
41 50
50 38
38 68
68 4
4 6
6 59
59 37
37 72
72 9
9 82
82 73
82 21
21 47
47 66
66 24
21 27
27 20
20 54
54 5
5 35
35 8
8 45
45 55
45 80
45 16
16 79
79 7
16 18
18 81
8 49
49 12
12 67
27 33
58 46
99
22 12
12 61
61 54
54 13
13 30
30 15
15 5
5 97
97 35
35 20
20 66
66 48
48 34
34 0
0 39
39 57
57 67
67 16
16 2
2 65
65 10
10 86
86 70
70 52
52 56
56 40
40 58
58 14
14 23
23 62
62 38
38 53
53 69
69 76
76 85
85 94
94 33
33 83
83 41
41 17
17 64
64 24
24 47
47 80
80 37
37 4
4 90
90 43
43 49
49 59
59 68
68 92
92 82
82 51
51 21
21 6
6 95
95 71
71 74
74 60
60 46
46 75
75 7
7 79
79 96
96 98
98 32
32 3
3 29
29 87
87 42
42 88
88 36
36 25
25 26
26 78
78 55
55 11
11 50
50 19
19 28
28 73
73 99
99 89
89 1
1 91
91 9
9 27
27 77
77 84
84 45
45 8
8 31
31 18
18 93
93 81
81 44
93 72
31 63
99
90 14
14 41
41 78
78 89
89 46
46 92
92 32
32 45
45 71
71 82
82 31
31 5
5 10
10 94
94 15
15 93
93 27
27 76
76 24
24 70
70 51
51 79
79 37
37 66
66 42
42 75
75 83
83 11
11 25
25 2
2 21
21 35
35 62
62 67
67 18
18 40
40 7
7 33
33 38
38 3
3 47
47 1
1 58
58 99
99 28
28 95
95 65
65 96
96 98
98 69
69 53
53 85
85 73
73 57
57 81
81 36
36 6
6 29
29 55
55 9
9 52
52 88
88 8
8 34
34 0
0 16
16 54
54 80
80 23
23 91
91 56
56 48
48 64
64 68
68 43
43 74
74 19
19 49
49 17
17 84
84 22
22 87
87 30
30 26
26 86
86 20
20 60
60 77
77 44
44 72
72 97
97 61
61 59
59 13
13 12
12 63
63 4
13 50
44 39
99
51 33
33 93
93 28
28 61
61 34
34 83
83 43
43 77
77 9
9 63
63 45
45 70
70 36
36 71
71 8
8 57
57 40
40 58
58 30
30 99
99 22
22 55
55 46
46 78
78 38
38 87
87 1
1 56
56 4
4 69
69 6
6 54
54 26
26 80
80 35
35 53
53 13
13 95
95 7
7 96
96 14
14 89
89 12
12 42
42 88
88 19
19 76
76 48
48 86
86 24
24 74
74 11
11 84
84 17
17 82
82 18
18 64
64 29
29 85
85 2
2 73
73 27
27 92
92 20
20 79
79 31
31 60
60 5
5 97
97 10
10 50
50 65
65 41
41 68
68 15
15 67
67 0
0 94
94 32
32 90
90 3
3 72
72 25
25 62
62 44
44 59
59 47
47 75
75 16
16 81
81 23
23 98
98 39
39 52
52 21
21 66
66 49
49 91
91 37
63
1 3
3 26
26 5
5 52
52 21
21 61
61 25
25 53
53 42
42 17
17 30
30 63
63 60
60 11
11 55
55 37
37 57
57 16
16 54
54 45
45 49
49 46
46 18
18 34
34 28
28 40
40 10
10 8
8 13
13 58
58 47
47 6
6 27
27 0
0 59
59 24
24 62
62 2
2 29
29 56
56 38
38 14
14 23
23 43
43 9
9 22
22 7
7 44
44 32
32 39
39 51
51 35
35 33
33 12
12 48
48 20
20 36
36 19
19 4
4 50
50 31
31 41
41 15
39
29 39
39 22
22 25
25 20
20 2
2 15
15 36
36 21
21 30
30 37
37 35
35 4
4 18
18 7
7 11
11 19
19 31
31 3
3 8
8 10
10 0
0 6
6 9
9 28
28 12
12 24
24 5
5 32
32 26
26 1
1 27
27 14
14 38
38 23
23 17
17 13
13 34
34 33
33 16
99
79 39
39 80
80 5
5 12
12 75
75 37
37 18
18 8
8 17
17 36
36 73
73 50
50 47
47 95
95 34
34 16
16 33
33 68
68 21
21 44
44 89
89 1
1 4
4 9
9 19
19 40
40 82
82 15
15 32
32 66
66 46
46 60
60 29
29 14
14 6
6 13
13 59
13 28
28 58
58 2
2 0
0 71
71 35
35 72
28 78
78 38
38 77
77 31
31 90
31 64
64 43
43 87
43 88
31 63
31 86
86 42
42 20
20 69
20 56
56 27
27 65
27 55
55 3
3 83
83 41
41 84
84 25
25 52
52 11
11 54
54 26
26 67
26 53
11 23
23 98
98 48
48 97
97 10
10 22
22 96
22 45
45 92
45 91
45 57
10 99
99 49
49 24
24 74
23 70
23 94
25 51
3 7
42 85
14 30
30 93
30 76
30 61
30 62
40 81
99
73 75
75 26
26 27
27 22
22 56
56 18
18 80
80 20
20 7
7 89
89 86
86 9
9 29
29 79
79 39
39 51
51 16
16 93
93 3
3 95
95 41
41 14
14 46
46 68
68 38
38 58
58 25
25 31
31 33
33 10
10 35
35 6
6 4
4 28
28 96
96 83
83 74
74 23
23 62
62 1
1 17
17 55
55 97
97 45
45 48
48 13
13 5
5 11
11 98
98 76
76 36
36 64
64 57
57 37
37 81
81 34
34 15
15 40
40 82
82 65
65 61
61 43
43 0
0 12
12 50
50 85
85 30
30 87
87 52
52 47
47 53
53 44
44 19
19 59
59 54
54 49
49 8
8 90
90 32
32 78
78 42
42 2
2 70
70 88
88 67
67 60
60 66
60 99
99 84
84 63
63 91
63 21
21 71
60 69
69 94
70 72
72 77
77 92
2 24
99
75 27
27 10
10 28
28 71
71 26
26 70
70 4
4 3
3 5
5 15
15 39
39 1
1 48
48 18
18 46
46 17
17 41
41 16
16 42
42 11
11 40
11 6
11 37
37 76
76 29
29 12
12 30
30 80
30 77
30 81
30 79
29 78
16 47
16 45
16 43
17 44
1 0
0 2
2 64
64 24
24 65
65 22
22 9
9 23
23 8
23 59
23 63
23 62
23 61
23 60
22 66
22 58
2 7
7 19
19 54
54 21
21 55
55 20
20 53
20 49
20 56
20 52
20 57
21 51
21 50
39 90
90 33
33 89
89 31
31 88
31 84
84 32
32 86
32 82
32 87
32 85
32 13
13 38
38 83
38 98
98 36
36 97
97 34
34 14
14 35
35 93
35 99
35 95
35 91
35 94
35 96
34 92
4 68
68 25
25 67
25 72
25 73
25 69
4 74
88
86 39
39 60
60 19
19 80
80 35
35 75
75 22
22 74
74 9
9 88
88 43
43 57
57 23
23 61
61 20
20 69
69 27
27 71
71 8
8 85
85 28
28 76
76 5
5 50
50 26
26 62
62 2
2 73
73 18
18 49
49 17
17 68
68 33
33 54
54 7
7 87
87 29
29 81
81 34
34 84
84 3
3 44
44 38
38 58
58 16
16 64
64 4
4 45
45 13
13 52
52 24
24 53
53 30
30 83
83 1
1 77
77 11
11 78
78 36
36 56
56 42
42 82
82 21
21 66
66 10
10 47
47 14
14 70
70 15
15 51
51 6
6 79
79 37
37 67
67 0
0 48
48 40
40 55
55 31
31 72
72 12
12 65
65 25
25 46
46 32
32 63
63 41
41 59
99
34 83
83 1
1 2
2 97
97 27
27 93
93 74
74 77
77 33
33 13
13 15
15 8
8 23
23 19
19 91
91 17
17 84
84 89
89 87
87 94
94 90
90 26
26 86
86 80
80 78
78 18
18 29
29 79
79 75
75 21
21 12
12 76
76 11
11 5
5 88
88 36
36 98
98 10
10 35
35 20
20 0
0 95
95 4
4 96
96 92
92 14
14 7
7 9
9 31
31 85
85 32
32 30
30 25
25 28
28 16
16 82
82 99
99 6
6 43
6 22
22 3
3 24
24 81
24 61
3 40
22 59
16 53
28 65
25 62
30 67
32 69
31 68
9 46
7 44
14 51
4 41
0 37
20 57
35 72
10 47
36 73
5 42
11 48
12 49
21 58
29 66
18 55
26 63
17 54
19 56
23 60
8 45
15 52
13 50
33 70
27 64
2 39
1 38
34 71
98
30 12
12 15
15 17
17 8
8 6
6 16
16 22
22 32
32 25
25 5
5 24
24 3
3 0
0 13
13 11
11 28
28 21
21 27
27 10
10 31
31 20
20 4
4 19
19 2
2 7
7 23
23 26
26 29
29 14
14 1
1 18
18 9
1 35
35 60
60 57
57 53
53 43
43 51
51 37
37 62
62 61
61 50
50 49
49 63
63 42
42 45
45 36
36 52
52 59
59 41
41 56
56 40
40 48
48 33
33 47
47 65
65 46
46 58
58 64
64 39
39 34
34 54
54 55
55 38
38 44
35 72
72 69
69 93
93 94
94 74
74 98
98 79
79 82
82 86
86 67
67 89
89 97
97 73
73 83
83 90
90 71
71 84
84 78
78 77
77 92
92 96
96 85
85 87
87 81
81 80
80 88
88 68
68 75
75 76
76 95
95 91
91 70
70 66
99
42 43
43 44
44 0
0 61
61 60
60 58
58 59
58 57
57 55
55 56
55 54
54 52
52 53
52 51
51 49
49 50
49 48
48 46
46 47
46 45
61 62
61 63
63 64
64 65
64 66
66 67
67 69
69 70
70 72
72 73
73 74
73 75
75 76
76 78
78 79
79 81
81 82
82 83
82 84
84 85
85 87
87 88
88 90
90 91
91 93
93 94
94 96
96 97
97 99
97 98
94 95
91 92
88 89
85 86
79 80
76 77
70 71
67 68
0 15
15 16
16 17
16 18
18 19
19 21
21 22
22 24
24 25
25 26
25 27
27 28
28 30
30 31
31 32
31 33
33 34
34 36
36 37
37 38
37 39
39 40
40 41
34 35
28 29
22 23
19 20
15 13
13 12
12 10
10 11
10 9
9 7
7 6
6 4
4 5
4 3
3 1
1 2
7 8
13 14
83
44 46
46 72
72 66
66 63
63 70
70 71
71 58
58 68
68 53
53 55
55 73
73 51
51 47
47 59
59 62
62 54
54 78
78 69
69 76
76 60
60 56
56 67
67 75
75 43
43 50
50 45
45 77
77 42
42 61
61 48
48 79
79 83
83 80
80 81
81 65
65 49
49 52
52 82
82 57
57 64
64 74
42 0
0 4
4 8
8 36
36 9
9 15
15 18
18 17
17 5
5 35
35 10
10 25
25 14
14 38
38 11
11 37
37 29
29 21
21 20
20 19
19 6
6 3
3 33
33 27
27 12
12 34
34 16
16 7
7 23
23 30
30 28
28 32
32 31
31 39
39 13
13 26
26 1
1 2
2 40
40 22
22 41
41 24
99
18 16
16 17
17 0
0 80
80 79
79 78
78 76
76 77
76 75
75 73
73 74
73 72
72 70
70 69
69 67
67 66
66 64
64 65
64 63
63 61
61 62
61 60
60 58
58 59
58 57
57 55
55 56
55 54
54 52
52 51
51 49
49 48
48 46
46 45
45 43
43 44
43 42
42 40
40 39
39 37
37 36
36 34
34 33
33 31
31 30
30 28
28 29
28 27
27 25
25 26
25 24
24 22
22 23
22 21
21 19
19 20
31 32
34 35
37 38
40 41
46 47
49 50
52 53
67 68
70 71
79 81
81 82
82 84
84 85
85 86
85 87
87 88
88 90
90 91
91 93
93 94
94 95
94 96
96 97
97 99
97 98
91 92
88 89
82 83
0 5
5 4
4 3
3 1
1 2
4 6
6 7
7 9
9 10
10 12
12 13
13 15
13 14
10 11
7 8
99
31 79
79 83
83 7
7 41
41 94
94 65
65 49
49 5
5 99
99 57
57 27
27 63
63 58
58 9
9 29
29 1
1 21
21 91
91 43
43 3
3 59
59 12
12 24
24 30
30 92
92 67
67 87
87 61
61 95
95 84
84 28
28 38
38 70
70 44
44 40
40 26
26 66
66 89
89 17
17 0
0 80
80 22
22 90
90 10
10 6
6 11
11 25
25 54
54 34
34 51
51 85
85 75
75 86
86 81
81 93
93 73
73 55
55 45
45 97
97 37
37 88
88 42
42 69
69 68
68 4
4 18
18 98
98 39
39 32
32 35
35 20
20 56
56 76
76 62
62 13
13 8
8 23
23 82
82 46
46 60
60 47
47 71
71 2
2 74
74 16
74 53
2 14
14 96
96 78
78 50
14 64
46 48
48 19
19 33
33 15
48 36
56 77
77 52
56 72
99
83 76
76 36
36 58
58 57
57 65
65 96
96 2
2 32
32 50
50 93
93 98
98 49
49 48
48 16
16 14
14 87
87 25
25 37
37 43
43 73
73 47
47 29
29 45
45 75
75 22
22 74
74 30
30 72
72 19
19 11
11 78
78 95
95 54
54 15
15 9
9 59
59 67
67 8
8 38
38 68
68 62
62 28
28 12
12 71
71 6
6 82
82 85
85 94
94 3
3 44
44 31
31 86
86 5
5 17
17 81
81 60
60 18
18 56
56 27
27 80
80 52
52 20
20 0
0 53
53 69
69 99
99 4
4 10
10 66
66 79
79 41
41 34
34 13
13 39
39 77
77 46
77 92
92 55
55 51
51 35
35 1
1 21
21 91
91 63
63 97
97 26
26 33
33 61
61 88
88 23
23 40
40 24
24 70
70 89
23 64
64 84
33 42
91 90
1 7
99
54 81
81 16
16 95
95 14
14 0
0 24
24 13
13 78
78 1
1 26
26 30
30 37
37 15
15 82
82 74
74 42
42 61
61 86
86 50
50 22
22 60
60 47
47 7
7 88
88 18
18 83
83 33
33 40
40 51
51 29
29 11
11 43
43 35
35 87
87 98
98 64
64 9
9 34
34 52
52 93
93 41
41 79
79 68
68 46
46 76
76 4
4 96
96 59
59 28
28 20
20 56
56 49
49 32
32 44
44 12
12 72
72 58
58 66
66 39
39 27
27 17
17 99
99 3
3 5
5 67
67 57
57 23
23 48
48 90
90 63
63 92
92 2
2 70
70 97
97 38
38 36
36 55
55 19
19 62
62 25
25 85
85 71
71 89
89 69
69 10
10 80
80 65
65 8
8 84
84 94
94 77
77 21
77 91
91 6
6 45
45 75
6 31
31 53
8 73
62
40 31
31 24
24 29
29 59
59 8
8 30
30 25
25 6
6 10
10 37
37 45
45 9
9 51
51 33
33 54
54 42
42 19
19 60
60 47
47 7
7 11
11 28
28 15
15 26
26 2
2 48
48 56
56 62
62 13
13 0
0 43
43 61
61 18
18 1
1 52
52 3
3 49
49 14
14 12
12 41
41 38
38 55
55 46
46 21
21 23
23 50
50 16
16 5
5 4
4 35
35 34
34 20
20 53
53 57
57 22
22 36
36 27
27 58
58 44
44 32
32 17
17 39
99
52 62
62 63
63 73
73 74
74 75
75 76
76 86
86 87
87 98
98 97
97 96
96 95
95 84
84 85
84 94
94 93
93 82
82 92
92 91
91 81
81 71
71 72
72 61
61 51
51 40
40 50
50 60
60 70
70 80
80 90
40 41
41 31
31 20
20 21
21 22
22 33
33 43
43 42
42 53
53 64
64 65
65 54
54 55
55 66
66 56
56 57
57 58
58 48
48 38
38 27
27 37
37 47
47 46
46 36
36 25
25 24
24 14
14 15
15 4
4 5
5 16
16 17
17 18
18 28
28 39
39 49
49 59
59 69
69 79
79 78
78 77
77 88
88 99
99 89
77 67
67 68
39 29
29 19
19 8
8 9
8 7
7 6
16 26
4 3
3 13
13 12
12 23
23 34
34 45
45 44
45 35
12 1
1 11
11 0
0 10
1 2
42 32
20 30
72 83
99
7 46
46 97
97 25
25 88
88 24
24 13
13 8
8 96
96 94
94 27
27 23
23 11
11 53
53 18
18 21
21 78
78 33
33 62
62 51
51 3
3 37
37 44
44 45
45 29
29 82
82 35
35 9
9 74
74 66
66 71
71 4
4 68
68 28
28 10
10 55
55 64
64 40
40 17
17 50
50 52
52 72
72 99
99 98
98 90
90 89
89 85
85 48
48 49
49 43
43 87
87 2
2 60
60 67
67 38
38 65
65 84
84 86
86 30
30 47
47 15
15 42
42 6
6 12
12 1
1 20
20 41
41 57
57 76
76 77
77 58
58 39
39 61
61 73
73 63
63 36
36 80
80 93
93 56
56 70
70 92
92 95
95 14
14 0
0 16
16 91
91 19
19 26
26 32
32 69
69 83
83 75
75 81
81 59
83 54
54 5
5 79
5 31
31 34
34 22
99
47 18
18 6
6 43
43 60
60 9
9 92
92 25
25 21
21 69
69 71
71 73
73 13
13 22
22 68
68 58
58 40
40 2
2 17
17 62
62 11
11 99
99 66
66 37
37 57
57 98
98 4
4 65
65 16
16 83
83 42
42 88
88 80
80 45
45 52
52 79
79 56
56 36
36 67
67 53
53 94
94 26
26 51
51 19
19 97
97 28
28 61
61 59
59 48
48 35
35 8
8 49
49 82
82 78
78 15
15 14
14 20
20 64
64 30
30 5
5 93
93 34
34 1
1 74
74 86
86 72
72 76
76 50
50 54
54 46
46 89
89 27
27 38
38 95
95 55
55 90
90 32
32 96
96 33
33 7
7 44
44 39
39 41
41 10
10 12
12 77
77 75
75 29
29 84
84 81
81 70
70 91
91 85
85 0
0 23
23 87
87 3
3 63
63 31
31 24
99
31 81
81 33
33 78
78 53
53 69
69 88
88 61
61 96
96 54
54 0
0 17
17 29
29 34
34 75
75 27
27 10
10 41
41 24
24 45
45 44
44 35
35 51
51 6
6 19
19 25
25 67
67 4
4 87
87 15
15 94
94 62
62 9
9 7
7 22
22 47
47 82
82 37
37 13
13 89
89 12
12 55
55 84
84 30
30 74
74 79
79 18
18 52
52 58
58 38
38 70
70 93
93 83
83 11
11 92
92 86
86 71
71 68
68 43
43 50
50 21
21 64
64 14
14 59
59 49
49 28
28 91
91 98
98 8
8 36
36 46
46 57
57 23
23 26
26 42
42 16
16 40
40 56
56 1
1 3
3 65
65 2
2 20
20 80
80 77
77 72
72 48
48 5
48 97
97 60
60 63
63 39
39 76
39 73
63 32
32 90
32 99
60 85
85 66
85 95
99
16 0
0 5
0 11
0 9
0 21
0 3
0 99
99 48
48 47
47 46
46 45
45 44
44 43
43 42
42 41
41 40
40 39
39 38
38 37
37 36
36 35
48 49
49 50
50 51
51 52
52 53
53 54
54 55
55 56
56 57
57 58
58 59
59 60
60 61
61 62
62 63
63 64
64 88
88 65
65 91
65 84
65 85
65 96
65 82
65 77
65 80
65 87
65 95
65 94
65 93
65 83
65 70
65 66
65 76
65 73
65 71
65 81
65 86
65 98
65 67
65 90
65 69
65 92
65 74
65 78
65 68
65 75
65 97
65 79
65 72
65 89
0 14
0 8
0 24
0 2
0 18
0 1
0 26
0 28
0 15
0 25
0 12
0 27
0 19
0 29
0 22
0 13
0 30
0 6
0 32
0 33
0 31
0 34
0 17
0 20
0 23
0 4
0 7
0 10
93
74 73
73 72
72 71
71 91
91 15
15 0
0 52
52 93
93 76
76 77
77 78
78 79
79 80
80 81
81 82
82 83
83 84
84 85
85 86
86 87
87 88
88 89
89 90
76 75
93 46
93 53
93 59
93 47
93 50
93 54
93 58
93 51
93 92
92 40
92 38
92 31
92 20
92 36
92 27
92 43
92 33
92 18
92 24
92 19
92 30
92 41
92 45
92 34
92 17
92 37
92 21
92 25
92 29
92 32
92 39
92 44
92 26
92 16
92 22
92 35
92 42
92 28
92 23
93 60
93 49
93 55
93 57
93 48
93 56
0 10
0 3
0 14
0 11
0 7
0 1
0 8
0 13
0 61
61 62
62 63
63 64
64 65
65 66
66 67
67 68
68 69
69 70
0 9
0 5
0 6
0 2
0 4
0 12
99
73 74
74 56
56 58
58 93
93 15
15 22
22 1
1 92
92 95
95 21
21 94
94 4
4 70
70 60
60 23
23 17
17 78
78 25
25 35
35 88
88 40
40 66
66 63
63 75
75 39
39 9
9 79
79 91
91 43
43 10
10 31
31 28
28 53
53 50
50 8
8 81
81 48
48 54
54 5
5 16
16 57
57 98
98 11
11 13
13 26
26 80
80 24
24 2
2 46
46 87
87 27
27 59
59 12
12 71
71 51
51 7
7 84
84 90
90 76
76 38
38 41
41 83
83 33
33 49
49 85
85 29
29 68
68 19
19 52
52 47
47 32
32 96
96 97
97 6
6 3
3 34
34 36
36 61
61 14
14 45
45 65
65 77
77 69
69 64
77 67
67 20
20 37
37 42
42 62
62 30
30 86
86 82
82 72
30 55
30 18
37 0
0 44
36 99
32 89
99
89 78
78 5
5 38
38 96
96 27
27 25
25 66
66 9
9 84
84 23
23 30
30 90
90 45
45 77
77 34
34 70
70 56
56 81
81 99
99 52
52 20
20 82
82 62
62 2
2 12
12 35
35 65
65 13
13 51
51 67
67 93
93 43
43 79
79 49
49 68
68 98
98 22
22 48
48 28
28 29
29 69
69 39
39 88
88 40
40 0
0 75
75 85
85 92
92 32
32 3
3 26
3 83
83 72
72 19
19 15
15 73
73 63
63 57
57 95
95 8
8 74
74 76
76 10
10 14
14 18
18 4
4 1
1 59
59 87
87 91
91 24
24 58
24 60
60 21
21 33
33 71
71 64
64 54
54 17
17 47
17 86
86 42
86 53
53 55
55 41
41 7
53 6
6 46
46 61
61 44
44 50
50 37
37 36
36 11
11 31
21 94
91 97
4 16
49 80
99
53 28
28 77
77 45
45 99
99 71
71 50
50 57
57 88
88 34
34 35
35 97
97 6
6 41
41 29
29 62
62 55
55 83
83 58
58 42
42 20
20 40
40 92
92 59
59 86
86 52
52 38
38 72
72 46
46 36
36 95
95 60
60 31
31 87
87 22
22 48
48 39
39 26
26 11
11 12
12 19
19 79
79 85
85 67
67 14
14 93
14 0
0 69
69 91
91 33
33 75
75 17
17 27
27 73
73 47
47 8
8 66
66 24
24 13
13 94
94 23
23 3
3 21
21 76
76 25
25 65
65 54
65 63
63 7
7 89
89 16
16 4
4 78
78 51
51 68
68 82
82 2
2 10
10 9
9 18
9 80
80 37
37 15
15 64
64 43
43 1
64 5
5 98
98 74
74 44
44 96
96 30
98 61
98 49
49 90
37 84
84 56
82 81
81 32
51 70
99
8 7
7 78
78 9
9 10
10 79
79 12
12 13
13 80
80 14
14 15
15 16
16 17
17 18
18 19
19 20
20 82
82 21
21 22
22 83
83 23
23 24
24 25
25 26
26 27
27 84
27 28
28 85
85 30
30 29
30 31
31 86
86 32
32 33
33 34
34 87
87 35
35 36
36 37
37 38
38 88
88 39
39 40
40 41
41 42
42 89
42 43
43 44
44 45
45 90
45 46
46 47
47 48
48 49
49 92
92 51
51 52
52 53
53 93
93 54
54 55
55 94
94 57
57 58
58 59
59 95
95 60
60 61
61 62
62 63
63 96
63 64
64 65
65 97
97 66
66 67
67 98
98 68
68 69
69 70
70 71
71 72
72 99
72 73
73 0
0 75
75 74
75 1
1 76
76 3
3 2
3 4
4 5
5 6
6 77
57 56
51 50
48 91
18 81
12 11
99
31 0
0 87
87 88
88 89
89 90
90 91
91 92
92 93
93 94
94 95
95 96
96 97
97 98
98 99
99 1
1 2
2 3
3 4
4 5
5 6
6 7
7 8
8 9
9 10
10 11
11 12
12 13
13 14
14 15
15 16
16 17
17 18
18 19
19 20
20 21
21 22
22 23
23 24
24 25
25 26
26 27
27 28
28 29
29 30
87 86
86 85
85 84
84 83
83 82
82 81
81 80
80 79
79 78
78 77
77 76
76 75
75 74
74 73
73 72
72 71
71 70
70 69
69 68
68 67
67 66
66 65
65 64
64 63
63 62
62 61
61 60
60 59
59 58
58 57
57 56
56 55
55 54
54 53
53 52
52 51
51 50
50 49
49 48
48 47
47 46
46 45
45 44
44 43
43 42
42 41
41 40
40 39
39 38
38 37
37 36
36 35
35 34
34 33
33 32
99
1 73
73 80
80 85
85 34
34 47
47 7
7 30
30 79
79 17
17 18
18 96
96 97
97 78
78 98
98 4
4 52
52 32
32 26
26 38
38 46
46 29
29 22
22 68
68 53
53 21
21 76
76 69
69 2
2 0
0 57
57 93
93 70
70 91
91 90
90 64
64 20
20 41
41 60
60 37
37 13
13 6
6 54
54 3
3 19
19 59
59 66
66 40
40 15
15 87
87 86
86 16
16 5
5 49
49 74
74 11
11 39
39 61
61 31
31 55
55 67
67 62
62 14
14 42
42 99
99 44
44 72
72 10
10 83
83 43
43 25
25 45
45 92
92 94
94 9
9 75
75 58
58 35
35 36
36 63
63 84
84 82
82 27
27 24
24 88
88 50
50 51
51 77
77 23
23 33
33 95
95 71
71 56
56 12
12 28
28 89
28 8
8 48
48 81
48 65
9
9 7
7 5
5 2
2 1
7 6
6 0
6 3
3 4
7 8
21
21 4
4 2
2 9
9 7
7 17
17 5
5 12
12 10
10 19
19 20
19 6
6 3
6 11
11 15
15 1
1 16
16 0
0 13
13 14
14 8
4 18
99
52 57
57 46
46 58
58 54
54 53
53 47
47 56
56 49
49 42
42 61
61 48
48 50
50 60
60 44
44 55
55 59
59 45
45 43
43 51
51 41
41 40
40 33
33 36
36 21
21 29
29 37
37 27
27 34
34 26
26 31
31 32
32 23
23 35
35 28
28 20
20 38
38 25
25 30
30 39
39 22
22 24
20 19
19 14
14 1
1 16
16 11
11 5
5 2
2 3
3 10
10 15
15 8
8 7
7 17
17 12
12 13
13 18
18 4
4 9
9 0
0 6
61 62
62 71
71 69
69 79
79 82
82 78
78 63
63 76
76 73
73 65
65 72
72 80
80 70
70 77
77 67
67 74
74 64
64 66
66 68
68 75
75 81
82 83
83 99
99 87
87 88
88 91
91 85
85 84
84 93
93 90
90 98
98 94
94 86
86 97
97 89
89 92
92 96
96 95
90
91 78
78 90
90 77
77 89
89 76
76 65
65 54
54 44
44 35
35 43
43 34
34 42
42 51
51 41
41 32
32 40
40 49
49 59
59 71
71 60
60 50
50 61
61 73
73 62
62 74
74 86
74 63
63 52
63 53
53 64
64 75
75 87
75 88
73 85
85 72
72 84
71 83
83 70
70 58
58 47
47 38
38 30
30 22
22 16
16 11
11 7
7 12
12 18
18 25
25 19
19 26
26 20
20 14
14 10
10 15
15 21
21 27
21 28
28 36
36 45
45 55
55 66
10 6
6 3
3 1
1 2
2 4
4 8
8 13
13 9
9 5
26 33
18 24
24 17
17 23
23 31
31 39
39 48
22 29
29 37
37 46
46 57
57 69
69 82
69 81
81 68
68 56
56 67
67 79
67 80
97
40 46
46 52
52 58
58 64
64 57
57 63
63 56
56 62
62 69
69 76
76 83
83 91
91 92
92 93
93 85
85 77
77 84
77 70
85 78
78 86
86 79
79 72
72 65
65 59
59 53
53 47
47 41
41 36
36 31
31 26
26 30
30 25
25 29
29 34
34 39
39 44
44 50
39 45
45 51
25 21
21 17
17 14
14 18
18 15
15 12
12 9
9 6
6 8
8 11
6 4
4 2
2 1
1 3
3 5
5 7
7 10
10 13
13 16
16 19
19 23
23 27
27 32
32 37
37 42
42 48
48 54
54 60
60 67
67 61
61 68
68 75
75 82
82 89
89 97
97 96
96 95
95 87
87 80
80 73
73 66
80 88
88 81
81 74
95 94
97 98
98 90
61 55
55 49
49 43
43 38
38 33
33 28
28 24
24 20
18 22
30 35
78 71
23
16 12
12 15
15 19
19 20
20 23
23 24
24 13
13 17
17 14
14 18
18 22
22 21
14 10
10 6
6 2
2 3
3 8
8 11
11 7
8 4
2 1
1 5
5 9
98
69 33
33 34
34 84
84 35
35 48
48 94
94 89
89 78
78 9
9 23
23 5
5 81
81 64
64 63
63 25
25 73
73 83
83 32
32 55
55 54
54 8
8 38
38 92
92 98
98 93
93 91
91 30
30 27
27 26
26 56
56 85
85 65
65 96
96 71
71 43
43 61
61 62
62 68
68 67
67 10
10 37
37 99
99 24
24 70
70 29
29 28
28 50
50 75
75 44
44 22
22 82
82 86
86 19
19 16
16 79
79 46
46 51
51 31
31 47
47 4
4 20
20 6
6 45
45 12
12 90
90 80
80 53
53 74
74 97
97 11
11 40
40 36
36 57
57 76
76 66
66 14
14 15
15 58
58 60
60 49
49 59
59 77
77 39
39 88
88 21
21 41
41 13
13 18
18 1
1 95
95 7
7 52
52 72
72 87
72 42
42 3
3 2
2 17
80
77 61
61 57
57 41
41 14
14 54
54 47
47 55
55 23
23 26
26 6
6 60
60 30
30 32
32 52
52 7
7 17
17 25
25 73
73 46
46 66
66 56
56 74
74 50
50 40
40 43
43 42
42 72
72 63
63 33
33 28
28 78
78 38
38 22
22 4
4 24
24 34
34 16
16 13
13 3
3 75
75 59
59 62
62 35
35 53
53 44
44 76
76 80
80 71
71 67
67 64
64 70
70 20
20 11
11 12
12 39
39 45
45 5
5 37
37 21
21 48
48 51
51 69
69 68
68 36
36 18
18 10
10 15
15 31
31 1
1 19
19 27
27 9
9 81
81 79
79 49
49 65
65 29
29 2
49 58
18 8
99
87 14
14 57
57 46
46 90
90 1
1 62
62 40
40 41
41 76
76 24
24 23
23 59
59 47
47 54
54 42
42 77
77 17
17 86
86 19
19 94
94 33
33 70
70 35
35 53
53 25
25 55
55 38
38 83
83 18
18 67
67 44
44 78
78 48
48 95
95 15
15 52
52 36
36 91
91 12
12 56
56 45
45 97
97 39
39 58
58 50
50 74
74 13
13 81
81 49
49 79
79 20
20 63
63 29
29 51
51 11
11 73
73 31
31 65
65 21
21 0
0 43
43 69
69 28
28 75
75 37
37 84
84 26
26 96
96 32
32 68
68 16
16 60
60 27
27 72
72 34
34 80
80 30
30 66
66 22
22 88
22 93
22 89
22 71
22 85
22 61
22 64
22 92
22 82
0 2
0 8
0 6
0 10
0 9
0 5
0 7
0 3
0 4
1 99
1 98
99
33 11
11 30
30 88
88 72
72 40
40 74
74 65
65 95
95 10
10 57
57 83
83 50
50 51
51 91
91 60
60 21
21 59
59 52
52 81
81 76
76 4
4 89
89 75
75 34
34 35
35 87
87 20
20 3
3 9
9 46
46 63
63 36
36 44
44 79
79 66
66 42
42 67
67 56
56 47
47 37
37 71
71 68
68 64
64 54
54 43
43 96
96 45
45 32
32 28
28 19
19 53
53 82
82 2
2 5
5 8
8 55
55 1
1 97
97 92
92 12
12 78
78 18
18 84
84 94
94 77
77 16
16 48
48 41
41 38
38 24
24 23
23 0
0 22
22 7
7 49
49 62
62 31
31 14
14 86
86 29
29 15
15 39
39 61
61 73
73 6
6 26
26 80
80 85
85 99
99 27
27 25
25 90
90 69
69 98
98 13
13 93
93 17
17 70
17 58
80
54 67
67 58
58 44
44 17
17 61
61 74
74 2
2 6
6 51
51 38
38 68
68 32
32 8
8 52
52 77
77 78
78 20
20 50
50 56
56 75
75 39
39 55
55 22
22 49
49 66
66 3
3 45
45 41
41 36
36 21
21 34
34 0
0 29
29 12
12 4
4 43
43 69
69 19
19 30
30 60
60 76
76 24
24 53
53 16
16 5
5 1
1 48
48 28
28 71
71 35
35 59
59 23
23 47
47 70
70 63
63 37
37 10
10 57
57 62
62 31
31 11
11 42
42 72
72 46
46 25
25 26
26 7
7 80
80 33
33 79
79 13
13 9
9 18
18 64
64 73
73 15
15 14
14 27
27 65
9 40
64
47 32
32 53
53 34
34 49
49 33
33 44
44 36
36 25
25 19
19 28
28 26
26 31
31 39
39 29
29 41
41 27
27 22
22 35
35 54
54 37
37 48
48 38
38 60
38 46
46 30
30 24
24 16
16 20
20 15
15 21
21 14
14 8
8 9
9 13
13 10
10 6
6 3
3 5
5 4
4 7
7 12
12 18
18 17
17 11
17 23
4 2
2 1
1 0
24 40
30 45
30 43
30 42
38 59
38 51
38 62
38 57
38 58
38 52
38 55
38 50
38 61
38 56
39 63
39 64
99
76 71
71 72
72 78
78 77
77 79
79 75
75 74
74 73
79 81
81 88
88 85
85 86
86 84
84 83
83 82
82 89
89 87
89 91
91 97
97 99
99 95
95 94
94 92
92 96
96 93
93 98
99 1
1 0
0 10
10 90
90 60
60 20
20 21
21 27
27 23
23 26
26 25
25 28
28 24
24 29
29 22
29 31
31 30
30 50
50 40
40 41
41 49
49 44
44 43
43 42
42 46
46 47
47 48
48 45
49 51
51 55
55 56
56 57
57 59
59 52
52 53
53 54
54 58
59 61
61 68
68 62
62 65
65 67
67 63
63 69
69 66
66 64
41 39
39 35
35 38
38 37
37 34
34 32
32 36
36 33
40 80
80 70
21 19
19 17
17 13
13 15
15 16
16 18
18 14
14 11
11 12
11 9
9 3
3 2
2 5
5 6
6 7
7 8
8 4
39
34 26
26 28
28 7
7 20
20 33
33 22
22 21
21 14
14 12
12 15
15 5
5 32
32 13
13 27
27 23
23 6
6 2
2 4
4 19
19 1
1 29
29 18
18 10
10 38
38 31
31 25
25 3
3 40
40 35
35 9
9 37
37 17
17 30
30 39
39 24
24 16
16 11
11 36
36 8
99
69 10
10 17
17 8
8 31
31 6
6 90
90 1
1 2
2 49
49 16
16 7
7 51
51 20
20 24
24 12
12 11
11 36
36 21
21 63
63 4
4 28
28 15
15 57
57 0
0 23
23 3
3 48
48 14
14 42
42 19
19 29
29 18
18 91
91 13
13 46
46 22
22 41
41 5
5 65
65 9
9 93
9 71
9 95
9 94
9 37
9 67
9 81
9 83
9 68
9 43
9 60
9 66
9 85
9 34
9 27
9 25
9 61
9 77
9 35
9 76
9 58
9 54
9 40
9 98
9 84
9 62
9 64
9 72
9 74
9 88
9 39
9 96
9 47
9 99
9 78
9 56
9 97
9 86
9 45
9 92
9 82
9 26
9 87
9 75
9 79
9 44
9 53
9 59
9 52
9 32
9 33
9 73
9 30
9 38
9 50
9 70
9 55
9 80
9 89
99
91 96
96 68
68 75
75 63
63 48
48 66
66 4
4 57
57 59
59 55
55 24
24 8
8 65
65 5
5 3
3 33
33 60
60 37
37 18
18 10
10 89
89 32
32 81
81 54
54 21
21 69
69 15
15 28
28 34
34 27
27 53
53 44
44 40
40 88
88 67
67 71
71 46
46 41
41 31
31 39
39 26
26 19
19 22
22 9
9 52
52 6
6 13
13 25
25 51
51 50
50 45
45 78
78 72
72 80
80 99
99 2
2 7
7 1
1 0
0 64
64 29
29 14
14 74
74 83
83 98
98 97
97 93
93 36
36 49
49 94
94 73
73 79
79 76
76 12
12 61
61 38
38 85
85 35
35 92
92 58
58 47
47 11
11 56
56 70
70 86
86 23
23 95
95 16
16 30
30 42
42 17
17 87
87 62
62 90
90 82
82 43
82 20
90 84
84 77
99
85 52
52 88
88 98
98 86
86 91
91 69
69 42
42 15
15 94
94 50
50 64
64 33
33 65
65 5
5 43
43 6
6 12
12 60
60 54
54 16
16 13
13 26
26 27
27 73
73 24
24 78
78 17
17 8
8 83
83 84
84 23
23 92
92 49
49 58
58 77
77 62
62 19
19 89
89 61
61 59
59 28
28 76
76 82
82 70
70 53
53 97
97 2
2 57
57 48
48 45
45 75
75 1
1 67
67 29
29 38
38 35
35 56
56 63
63 25
25 41
41 51
51 95
95 40
40 72
72 9
9 71
71 34
34 80
80 46
46 96
96 37
37 74
74 47
47 4
4 93
93 55
55 87
87 68
68 3
3 22
22 20
20 14
14 7
7 81
81 39
39 36
36 31
31 21
21 0
0 44
44 11
0 18
18 79
0 32
32 66
66 90
66 99
99 30
37 10
99
26 69
69 16
16 44
44 11
11 21
21 55
55 52
52 30
30 68
68 13
13 56
56 61
61 72
72 89
89 74
74 46
46 82
82 5
5 2
2 63
63 80
80 48
48 96
96 17
17 50
50 0
0 92
92 99
99 3
3 36
36 9
9 8
8 79
79 57
57 12
12 51
51 15
15 86
86 29
29 49
49 18
18 20
20 77
77 65
65 58
58 47
47 32
32 54
54 71
71 91
91 76
76 24
24 84
84 37
37 31
31 42
42 43
43 70
70 40
40 95
95 7
7 94
94 6
6 33
33 78
78 93
93 88
88 64
88 53
53 34
34 60
60 35
35 73
35 66
35 28
28 22
22 85
22 23
23 59
59 45
45 10
10 19
19 62
62 81
81 27
27 14
14 25
25 4
81 38
59 39
34 75
75 90
90 67
75 97
97 87
34 98
53 83
6 1
1 41
99
9 53
53 14
14 6
6 95
95 56
56 21
21 72
72 68
68 15
15 7
7 61
61 64
64 66
66 50
50 23
23 62
62 81
81 48
48 93
93 51
51 17
17 27
27 65
65 88
88 94
94 31
31 37
37 49
49 28
28 12
12 33
33 25
25 85
85 36
36 19
19 5
5 71
71 42
42 35
35 18
18 38
38 59
59 73
73 44
44 89
89 57
57 24
24 39
39 86
86 76
76 58
58 96
96 2
2 1
1 30
30 43
43 98
98 34
34 29
29 77
77 16
16 60
60 67
67 22
22 92
92 13
13 91
91 80
80 84
91 70
70 55
55 3
3 99
99 10
10 79
79 41
79 46
46 40
40 32
32 75
75 4
4 74
74 26
26 82
82 63
82 54
54 87
87 69
69 97
69 83
83 0
0 78
83 8
87 11
87 52
82 47
47 45
3 90
70 20
96
68 71
71 72
72 73
71 1
1 62
62 65
65 67
67 66
62 59
59 61
61 60
59 56
56 58
58 57
56 53
53 55
55 54
53 50
50 47
47 48
48 49
47 44
44 46
46 45
44 41
41 43
43 42
41 38
38 39
39 40
38 35
35 32
32 29
29 31
31 30
29 26
26 28
28 27
26 23
23 24
24 25
23 20
20 17
17 18
18 19
17 14
14 16
16 15
14 11
11 12
12 13
11 8
8 9
9 10
8 5
5 7
7 6
5 2
2 4
4 3
2 95
95 97
97 96
95 92
92 94
94 93
92 89
89 91
91 90
89 86
86 88
88 87
86 83
83 84
84 85
83 80
80 81
81 82
80 77
77 74
74 75
75 76
77 79
79 78
20 22
22 21
32 34
34 33
35 36
36 37
50 51
51 52
62 63
63 64
68 70
70 69
99
22 15
15 67
67 85
85 70
70 78
78 42
42 88
88 46
46 84
84 0
0 60
60 54
54 69
69 92
92 27
27 99
99 16
16 75
75 91
91 87
87 11
11 63
63 56
56 61
61 98
98 31
31 49
49 45
45 29
29 5
5 1
1 48
48 10
10 12
12 18
18 40
40 20
20 93
93 55
55 6
6 96
96 26
26 7
7 59
59 57
57 17
17 66
66 39
39 36
36 24
24 89
89 72
72 4
4 35
35 95
95 30
30 74
74 28
28 23
23 25
25 14
14 76
76 2
2 81
81 94
94 21
21 47
47 64
64 32
32 65
65 80
80 9
9 79
79 82
82 83
83 51
51 13
13 50
50 73
73 37
37 90
90 34
34 38
38 71
71 77
77 86
86 3
3 8
8 53
53 43
43 33
33 58
58 19
19 62
62 97
97 52
62 68
68 41
58 44
62
7 40
40 1
1 18
18 62
62 41
41 60
60 33
33 47
47 27
27 39
39 45
45 22
22 30
30 35
35 16
16 55
55 38
38 6
6 57
57 13
13 25
25 49
49 21
21 12
12 54
54 9
9 11
11 48
48 17
17 46
46 26
26 44
44 31
31 59
59 56
56 34
34 52
52 51
51 8
8 58
58 10
10 53
53 37
37 24
24 42
42 43
43 19
19 23
23 14
14 3
3 36
36 28
28 32
32 20
20 29
29 4
4 61
61 0
0 5
5 2
2 50
50 15
93
7 17
17 36
36 53
53 31
31 51
51 2
2 42
42 89
89 48
48 25
25 63
63 69
69 4
4 47
47 52
52 62
62 14
14 92
92 50
50 94
50 61
61 40
40 12
12 54
14 56
47 22
22 93
93 70
70 29
22 76
76 97
97 57
57 38
38 23
23 24
24 30
30 33
33 68
68 82
82 27
27 5
5 45
27 74
74 39
39 44
44 67
67 11
11 26
26 83
83 43
43 81
81 3
81 35
83 66
66 72
72 59
59 41
41 73
73 85
85 32
32 55
76 10
10 46
46 98
98 77
77 37
37 34
34 20
20 88
88 13
13 6
6 9
9 65
65 91
91 71
71 49
49 21
21 18
18 1
1 16
16 75
75 79
79 84
84 87
87 8
8 60
60 99
99 78
8 19
19 80
80 15
15 95
4 64
99
64 23
23 69
69 85
85 18
18 43
43 93
93 10
10 90
90 13
13 89
89 65
65 57
57 56
56 15
15 45
45 20
20 25
25 4
4 83
83 3
3 51
51 88
88 42
42 80
80 76
76 67
67 91
91 98
98 12
12 72
72 33
33 11
11 81
81 37
37 97
97 84
84 58
58 24
58 47
47 74
74 26
26 6
6 52
52 92
92 14
14 50
50 19
19 9
9 61
61 82
82 17
17 54
54 77
77 46
46 94
94 29
29 49
49 36
36 16
16 22
22 86
86 96
96 39
39 2
22 38
38 40
40 0
0 35
35 87
87 63
63 79
79 30
30 41
41 73
73 66
30 32
19 99
99 31
31 60
60 78
78 95
72 68
68 53
53 71
71 48
48 44
44 7
7 8
8 5
5 62
62 55
55 59
59 34
34 1
1 27
27 75
75 70
27 28
62 21
92
25 28
28 40
40 42
42 27
40 39
39 45
45 43
43 29
28 24
24 81
81 80
80 23
23 85
23 89
23 84
23 87
23 86
23 90
23 88
24 47
47 19
47 48
47 1
47 52
47 46
47 18
47 53
47 17
24 35
35 33
33 77
77 82
82 83
83 75
75 74
77 73
73 76
76 34
24 68
68 8
8 58
8 60
60 7
7 67
67 6
6 11
11 10
24 91
91 38
91 36
91 41
91 93
91 79
91 37
91 26
91 92
24 69
69 4
69 16
69 72
69 56
69 55
69 5
69 70
69 71
24 51
51 21
51 50
51 49
51 54
51 20
51 22
51 3
51 2
24 78
78 15
78 12
78 14
78 30
78 44
78 32
78 31
78 13
24 64
64 62
62 66
66 61
61 9
9 59
59 57
64 65
65 63
99
51 80
80 38
38 36
36 44
44 94
94 22
22 88
88 47
47 86
86 98
98 83
83 87
87 0
0 10
10 67
67 28
28 79
79 70
70 2
2 35
35 60
60 65
65 52
52 3
3 96
96 1
1 9
9 74
74 77
77 27
27 32
32 15
15 66
66 50
50 39
39 11
11 75
75 20
20 78
78 40
40 91
91 45
45 7
7 93
93 99
99 29
29 90
90 16
16 23
23 26
26 4
4 8
8 64
64 37
37 57
57 48
48 46
46 68
68 58
58 53
53 61
61 14
14 24
24 30
30 54
54 63
63 13
13 6
6 43
43 69
69 85
85 12
12 34
34 95
95 18
18 41
41 19
19 31
31 42
42 89
89 21
21 33
33 81
81 17
17 71
71 59
59 56
59 62
62 5
5 76
76 72
76 97
97 82
82 84
97 49
49 55
55 25
25 92
33 73
98
87 84
84 88
88 86
86 89
89 82
82 81
81 85
81 83
81 95
95 96
96 93
93 97
93 90
90 91
91 98
98 92
90 94
86 72
72 76
76 77
77 80
80 74
80 73
77 78
78 75
75 79
77 63
63 66
66 70
70 68
68 69
68 54
54 57
57 60
60 59
59 58
59 61
59 62
62 56
62 55
59 45
45 48
48 51
51 50
50 36
36 39
39 43
43 41
41 27
27 29
29 35
35 28
35 32
32 33
33 30
30 34
32 31
32 18
18 21
21 25
25 23
23 22
23 24
23 26
26 20
26 19
23 9
9 13
13 14
14 0
0 3
3 6
6 5
5 8
8 2
8 1
5 7
5 4
14 17
17 10
17 11
14 16
16 12
12 15
41 44
44 38
44 37
41 40
41 42
50 49
50 53
53 47
53 46
50 52
68 67
68 71
71 64
71 65
99
49 47
47 80
80 14
14 39
39 84
84 73
73 10
10 13
13 69
69 85
85 67
67 2
2 70
70 40
40 20
20 48
48 5
5 75
75 76
76 78
78 0
0 31
31 55
55 37
37 32
32 38
38 92
92 90
90 72
72 89
89 21
21 28
28 35
35 63
63 96
96 66
66 7
7 24
24 50
50 91
91 23
23 22
22 29
29 34
34 6
6 88
88 77
77 51
51 79
79 68
68 26
26 87
87 41
41 93
93 83
83 9
9 64
64 27
27 59
59 97
97 16
16 62
62 86
86 43
43 94
94 95
95 82
82 30
30 15
15 36
36 54
54 74
74 61
61 99
99 65
65 98
98 58
58 53
53 81
81 57
57 42
42 18
18 52
52 17
17 11
11 12
12 4
4 45
45 3
3 44
44 1
1 19
19 71
71 46
46 8
8 56
56 60
60 25
25 33
39
28 18
18 37
37 8
8 2
2 3
3 23
23 38
38 32
32 26
26 36
36 9
9 11
11 34
34 30
30 5
5 19
19 24
24 6
6 7
7 22
22 16
16 33
33 12
12 21
21 29
29 31
31 35
35 10
10 4
4 14
14 1
1 13
13 0
0 39
39 25
25 17
25 15
15 20
20 27
99
39 41
41 43
43 45
45 47
47 49
49 51
51 53
53 55
55 54
54 56
56 57
57 59
59 61
61 63
63 62
62 64
64 65
65 67
67 69
69 71
71 73
73 75
75 74
74 72
72 70
70 68
68 66
74 76
76 78
78 80
80 82
82 84
84 85
85 87
87 86
86 88
88 90
90 92
92 93
93 95
95 97
97 99
99 1
1 3
3 2
2 0
0 98
98 96
96 94
3 4
4 6
6 8
8 10
10 11
11 13
13 15
15 14
14 12
14 16
16 17
17 19
19 21
21 20
20 18
20 22
22 23
23 25
25 27
27 29
29 31
31 30
30 32
32 34
34 35
35 37
37 36
36 38
38 40
40 42
42 44
44 46
46 48
48 50
50 52
35 33
30 28
28 26
26 24
11 9
9 7
7 5
93 91
91 89
85 83
83 81
81 79
79 77
62 60
60 58
99
14 46
46 89
89 86
86 90
90 51
51 36
36 26
26 41
41 57
57 16
16 61
61 83
83 50
50 97
97 25
25 81
81 15
15 85
85 6
6 23
23 72
72 77
77 18
18 64
64 99
99 70
70 71
71 13
13 54
54 79
79 62
62 68
68 4
4 7
7 30
30 2
2 19
19 92
92 8
8 98
98 43
43 1
1 39
39 60
60 48
48 24
24 42
42 91
91 22
22 95
95 44
44 0
0 11
11 87
87 21
21 9
9 29
29 12
12 3
3 37
37 88
88 33
33 58
58 34
34 53
53 31
31 5
5 27
27 52
52 94
94 10
10 73
73 74
74 38
38 67
67 20
20 82
82 75
75 47
47 17
17 84
84 59
59 69
69 80
80 45
45 66
66 56
56 35
35 55
55 63
63 32
32 78
78 96
96 76
78 28
28 65
28 49
49 93
56 40
99
1 0
0 35
35 34
1 36
36 37
1 2
2 38
38 39
2 3
3 4
4 42
42 43
4 5
5 44
44 45
5 6
6 47
47 46
6 7
7 8
8 50
50 51
8 9
9 52
52 53
9 10
10 11
11 57
57 56
11 12
12 58
58 59
12 13
13 14
14 63
63 62
14 15
15 65
65 64
15 16
16 17
17 68
68 69
17 18
18 19
19 72
72 73
19 20
20 21
21 76
76 77
21 22
22 23
23 24
24 25
25 85
85 84
25 26
26 27
27 28
28 91
91 90
28 29
29 92
92 93
29 30
30 94
94 95
30 31
31 96
96 97
31 32
32 99
99 98
32 33
27 89
89 88
26 86
86 87
24 83
83 82
23 81
81 80
22 78
78 79
20 74
74 75
18 70
70 71
16 66
66 67
13 60
60 61
10 54
54 55
7 48
48 49
3 41
41 40
99
22 77
77 80
80 23
23 34
34 42
42 28
28 99
99 62
62 74
74 9
9 4
4 82
82 38
38 68
68 53
53 54
54 10
10 31
31 51
51 33
33 11
11 52
52 49
49 50
50 19
19 81
81 24
24 90
90 41
41 45
45 94
94 27
27 25
25 65
65 44
44 39
39 26
26 69
69 72
72 97
97 3
3 86
86 0
0 29
29 70
70 2
2 76
76 89
89 13
13 56
56 12
12 30
30 36
36 8
8 88
88 37
37 63
63 96
96 47
47 6
6 87
87 40
40 83
83 61
61 98
98 85
85 20
20 73
73 32
32 93
93 79
79 1
1 7
7 59
59 66
66 15
15 46
46 58
58 21
21 71
71 48
48 84
84 43
43 16
16 95
95 5
5 75
75 92
92 64
64 14
14 91
91 57
57 17
17 18
18 67
67 55
55 35
55 60
67 78
80
7 54
54 45
45 24
24 4
4 53
53 61
61 59
59 1
1 28
28 41
41 68
68 31
31 78
78 60
60 56
56 63
63 16
16 9
9 69
69 2
2 48
48 43
43 19
19 73
73 17
17 42
42 33
33 8
8 52
52 71
71 14
14 12
12 37
37 44
44 79
79 22
22 77
77 55
55 35
35 50
50 64
64 47
47 76
76 75
75 32
32 74
74 0
0 70
70 67
67 30
30 38
38 26
26 10
10 25
25 6
6 15
15 27
27 65
65 18
18 46
46 5
5 51
51 34
51 58
51 49
51 21
51 3
51 72
51 20
51 62
51 40
51 66
46 23
46 39
46 29
46 57
65 11
65 13
65 36
15 80
98
45 27
27 62
62 72
72 4
4 8
8 92
4 46
46 20
4 54
54 32
4 68
68 15
4 66
66 85
4 94
94 78
4 22
22 73
4 87
87 56
4 38
38 77
4 70
70 96
4 30
30 91
4 84
84 75
4 69
69 37
4 7
7 59
4 71
71 58
4 39
39 74
4 31
31 29
4 34
34 88
4 36
36 65
4 67
4 19
19 25
4 0
0 11
4 97
97 89
4 41
41 12
4 82
82 52
4 60
60 28
4 64
64 81
4 99
99 23
4 93
93 2
4 57
57 80
4 3
3 79
4 98
98 5
4 63
63 50
4 35
35 44
4 10
10 18
4 90
90 48
4 17
17 53
4 21
21 26
4 42
42 9
4 14
14 95
4 76
76 6
4 16
16 83
4 51
51 33
4 55
55 47
4 49
49 86
4 61
4 24
24 13
4 43
43 1
98
7 49
49 44
44 86
86 53
53 92
92 99
99 96
92 27
27 56
92 70
70 87
92 67
67 8
92 57
57 64
92 30
30 19
92 73
73 76
92 18
18 90
92 85
85 22
92 48
48 72
92 54
54 33
92 91
91 31
92 88
88 34
92 63
63 62
92 82
82 58
92 97
97 16
92 39
39 61
92 83
83 84
92 2
2 42
92 41
41 77
92 40
40 55
92 46
46 5
92 32
32 28
92 74
74 6
92 65
65 94
92 60
60 45
92 68
68 89
92 69
69 17
92 9
9 95
92 71
71 29
92 23
23 26
92 43
43 52
92 50
50 4
92 15
92 21
21 13
92 24
24 66
92 79
79 98
92 80
80 59
92 47
47 93
92 10
10 81
92 75
75 78
92 11
11 20
92 14
14 36
92 3
3 0
92 25
25 37
92 35
35 12
92 51
51 38
38
27 26
26 28
28 32
32 36
36 8
8 10
10 19
19 20
20 18
18 16
16 15
15 21
21 22
22 12
12 9
9 11
11 35
35 13
13 2
2 4
4 6
6 7
6 5
5 3
3 31
31 30
30 29
29 24
24 23
24 25
29 33
33 37
37 34
37 38
38 17
17 39
39 1
13 14
67
28 43
43 22
22 60
60 62
62 61
61 3
3 2
2 9
9 10
10 1
1 68
68 67
67 65
65 63
63 64
65 66
66 50
50 47
47 46
46 45
45 44
44 42
42 41
41 38
38 39
39 35
35 34
34 33
33 32
32 31
31 30
30 29
30 36
36 37
33 55
55 51
51 53
51 52
51 54
54 59
59 58
59 57
59 56
55 25
25 26
26 21
21 20
20 19
19 18
18 14
14 13
13 11
11 15
15 16
16 17
11 6
6 7
7 4
4 5
7 8
13 12
26 27
26 23
23 24
41 40
44 49
49 48
99
66 76
76 77
77 78
78 68
68 67
67 57
57 56
56 46
46 47
47 48
48 58
58 59
59 69
69 79
79 89
89 99
99 98
98 88
88 87
87 97
97 96
96 95
95 85
85 75
75 74
74 84
84 94
94 93
93 92
92 91
91 90
90 80
80 70
70 60
60 61
61 62
62 72
72 82
82 83
83 73
73 63
63 64
64 54
54 44
44 34
34 33
33 43
43 42
42 32
32 22
22 12
12 11
11 10
10 0
0 1
1 2
2 3
3 4
4 14
14 13
13 23
23 24
24 25
25 26
26 27
27 28
28 29
29 39
39 49
39 38
38 37
37 36
36 35
35 45
45 55
55 65
29 19
19 9
9 8
8 18
18 17
17 7
7 6
6 5
5 15
15 16
10 20
20 30
30 40
40 41
41 31
31 21
41 51
51 50
51 52
52 53
82 81
81 71
85 86
99
11 35
35 60
60 43
43 93
93 57
57 21
21 92
92 28
28 14
14 99
99 91
91 84
84 72
72 79
79 7
7 76
76 17
17 52
52 24
24 50
50 34
34 22
22 49
49 53
53 51
51 89
89 31
31 32
32 44
44 75
75 56
56 38
38 66
66 48
48 78
78 45
45 26
26 90
90 46
46 36
36 47
47 86
86 65
65 16
16 1
1 19
19 96
96 83
83 37
37 69
69 74
74 80
80 8
8 87
87 40
40 18
18 33
33 12
12 77
77 94
94 42
42 58
58 20
20 55
55 68
68 97
97 61
61 73
73 10
10 41
41 62
62 59
59 71
71 23
23 2
2 27
27 64
64 67
67 98
98 54
54 25
25 88
88 81
81 29
29 15
15 85
85 13
13 70
70 63
63 6
6 0
0 9
9 95
95 39
39 82
39 3
3 30
0 4
0 5
99
95 10
10 49
49 77
77 81
81 23
23 13
13 43
43 16
16 69
69 27
27 35
35 18
18 82
82 60
60 38
38 39
39 41
41 51
51 47
47 24
24 91
91 32
32 14
14 75
75 92
92 19
19 22
22 68
68 99
99 98
98 36
36 29
29 25
25 62
62 34
34 93
93 66
66 63
63 87
87 21
21 57
57 55
55 72
72 45
45 80
80 71
71 96
96 59
59 83
83 8
8 89
89 33
33 85
85 40
40 15
15 37
37 56
56 54
54 73
73 20
20 67
67 31
31 30
30 44
44 78
78 7
7 0
0 2
2 28
28 11
11 79
79 12
12 58
58 90
90 64
64 6
6 65
65 84
84 50
50 70
70 86
86 97
97 9
9 94
94 53
53 76
76 26
26 48
48 52
52 17
17 74
74 88
88 46
46 4
4 42
17 1
52 5
26 61
0 3
99
3 4
4 5
5 6
6 7
7 8
8 9
9 10
10 11
11 12
12 13
13 14
14 15
15 16
16 17
17 18
18 19
19 20
20 21
21 22
22 23
23 24
24 25
25 26
26 27
27 28
28 29
29 30
30 31
31 32
32 33
33 34
34 35
35 36
36 37
37 38
38 39
39 40
40 41
41 42
42 43
43 44
44 45
45 46
46 47
47 48
48 49
49 50
50 51
51 52
52 53
53 54
54 55
55 56
56 57
57 58
58 59
59 60
60 61
61 62
62 63
63 64
64 65
65 66
66 67
67 68
68 69
69 70
70 71
71 72
72 73
73 74
74 75
75 76
76 77
77 78
78 79
79 80
80 81
81 82
82 83
83 84
84 85
85 86
86 87
87 88
88 89
89 90
90 91
91 92
92 93
93 94
94 95
95 96
96 97
97 98
98 99
3 2
2 1
1 0
91
64 20
20 19
19 18
18 17
17 16
16 15
15 62
62 63
63 75
75 49
49 58
58 71
71 53
53 68
68 80
80 55
55 87
87 79
79 78
78 31
31 32
32 33
33 34
34 35
35 36
36 37
37 38
38 83
83 61
61 82
82 84
84 69
69 90
90 89
89 88
88 44
44 43
43 42
42 41
41 40
40 39
42 85
85 86
86 91
91 77
77 73
73 66
66 56
56 4
4 3
3 2
2 1
1 0
0 50
50 51
51 59
59 57
57 7
7 6
6 5
7 8
8 9
9 10
10 11
11 12
12 13
13 60
13 14
57 65
1 52
3 54
66 21
21 22
22 23
23 24
24 70
24 25
25 26
26 27
27 72
27 28
28 29
29 30
30 76
28 74
22 67
91 46
46 47
47 48
46 45
82 81
98
72 82
82 70
70 59
59 69
69 79
79 78
78 58
58 68
78 99
99 90
90 91
91 81
81 80
80 89
89 88
88 18
18 22
22 16
16 20
20 14
14 10
10 44
44 45
45 39
39 46
46 53
53 47
47 40
40 26
26 33
33 27
27 28
28 34
34 41
41 49
49 42
42 35
35 29
42 43
43 51
51 50
50 55
55 54
55 57
55 64
64 74
74 84
84 95
95 86
86 96
96 87
87 77
77 66
66 67
67 76
76 65
65 85
85 75
85 94
94 63
94 83
83 92
83 93
83 73
73 62
62 8
8 4
4 9
9 5
5 6
6 7
6 36
36 1
1 3
3 2
62 61
61 60
60 71
55 48
49 56
56 13
13 12
12 17
17 11
11 15
15 19
19 21
34 25
25 30
30 23
23 24
24 31
31 38
38 37
25 32
45 52
88 97
97 98
98
31 49
49 28
28 79
79 42
42 54
54 17
17 73
73 45
45 87
87 6
6 96
96 41
41 57
57 8
8 69
69 15
15 91
91 24
24 89
89 35
35 65
65 29
29 56
56 36
36 74
74 23
23 58
58 27
27 53
53 9
9 78
78 7
7 77
77 12
12 68
68 25
25 72
72 48
48 94
94 13
13 83
83 2
2 75
75 3
3 76
76 11
11 88
88 44
44 85
85 4
4 63
63 1
1 62
62 40
40 55
55 46
46 71
71 16
16 64
64 20
20 61
61 26
26 70
70 39
39 59
59 38
38 60
60 34
34 84
84 33
33 51
51 0
0 90
90 21
21 81
81 14
14 93
93 37
37 80
80 10
10 82
82 32
32 97
97 22
22 66
66 30
30 52
52 5
5 95
95 19
19 92
92 43
43 67
67 47
47 86
86 18
18 98
18 50
95
62 17
17 57
57 86
86 2
2 85
85 14
14 93
93 32
32 53
53 73
73 34
34 21
21 33
33 13
13 87
87 25
25 81
81 26
26 10
10 54
54 83
83 8
8 56
56 5
5 92
92 65
65 24
24 7
7 37
37 59
59 15
15 40
40 3
3 29
29 52
52 76
76 43
43 64
64 44
44 82
82 47
47 67
67 46
46 94
94 63
63 39
39 23
23 84
84 70
70 35
35 55
55 18
18 72
72 22
22 78
78 51
51 88
88 71
71 4
4 60
60 38
38 58
58 11
11 36
36 48
48 16
16 41
41 80
80 68
68 77
77 19
19 79
79 0
0 66
66 95
95 61
61 31
31 74
74 28
28 9
9 90
90 12
12 75
75 30
30 6
6 27
27 91
91 49
91 42
42 1
42 20
20 45
45 50
50 89
89 69
94
77 66
66 53
53 20
20 78
78 24
24 54
54 74
74 88
88 6
6 85
85 61
61 34
34 60
60 25
25 68
68 3
3 46
46 30
30 93
93 49
49 21
21 59
59 38
38 5
5 56
56 87
87 29
29 0
0 57
57 1
1 69
69 2
2 31
31 91
91 72
72 27
27 16
16 55
55 9
9 33
33 94
94 36
36 44
44 26
26 89
89 32
32 50
50 83
83 73
73 81
81 14
14 92
92 45
45 76
76 7
7 22
22 79
79 75
75 52
52 82
82 67
67 19
19 8
8 35
35 11
11 28
28 17
17 84
84 40
40 64
64 80
80 70
70 23
23 42
42 12
12 51
51 63
63 13
13 71
71 86
86 37
37 18
18 43
43 58
58 15
15 41
41 65
65 4
4 90
90 39
39 62
62 47
47 10
10 48
99
60 37
37 8
8 3
3 17
17 18
18 27
27 53
53 77
77 44
44 62
62 63
63 25
25 87
87 45
45 57
57 14
14 72
72 7
7 61
61 43
43 5
5 42
42 19
19 79
79 73
73 23
23 32
32 56
56 12
12 85
85 64
64 66
66 92
92 80
80 38
38 6
6 26
26 98
98 0
0 10
10 1
1 99
99 20
20 22
22 46
46 88
88 11
11 39
39 67
67 29
29 34
34 4
4 78
78 31
31 75
75 83
83 47
47 90
90 35
35 58
58 81
81 70
70 59
59 96
96 71
71 89
89 95
95 36
36 51
51 16
16 93
93 65
65 15
15 91
91 74
74 76
76 68
68 40
40 69
69 97
97 49
49 84
84 55
55 9
9 50
50 28
28 86
86 21
21 94
94 48
48 2
2 82
82 52
52 30
30 54
54 33
54 24
30 13
2 41
99
19 4
4 97
97 81
81 84
84 23
23 53
53 72
72 69
69 96
96 49
49 80
80 36
36 16
16 38
38 61
61 99
99 57
57 94
94 54
54 55
55 20
20 0
0 13
13 28
28 51
51 56
56 82
82 7
7 71
71 48
48 43
43 9
9 33
33 62
62 65
65 30
30 12
12 24
24 5
5 68
68 47
47 2
2 14
14 88
88 52
52 89
89 18
18 98
98 70
70 59
59 1
1 92
92 22
22 67
67 25
25 83
83 86
86 75
75 40
40 37
37 73
73 90
90 3
3 78
78 6
6 93
93 64
64 10
10 50
50 76
76 77
77 26
26 66
66 95
95 74
74 32
32 46
46 91
91 31
31 21
21 45
45 79
79 63
63 34
34 60
60 15
15 42
42 27
27 44
44 8
8 39
39 41
41 58
58 11
11 35
35 85
85 17
17 29
29 87
99
64 87
87 66
66 34
34 28
28 49
49 12
12 36
36 0
0 45
45 16
16 89
89 72
72 40
40 20
20 51
51 98
98 86
86 67
67 75
75 50
50 59
59 57
57 78
78 24
24 83
83 56
56 68
68 23
23 9
9 33
33 76
76 63
63 93
93 38
38 37
37 35
35 15
15 46
46 65
65 82
82 77
77 58
58 18
18 96
96 31
31 54
54 14
14 60
60 61
61 10
10 79
79 52
52 92
92 95
95 41
41 80
80 91
91 2
2 6
6 3
3 42
42 99
99 94
94 17
17 39
39 97
97 48
48 69
69 73
73 70
70 1
1 4
4 85
85 21
21 7
7 32
32 88
88 5
5 71
71 84
84 44
44 30
30 53
53 81
81 29
29 26
29 19
19 62
62 27
27 90
90 22
22 43
43 25
25 55
25 74
74 47
22 11
11 13
27 8
35
81 82
82 80
80 70
70 60
60 50
50 53
53 61
61 62
50 51
51 52
51 43
43 40
40 41
41 33
33 30
30 31
31 23
23 20
20 21
21 22
21 13
13 10
10 11
11 12
31 32
41 42
60 63
63 71
71 72
70 73
80 83
83 91
91 92
92 90
90 93
5
1 4
4 3
3 5
3 2
1 0
99
54 55
55 56
56 57
57 58
58 59
59 60
60 61
61 62
62 63
63 64
64 65
65 66
66 0
0 67
67 68
68 69
69 70
70 71
71 72
72 73
73 74
74 75
75 76
76 77
77 78
78 79
79 80
80 81
81 82
82 83
83 84
84 85
85 86
86 87
87 88
88 89
89 90
90 91
91 92
92 93
93 94
94 95
95 96
96 97
97 98
98 99
0 1
1 2
2 3
3 4
4 5
5 6
6 7
7 8
8 9
9 10
10 11
11 12
12 13
13 14
14 15
15 16
16 17
17 18
18 19
19 20
20 21
21 22
22 23
23 24
24 25
25 26
26 27
27 28
28 29
29 30
30 31
31 32
32 33
0 34
34 35
35 36
36 37
37 38
38 39
39 40
40 41
41 42
42 43
43 44
44 45
45 46
46 47
47 48
48 49
49 50
50 51
51 52
52 53
99
91 97
97 86
86 82
82 81
81 96
96 98
98 87
87 89
89 95
95 83
83 93
93 94
94 90
90 84
84 80
80 79
79 71
71 74
74 69
69 65
65 66
66 76
76 70
70 61
61 75
75 60
60 62
62 78
78 72
72 64
64 63
63 73
73 68
68 67
67 77
60 59
59 56
56 57
57 58
58 47
47 42
42 46
46 51
51 41
41 48
48 54
54 44
44 50
50 45
45 49
49 40
40 39
39 24
24 27
27 32
32 26
26 21
21 33
33 29
29 22
22 38
38 30
30 37
37 31
31 36
36 23
23 35
35 28
28 20
20 34
34 25
20 19
19 9
9 13
13 12
12 4
4 16
16 11
11 6
6 14
14 5
5 3
3 1
1 17
17 18
18 10
10 8
8 15
15 2
2 7
7 0
0 99
99 88
88 92
92 85
40 52
52 43
43 53
53 55
43
2 14
14 21
21 28
28 19
19 4
4 43
43 6
6 3
3 1
1 11
11 25
25 8
8 22
22 23
23 10
10 27
27 33
33 35
35 17
17 38
38 9
9 5
5 26
26 30
30 7
7 37
37 12
12 34
34 18
18 40
40 13
13 41
41 39
39 24
24 29
29 15
15 42
42 36
36 44
44 16
16 31
31 20
20 32
98
19 17
17 16
16 14
14 15
15 13
13 12
12 11
11 10
10 9
9 8
8 7
7 6
6 5
5 3
3 1
3 4
3 2
16 18
18 20
20 21
21 22
22 23
23 24
24 25
25 26
26 27
27 29
29 30
30 31
31 32
32 34
34 33
33 35
35 37
37 36
36 38
38 39
39 41
41 42
42 43
43 45
45 47
47 48
48 49
49 50
50 51
51 52
52 53
53 54
54 55
55 56
56 58
58 59
59 61
61 60
60 62
62 63
63 64
64 65
65 66
66 68
68 70
70 71
71 69
69 67
71 72
72 73
73 74
74 75
75 77
77 76
76 78
78 79
79 81
81 82
82 84
84 85
85 86
86 87
87 88
88 90
90 91
91 93
93 94
94 95
95 96
96 97
97 98
97 99
94 92
91 89
85 83
82 80
59 57
48 46
46 44
42 40
30 28
99
85 89
89 9
9 4
4 19
19 15
15 35
35 55
55 56
56 51
51 31
31 32
32 37
37 22
22 21
21 36
36 16
16 11
11 12
12 92
92 72
72 52
52 57
57 42
42 41
41 46
46 45
45 65
65 60
60 80
80 95
95 75
75 76
76 96
96 81
81 61
61 62
62 63
63 83
83 82
82 2
2 7
7 87
87 86
86 91
91 90
90 10
10 30
30 25
25 20
20 0
0 5
5 6
6 26
26 27
27 28
28 8
8 13
13 33
33 34
34 29
29 49
49 69
69 74
74 94
94 14
94 99
99 84
84 64
64 79
79 78
78 77
77 97
97 98
98 18
18 38
38 58
58 43
43 44
44 40
44 59
59 39
39 24
24 23
23 3
59 54
54 53
53 73
73 93
93 88
88 68
68 48
48 47
47 67
67 66
66 71
71 70
70 50
18 17
6 1
62
12 30
30 61
61 2
2 49
49 44
44 39
39 15
15 45
45 22
22 43
43 38
38 7
7 6
6 24
24 47
47 33
33 41
41 14
14 18
18 29
29 56
56 25
25 34
34 55
55 0
0 50
50 11
11 5
5 27
27 13
13 36
36 57
57 19
19 52
52 28
28 40
40 48
48 4
4 10
10 23
23 26
26 17
17 16
16 53
53 32
32 31
31 42
42 37
37 9
9 58
58 3
3 54
54 8
8 35
35 60
60 46
46 62
62 51
51 59
59 21
21 20
20 1
99
90 93
93 96
96 99
96 97
97 94
94 91
91 88
88 87
87 84
84 85
85 82
82 79
79 76
76 73
73 72
72 75
75 77
77 74
74 71
71 68
68 66
66 63
63 60
60 62
62 65
62 59
59 56
56 54
54 55
55 58
58 57
58 61
61 64
64 67
67 70
70 69
55 52
52 51
51 48
48 49
49 46
46 43
43 40
40 39
39 41
41 38
38 36
36 37
37 34
34 31
31 30
30 32
32 29
29 26
26 23
23 20
20 17
17 15
15 16
16 19
19 22
22 21
21 18
21 24
24 27
27 28
28 25
16 13
13 12
12 14
14 11
11 8
8 6
6 3
3 4
4 7
7 10
10 9
4 1
1 0
0 2
2 5
32 35
35 33
41 44
44 42
42 45
45 47
47 50
50 53
77 80
80 78
78 81
81 83
83 86
86 89
89 92
92 95
95 98
