1
137
0 97
1 52
37 50
0 33
1 66
1 77
19 50
1 89
0 82
2 99
50 53
50 67
1 21
27 50
3 73
0 72
0 78
1 88
2 81
0 64
0 1
4 29
1 25
1 49
1 93
42 50
50 98
4 68
1 92
50 91
0 26
0 38
50 97
50 92
0 40
0 34
0 18
6 11
3 46
1 48
0 95
0 44
34 50
1 17
1 83
24 50
0 47
45 50
50 99
2 60
50 56
0 45
5 42
2 35
1 24
0 43
7 12
50 77
5 91
0 87
0 37
2 41
1 27
0 84
1 53
16 50
0 79
0 54
1 59
6 39
1 62
0 13
25 50
4 57
0 4
50 62
14 50
0 71
1 98
1 75
1 31
26 50
2 15
0 14
31 50
1 96
1 74
50 70
0 76
1 30
1 28
1 9
50 68
3 32
11 50
50 64
50 71
1 3
0 51
44 50
0 19
2 52
1 36
0 55
0 94
23 50
50 79
35 50
7 70
28 50
0 90
0 23
2 16
20 50
0 56
1 85
3 20
1 6
50 83
0 69
0 7
3 86
50 51
50 60
3 8
1 22
0 67
18 50
0 61
50 55
48 50
1 10
3 5
0 58
3 80
3 65
4 63
