1
99
24 83
24 82
77 89
96 2
2 4
2 9
70 80
77 85
58 96
70 48
21 68
21 64
2 53
86 84
8 49
70 44
96 46
96 47
2 35
77 97
77 99
85 81
49 66
52 26
21 52
55 5
21 57
21 56
21 54
86 93
73 30
47 61
47 65
21 40
58 78
49 18
70 38
2 15
28 3
27 75
96 60
96 63
24 72
24 73
24 71
24 77
58 91
77 74
8 76
2 69
8 19
8 17
96 13
70 43
55 16
49 39
58 51
29 32
29 34
86 42
86 41
24 50
24 55
24 58
8 23
8 20
77 59
21 11
49 29
96 92
85 87
62 90
62 14
62 10
52 67
52 62
77 94
58 0
73 79
58 33
96 45
58 36
77 22
21 88
8 7
8 6
52 12
70 98
58 21
52 86
58 27
49 1
58 28
70 95
86 31
21 70
24 8
8 37
85 25
