1
99
17 35
35 69
69 21
21 30
30 39
39 65
65 78
78 66
66 87
87 22
22 89
89 80
80 90
90 43
43 6
6 8
8 54
54 86
86 63
63 99
99 88
88 11
11 15
15 34
34 91
91 57
57 97
97 74
74 2
2 96
96 71
71 50
50 45
45 29
29 61
61 40
40 25
25 59
59 18
18 77
77 60
60 70
70 56
56 75
75 37
37 49
49 95
95 58
58 23
23 26
26 52
52 46
46 33
33 14
14 81
81 76
76 93
93 36
36 85
85 1
1 83
83 47
47 0
0 13
13 82
82 38
38 20
20 3
3 51
51 19
19 4
4 16
16 55
55 5
5 10
10 94
94 28
28 44
44 98
98 27
27 64
64 48
48 79
79 24
24 73
73 84
84 72
72 53
53 31
31 42
42 7
7 12
12 92
92 67
67 68
68 62
62 32
32 9
9 41
