1
99
81 18
18 59
59 0
0 20
20 19
19 34
34 22
22 15
15 21
21 4
4 66
66 13
13 63
63 9
9 40
40 11
11 47
47 12
12 26
26 2
2 58
58 5
5 88
88 1
1 84
84 7
7 67
67 10
10 49
49 17
17 46
46 8
8 61
61 14
14 51
51 16
16 70
70 6
6 30
30 3
3 75
3 41
3 73
3 42
3 27
3 25
3 94
3 62
3 28
3 72
3 89
3 60
3 38
3 98
3 48
3 85
3 65
3 90
3 74
3 37
3 99
3 78
3 95
3 54
3 24
3 31
3 52
3 79
3 91
3 83
3 82
3 53
3 71
3 55
3 39
3 86
3 35
3 56
3 80
3 43
3 32
3 87
3 92
3 97
3 23
3 57
3 29
3 69
3 93
3 64
3 33
3 76
3 36
3 68
3 96
3 50
3 77
3 45
3 44
